{"/Users/dominicjarmann/Documents/development/nails/src/directiveDefinitions.ts": {"path":"/Users/dominicjarmann/Documents/development/nails/src/directiveDefinitions.ts","statementMap":{"0":{"start":{"line":3,"column":0},"end":{"line":3,"column":49}},"1":{"start":{"line":4,"column":0},"end":{"line":4,"column":64}},"2":{"start":{"line":5,"column":0},"end":{"line":5,"column":55}},"3":{"start":{"line":10,"column":4},"end":{"line":10,"column":63}},"4":{"start":{"line":34,"column":28},"end":{"line":34,"column":92}},"5":{"start":{"line":36,"column":4},"end":{"line":38,"column":null}},"6":{"start":{"line":37,"column":6},"end":{"line":37,"column":33}},"7":{"start":{"line":39,"column":21},"end":{"line":49,"column":5}},"8":{"start":{"line":40,"column":23},"end":{"line":40,"column":86}},"9":{"start":{"line":42,"column":6},"end":{"line":46,"column":null}},"10":{"start":{"line":44,"column":8},"end":{"line":44,"column":53}},"11":{"start":{"line":45,"column":8},"end":{"line":45,"column":15}},"12":{"start":{"line":48,"column":6},"end":{"line":48,"column":41}},"13":{"start":{"line":50,"column":4},"end":{"line":50,"column":31}},"14":{"start":{"line":53,"column":21},"end":{"line":56,"column":5}},"15":{"start":{"line":55,"column":6},"end":{"line":55,"column":69}},"16":{"start":{"line":57,"column":4},"end":{"line":57,"column":32}},"17":{"start":{"line":60,"column":4},"end":{"line":64,"column":null}},"18":{"start":{"line":61,"column":6},"end":{"line":63,"column":null}},"19":{"start":{"line":62,"column":8},"end":{"line":62,"column":46}},"20":{"start":{"line":65,"column":4},"end":{"line":69,"column":7}},"21":{"start":{"line":66,"column":6},"end":{"line":68,"column":null}},"22":{"start":{"line":67,"column":8},"end":{"line":67,"column":46}},"23":{"start":{"line":73,"column":19},"end":{"line":73,"column":45}},"24":{"start":{"line":74,"column":28},"end":{"line":74,"column":72}},"25":{"start":{"line":75,"column":4},"end":{"line":75,"column":91}},"26":{"start":{"line":77,"column":4},"end":{"line":77,"column":35}},"27":{"start":{"line":86,"column":17},"end":{"line":86,"column":29}},"28":{"start":{"line":87,"column":29},"end":{"line":87,"column":73}},"29":{"start":{"line":88,"column":6},"end":{"line":104,"column":null}},"30":{"start":{"line":89,"column":23},"end":{"line":89,"column":70}},"31":{"start":{"line":90,"column":21},"end":{"line":90,"column":40}},"32":{"start":{"line":91,"column":8},"end":{"line":91,"column":21}},"33":{"start":{"line":92,"column":8},"end":{"line":92,"column":22}},"34":{"start":{"line":93,"column":8},"end":{"line":95,"column":null}},"35":{"start":{"line":94,"column":10},"end":{"line":94,"column":32}},"36":{"start":{"line":96,"column":8},"end":{"line":96,"column":62}},"37":{"start":{"line":98,"column":8},"end":{"line":103,"column":null}},"38":{"start":{"line":99,"column":10},"end":{"line":99,"column":101}},"39":{"start":{"line":102,"column":10},"end":{"line":102,"column":89}},"40":{"start":{"line":105,"column":6},"end":{"line":105,"column":26}},"41":{"start":{"line":107,"column":23},"end":{"line":107,"column":47}},"42":{"start":{"line":108,"column":16},"end":{"line":108,"column":40}},"43":{"start":{"line":109,"column":21},"end":{"line":109,"column":84}},"44":{"start":{"line":110,"column":20},"end":{"line":110,"column":48}},"45":{"start":{"line":112,"column":21},"end":{"line":112,"column":52}},"46":{"start":{"line":114,"column":4},"end":{"line":116,"column":null}},"47":{"start":{"line":115,"column":6},"end":{"line":115,"column":13}},"48":{"start":{"line":118,"column":19},"end":{"line":118,"column":37}},"49":{"start":{"line":119,"column":4},"end":{"line":121,"column":null}},"50":{"start":{"line":120,"column":6},"end":{"line":120,"column":13}},"51":{"start":{"line":122,"column":4},"end":{"line":136,"column":null}},"52":{"start":{"line":123,"column":20},"end":{"line":123,"column":60}},"53":{"start":{"line":124,"column":6},"end":{"line":124,"column":42}},"54":{"start":{"line":125,"column":6},"end":{"line":125,"column":53}},"55":{"start":{"line":126,"column":6},"end":{"line":126,"column":32}},"56":{"start":{"line":127,"column":6},"end":{"line":127,"column":91}},"57":{"start":{"line":129,"column":6},"end":{"line":133,"column":null}},"58":{"start":{"line":130,"column":8},"end":{"line":132,"column":null}},"59":{"start":{"line":131,"column":10},"end":{"line":131,"column":52}},"60":{"start":{"line":134,"column":6},"end":{"line":134,"column":65}},"61":{"start":{"line":139,"column":4},"end":{"line":149,"column":null}},"62":{"start":{"line":140,"column":6},"end":{"line":148,"column":null}},"63":{"start":{"line":141,"column":8},"end":{"line":141,"column":45}},"64":{"start":{"line":143,"column":8},"end":{"line":143,"column":15}},"65":{"start":{"line":145,"column":8},"end":{"line":145,"column":44}},"66":{"start":{"line":147,"column":8},"end":{"line":147,"column":15}},"67":{"start":{"line":151,"column":19},"end":{"line":151,"column":24}},"68":{"start":{"line":152,"column":4},"end":{"line":155,"column":null}},"69":{"start":{"line":153,"column":6},"end":{"line":153,"column":41}},"70":{"start":{"line":154,"column":6},"end":{"line":154,"column":22}},"71":{"start":{"line":156,"column":28},"end":{"line":156,"column":94}},"72":{"start":{"line":159,"column":20},"end":{"line":159,"column":91}},"73":{"start":{"line":160,"column":4},"end":{"line":176,"column":null}},"74":{"start":{"line":161,"column":6},"end":{"line":173,"column":null}},"75":{"start":{"line":162,"column":8},"end":{"line":166,"column":null}},"76":{"start":{"line":163,"column":10},"end":{"line":163,"column":47}},"77":{"start":{"line":165,"column":10},"end":{"line":165,"column":46}},"78":{"start":{"line":168,"column":8},"end":{"line":172,"column":null}},"79":{"start":{"line":169,"column":10},"end":{"line":169,"column":47}},"80":{"start":{"line":171,"column":10},"end":{"line":171,"column":46}},"81":{"start":{"line":175,"column":6},"end":{"line":175,"column":42}},"82":{"start":{"line":7,"column":0},"end":{"line":7,"column":13}}},"fnMap":{"0":{"name":"(anonymous_0)","decl":{"start":{"line":9,"column":2},"end":{"line":9,"column":null}},"loc":{"start":{"line":9,"column":2},"end":{"line":11,"column":3}}},"1":{"name":"(anonymous_1)","decl":{"start":{"line":33,"column":9},"end":{"line":33,"column":14}},"loc":{"start":{"line":33,"column":68},"end":{"line":51,"column":3}}},"2":{"name":"(anonymous_2)","decl":{"start":{"line":39,"column":21},"end":{"line":39,"column":24}},"loc":{"start":{"line":39,"column":26},"end":{"line":49,"column":5}}},"3":{"name":"(anonymous_3)","decl":{"start":{"line":52,"column":9},"end":{"line":52,"column":15}},"loc":{"start":{"line":52,"column":74},"end":{"line":58,"column":3}}},"4":{"name":"(anonymous_4)","decl":{"start":{"line":53,"column":21},"end":{"line":53,"column":24}},"loc":{"start":{"line":53,"column":26},"end":{"line":56,"column":5}}},"5":{"name":"(anonymous_5)","decl":{"start":{"line":59,"column":9},"end":{"line":59,"column":13}},"loc":{"start":{"line":59,"column":72},"end":{"line":70,"column":3}}},"6":{"name":"(anonymous_6)","decl":{"start":{"line":65,"column":38},"end":{"line":65,"column":41}},"loc":{"start":{"line":65,"column":43},"end":{"line":69,"column":5}}},"7":{"name":"(anonymous_7)","decl":{"start":{"line":72,"column":9},"end":{"line":72,"column":12}},"loc":{"start":{"line":72,"column":67},"end":{"line":137,"column":3}}},"8":{"name":"interpolateCustomElement","decl":{"start":{"line":79,"column":13},"end":{"line":79,"column":37}},"loc":{"start":{"line":83,"column":21},"end":{"line":106,"column":5}}},"9":{"name":"(anonymous_9)","decl":{"start":{"line":138,"column":9},"end":{"line":138,"column":11}},"loc":{"start":{"line":138,"column":65},"end":{"line":177,"column":3}}}},"branchMap":{"0":{"loc":{"start":{"line":36,"column":4},"end":{"line":38,"column":null}},"type":"if","locations":[{"start":{"line":36,"column":4},"end":{"line":38,"column":null}},{"start":{"line":36,"column":4},"end":{"line":38,"column":null}}]},"1":{"loc":{"start":{"line":42,"column":6},"end":{"line":46,"column":null}},"type":"if","locations":[{"start":{"line":42,"column":6},"end":{"line":46,"column":null}},{"start":{"line":42,"column":6},"end":{"line":46,"column":null}}]},"2":{"loc":{"start":{"line":60,"column":4},"end":{"line":64,"column":null}},"type":"if","locations":[{"start":{"line":60,"column":4},"end":{"line":64,"column":null}},{"start":{"line":60,"column":4},"end":{"line":64,"column":null}}]},"3":{"loc":{"start":{"line":61,"column":6},"end":{"line":63,"column":null}},"type":"if","locations":[{"start":{"line":61,"column":6},"end":{"line":63,"column":null}},{"start":{"line":61,"column":6},"end":{"line":63,"column":null}}]},"4":{"loc":{"start":{"line":66,"column":6},"end":{"line":68,"column":null}},"type":"if","locations":[{"start":{"line":66,"column":6},"end":{"line":68,"column":null}},{"start":{"line":66,"column":6},"end":{"line":68,"column":null}}]},"5":{"loc":{"start":{"line":98,"column":8},"end":{"line":103,"column":null}},"type":"if","locations":[{"start":{"line":98,"column":8},"end":{"line":103,"column":null}},{"start":{"line":98,"column":8},"end":{"line":103,"column":null}}]},"6":{"loc":{"start":{"line":114,"column":4},"end":{"line":116,"column":null}},"type":"if","locations":[{"start":{"line":114,"column":4},"end":{"line":116,"column":null}},{"start":{"line":114,"column":4},"end":{"line":116,"column":null}}]},"7":{"loc":{"start":{"line":119,"column":4},"end":{"line":121,"column":null}},"type":"if","locations":[{"start":{"line":119,"column":4},"end":{"line":121,"column":null}},{"start":{"line":119,"column":4},"end":{"line":121,"column":null}}]},"8":{"loc":{"start":{"line":130,"column":8},"end":{"line":132,"column":null}},"type":"if","locations":[{"start":{"line":130,"column":8},"end":{"line":132,"column":null}},{"start":{"line":130,"column":8},"end":{"line":132,"column":null}}]},"9":{"loc":{"start":{"line":130,"column":12},"end":{"line":130,"column":33}},"type":"binary-expr","locations":[{"start":{"line":130,"column":12},"end":{"line":130,"column":33}},{"start":{"line":130,"column":37},"end":{"line":130,"column":58}}]},"10":{"loc":{"start":{"line":139,"column":4},"end":{"line":149,"column":null}},"type":"if","locations":[{"start":{"line":139,"column":4},"end":{"line":149,"column":null}},{"start":{"line":139,"column":4},"end":{"line":149,"column":null}}]},"11":{"loc":{"start":{"line":139,"column":8},"end":{"line":139,"column":28}},"type":"binary-expr","locations":[{"start":{"line":139,"column":8},"end":{"line":139,"column":28}},{"start":{"line":139,"column":32},"end":{"line":139,"column":53}}]},"12":{"loc":{"start":{"line":140,"column":6},"end":{"line":148,"column":null}},"type":"if","locations":[{"start":{"line":140,"column":6},"end":{"line":148,"column":null}},{"start":{"line":140,"column":6},"end":{"line":148,"column":null}}]},"13":{"loc":{"start":{"line":152,"column":4},"end":{"line":155,"column":null}},"type":"if","locations":[{"start":{"line":152,"column":4},"end":{"line":155,"column":null}},{"start":{"line":152,"column":4},"end":{"line":155,"column":null}}]},"14":{"loc":{"start":{"line":160,"column":4},"end":{"line":176,"column":null}},"type":"if","locations":[{"start":{"line":160,"column":4},"end":{"line":176,"column":null}},{"start":{"line":160,"column":4},"end":{"line":176,"column":null}}]},"15":{"loc":{"start":{"line":161,"column":6},"end":{"line":173,"column":null}},"type":"if","locations":[{"start":{"line":161,"column":6},"end":{"line":173,"column":null}},{"start":{"line":161,"column":6},"end":{"line":173,"column":null}}]},"16":{"loc":{"start":{"line":162,"column":8},"end":{"line":166,"column":null}},"type":"if","locations":[{"start":{"line":162,"column":8},"end":{"line":166,"column":null}},{"start":{"line":162,"column":8},"end":{"line":166,"column":null}}]},"17":{"loc":{"start":{"line":168,"column":8},"end":{"line":172,"column":null}},"type":"if","locations":[{"start":{"line":168,"column":8},"end":{"line":172,"column":null}},{"start":{"line":168,"column":8},"end":{"line":172,"column":null}}]}},"s":{"0":7,"1":7,"2":7,"3":27,"4":3,"5":3,"6":0,"7":3,"8":0,"9":0,"10":0,"11":0,"12":0,"13":3,"14":1,"15":0,"16":1,"17":3,"18":2,"19":1,"20":3,"21":0,"22":0,"23":2,"24":2,"25":2,"26":2,"27":0,"28":0,"29":0,"30":0,"31":0,"32":0,"33":0,"34":0,"35":0,"36":0,"37":0,"38":0,"39":0,"40":0,"41":2,"42":2,"43":2,"44":2,"45":2,"46":2,"47":2,"48":0,"49":0,"50":0,"51":0,"52":0,"53":0,"54":0,"55":0,"56":0,"57":0,"58":0,"59":0,"60":0,"61":1,"62":1,"63":1,"64":1,"65":0,"66":0,"67":0,"68":0,"69":0,"70":0,"71":0,"72":0,"73":0,"74":0,"75":0,"76":0,"77":0,"78":0,"79":0,"80":0,"81":0,"82":7},"f":{"0":27,"1":3,"2":0,"3":1,"4":0,"5":3,"6":0,"7":2,"8":0,"9":1},"b":{"0":[0,3],"1":[0,0],"2":[2,1],"3":[1,1],"4":[0,0],"5":[0,0],"6":[2,0],"7":[0,0],"8":[0,0],"9":[0,0],"10":[1,0],"11":[1,0],"12":[1,0],"13":[0,0],"14":[0,0],"15":[0,0],"16":[0,0],"17":[0,0]}}
,"/Users/dominicjarmann/Documents/development/nails/src/nails.ts": {"path":"/Users/dominicjarmann/Documents/development/nails/src/nails.ts","statementMap":{"0":{"start":{"line":2,"column":0},"end":{"line":2,"column":46}},"1":{"start":{"line":3,"column":0},"end":{"line":3,"column":39}},"2":{"start":{"line":4,"column":0},"end":{"line":4,"column":39}},"3":{"start":{"line":5,"column":0},"end":{"line":5,"column":47}},"4":{"start":{"line":6,"column":0},"end":{"line":6,"column":40}},"5":{"start":{"line":7,"column":0},"end":{"line":7,"column":38}},"6":{"start":{"line":8,"column":0},"end":{"line":8,"column":39}},"7":{"start":{"line":9,"column":0},"end":{"line":9,"column":39}},"8":{"start":{"line":10,"column":0},"end":{"line":10,"column":39}},"9":{"start":{"line":11,"column":0},"end":{"line":11,"column":64}},"10":{"start":{"line":12,"column":0},"end":{"line":12,"column":55}},"11":{"start":{"line":13,"column":0},"end":{"line":13,"column":43}},"12":{"start":{"line":14,"column":0},"end":{"line":14,"column":37}},"13":{"start":{"line":18,"column":4},"end":{"line":18,"column":22}},"14":{"start":{"line":30,"column":4},"end":{"line":30,"column":29}},"15":{"start":{"line":32,"column":4},"end":{"line":34,"column":null}},"16":{"start":{"line":33,"column":6},"end":{"line":33,"column":30}},"17":{"start":{"line":35,"column":4},"end":{"line":39,"column":null}},"18":{"start":{"line":36,"column":6},"end":{"line":36,"column":37}},"19":{"start":{"line":38,"column":6},"end":{"line":38,"column":86}},"20":{"start":{"line":40,"column":4},"end":{"line":42,"column":null}},"21":{"start":{"line":41,"column":6},"end":{"line":41,"column":36}},"22":{"start":{"line":43,"column":4},"end":{"line":45,"column":null}},"23":{"start":{"line":44,"column":6},"end":{"line":44,"column":42}},"24":{"start":{"line":46,"column":4},"end":{"line":54,"column":null}},"25":{"start":{"line":47,"column":6},"end":{"line":47,"column":33}},"26":{"start":{"line":49,"column":6},"end":{"line":53,"column":null}},"27":{"start":{"line":50,"column":8},"end":{"line":50,"column":50}},"28":{"start":{"line":52,"column":8},"end":{"line":52,"column":35}},"29":{"start":{"line":55,"column":4},"end":{"line":55,"column":50}},"30":{"start":{"line":56,"column":4},"end":{"line":56,"column":95}},"31":{"start":{"line":57,"column":4},"end":{"line":57,"column":22}},"32":{"start":{"line":58,"column":4},"end":{"line":58,"column":45}},"33":{"start":{"line":59,"column":4},"end":{"line":59,"column":46}},"34":{"start":{"line":60,"column":4},"end":{"line":60,"column":42}},"35":{"start":{"line":61,"column":4},"end":{"line":61,"column":27}},"36":{"start":{"line":62,"column":4},"end":{"line":62,"column":44}},"37":{"start":{"line":63,"column":4},"end":{"line":63,"column":27}},"38":{"start":{"line":64,"column":4},"end":{"line":66,"column":6}},"39":{"start":{"line":65,"column":6},"end":{"line":65,"column":24}},"40":{"start":{"line":67,"column":4},"end":{"line":69,"column":null}},"41":{"start":{"line":68,"column":6},"end":{"line":68,"column":47}},"42":{"start":{"line":73,"column":20},"end":{"line":73,"column":33}},"43":{"start":{"line":74,"column":4},"end":{"line":77,"column":null}},"44":{"start":{"line":75,"column":6},"end":{"line":75,"column":84}},"45":{"start":{"line":76,"column":6},"end":{"line":76,"column":13}},"46":{"start":{"line":78,"column":4},"end":{"line":81,"column":null}},"47":{"start":{"line":79,"column":23},"end":{"line":79,"column":40}},"48":{"start":{"line":80,"column":6},"end":{"line":80,"column":37}},"49":{"start":{"line":85,"column":17},"end":{"line":85,"column":62}},"50":{"start":{"line":86,"column":4},"end":{"line":88,"column":null}},"51":{"start":{"line":87,"column":6},"end":{"line":87,"column":13}},"52":{"start":{"line":89,"column":4},"end":{"line":92,"column":null}},"53":{"start":{"line":90,"column":6},"end":{"line":90,"column":70}},"54":{"start":{"line":91,"column":6},"end":{"line":91,"column":65}},"55":{"start":{"line":94,"column":4},"end":{"line":94,"column":16}},"56":{"start":{"line":97,"column":4},"end":{"line":116,"column":null}},"57":{"start":{"line":98,"column":22},"end":{"line":112,"column":8}},"58":{"start":{"line":105,"column":10},"end":{"line":105,"column":30}},"59":{"start":{"line":108,"column":10},"end":{"line":108,"column":31}},"60":{"start":{"line":109,"column":10},"end":{"line":109,"column":43}},"61":{"start":{"line":110,"column":10},"end":{"line":110,"column":22}},"62":{"start":{"line":114,"column":20},"end":{"line":114,"column":55}},"63":{"start":{"line":115,"column":6},"end":{"line":115,"column":30}},"64":{"start":{"line":23,"column":0},"end":{"line":23,"column":13}}},"fnMap":{"0":{"name":"(anonymous_0)","decl":{"start":{"line":17,"column":9},"end":{"line":17,"column":15}},"loc":{"start":{"line":17,"column":36},"end":{"line":19,"column":3}}},"1":{"name":"(anonymous_1)","decl":{"start":{"line":29,"column":2},"end":{"line":29,"column":14}},"loc":{"start":{"line":29,"column":25},"end":{"line":70,"column":3}}},"2":{"name":"(anonymous_2)","decl":{"start":{"line":64,"column":34},"end":{"line":64,"column":null}},"loc":{"start":{"line":64,"column":34},"end":{"line":66,"column":5}}},"3":{"name":"(anonymous_3)","decl":{"start":{"line":72,"column":9},"end":{"line":72,"column":24}},"loc":{"start":{"line":72,"column":32},"end":{"line":82,"column":3}}},"4":{"name":"(anonymous_4)","decl":{"start":{"line":84,"column":9},"end":{"line":84,"column":18}},"loc":{"start":{"line":84,"column":56},"end":{"line":95,"column":3}}},"5":{"name":"(anonymous_5)","decl":{"start":{"line":96,"column":9},"end":{"line":96,"column":19}},"loc":{"start":{"line":96,"column":19},"end":{"line":117,"column":3}}},"6":{"name":"(anonymous_6)","decl":{"start":{"line":104,"column":8},"end":{"line":104,"column":11}},"loc":{"start":{"line":104,"column":49},"end":{"line":106,"column":9}}},"7":{"name":"(anonymous_7)","decl":{"start":{"line":107,"column":8},"end":{"line":107,"column":11}},"loc":{"start":{"line":107,"column":49},"end":{"line":111,"column":9}}}},"branchMap":{"0":{"loc":{"start":{"line":32,"column":4},"end":{"line":34,"column":null}},"type":"if","locations":[{"start":{"line":32,"column":4},"end":{"line":34,"column":null}},{"start":{"line":32,"column":4},"end":{"line":34,"column":null}}]},"1":{"loc":{"start":{"line":35,"column":4},"end":{"line":39,"column":null}},"type":"if","locations":[{"start":{"line":35,"column":4},"end":{"line":39,"column":null}},{"start":{"line":35,"column":4},"end":{"line":39,"column":null}}]},"2":{"loc":{"start":{"line":40,"column":4},"end":{"line":42,"column":null}},"type":"if","locations":[{"start":{"line":40,"column":4},"end":{"line":42,"column":null}},{"start":{"line":40,"column":4},"end":{"line":42,"column":null}}]},"3":{"loc":{"start":{"line":43,"column":4},"end":{"line":45,"column":null}},"type":"if","locations":[{"start":{"line":43,"column":4},"end":{"line":45,"column":null}},{"start":{"line":43,"column":4},"end":{"line":45,"column":null}}]},"4":{"loc":{"start":{"line":46,"column":4},"end":{"line":54,"column":null}},"type":"if","locations":[{"start":{"line":46,"column":4},"end":{"line":54,"column":null}},{"start":{"line":46,"column":4},"end":{"line":54,"column":null}}]},"5":{"loc":{"start":{"line":49,"column":6},"end":{"line":53,"column":null}},"type":"if","locations":[{"start":{"line":49,"column":6},"end":{"line":53,"column":null}},{"start":{"line":49,"column":6},"end":{"line":53,"column":null}}]},"6":{"loc":{"start":{"line":67,"column":4},"end":{"line":69,"column":null}},"type":"if","locations":[{"start":{"line":67,"column":4},"end":{"line":69,"column":null}},{"start":{"line":67,"column":4},"end":{"line":69,"column":null}}]},"7":{"loc":{"start":{"line":74,"column":4},"end":{"line":77,"column":null}},"type":"if","locations":[{"start":{"line":74,"column":4},"end":{"line":77,"column":null}},{"start":{"line":74,"column":4},"end":{"line":77,"column":null}}]},"8":{"loc":{"start":{"line":86,"column":4},"end":{"line":88,"column":null}},"type":"if","locations":[{"start":{"line":86,"column":4},"end":{"line":88,"column":null}},{"start":{"line":86,"column":4},"end":{"line":88,"column":null}}]},"9":{"loc":{"start":{"line":86,"column":8},"end":{"line":86,"column":19}},"type":"binary-expr","locations":[{"start":{"line":86,"column":8},"end":{"line":86,"column":19}},{"start":{"line":86,"column":23},"end":{"line":86,"column":40}}]},"10":{"loc":{"start":{"line":97,"column":4},"end":{"line":116,"column":null}},"type":"if","locations":[{"start":{"line":97,"column":4},"end":{"line":116,"column":null}},{"start":{"line":97,"column":4},"end":{"line":116,"column":null}}]}},"s":{"0":7,"1":7,"2":7,"3":7,"4":7,"5":7,"6":7,"7":7,"8":7,"9":7,"10":7,"11":7,"12":7,"13":2,"14":7,"15":7,"16":7,"17":7,"18":7,"19":0,"20":7,"21":5,"22":7,"23":7,"24":7,"25":5,"26":2,"27":2,"28":0,"29":7,"30":7,"31":7,"32":7,"33":7,"34":7,"35":7,"36":7,"37":7,"38":7,"39":0,"40":7,"41":7,"42":7,"43":7,"44":5,"45":5,"46":2,"47":2,"48":2,"49":1,"50":1,"51":1,"52":0,"53":0,"54":0,"55":0,"56":7,"57":7,"58":24,"59":1,"60":1,"61":1,"62":7,"63":7,"64":7},"f":{"0":2,"1":7,"2":0,"3":7,"4":1,"5":7,"6":24,"7":1},"b":{"0":[7,0],"1":[7,0],"2":[5,2],"3":[7,0],"4":[5,2],"5":[2,0],"6":[7,0],"7":[5,2],"8":[1,0],"9":[1,1],"10":[7,0]}}
,"/Users/dominicjarmann/Documents/development/nails/src/classes/ActiveElement.ts": {"path":"/Users/dominicjarmann/Documents/development/nails/src/classes/ActiveElement.ts","statementMap":{"0":{"start":{"line":19,"column":4},"end":{"line":19,"column":27}},"1":{"start":{"line":20,"column":4},"end":{"line":20,"column":31}},"2":{"start":{"line":21,"column":4},"end":{"line":21,"column":27}},"3":{"start":{"line":22,"column":4},"end":{"line":22,"column":19}},"4":{"start":{"line":23,"column":4},"end":{"line":23,"column":31}},"5":{"start":{"line":24,"column":4},"end":{"line":24,"column":39}},"6":{"start":{"line":2,"column":0},"end":{"line":2,"column":13}}},"fnMap":{"0":{"name":"(anonymous_0)","decl":{"start":{"line":11,"column":2},"end":{"line":11,"column":null}},"loc":{"start":{"line":17,"column":21},"end":{"line":25,"column":3}}}},"branchMap":{},"s":{"0":8,"1":8,"2":8,"3":8,"4":8,"5":8,"6":7},"f":{"0":8},"b":{}}
,"/Users/dominicjarmann/Documents/development/nails/src/classes/Instance.ts": {"path":"/Users/dominicjarmann/Documents/development/nails/src/classes/Instance.ts","statementMap":{"0":{"start":{"line":8,"column":4},"end":{"line":8,"column":25}},"1":{"start":{"line":9,"column":4},"end":{"line":9,"column":31}},"2":{"start":{"line":10,"column":4},"end":{"line":10,"column":27}},"3":{"start":{"line":14,"column":4},"end":{"line":14,"column":27}},"4":{"start":{"line":17,"column":4},"end":{"line":17,"column":26}},"5":{"start":{"line":20,"column":4},"end":{"line":20,"column":24}},"6":{"start":{"line":3,"column":0},"end":{"line":3,"column":13}}},"fnMap":{"0":{"name":"(anonymous_0)","decl":{"start":{"line":7,"column":2},"end":{"line":7,"column":14}},"loc":{"start":{"line":7,"column":69},"end":{"line":11,"column":3}}},"1":{"name":"(anonymous_1)","decl":{"start":{"line":13,"column":9},"end":{"line":13,"column":22}},"loc":{"start":{"line":13,"column":22},"end":{"line":15,"column":3}}},"2":{"name":"(anonymous_2)","decl":{"start":{"line":16,"column":9},"end":{"line":16,"column":21}},"loc":{"start":{"line":16,"column":21},"end":{"line":18,"column":3}}},"3":{"name":"(anonymous_3)","decl":{"start":{"line":19,"column":9},"end":{"line":19,"column":19}},"loc":{"start":{"line":19,"column":19},"end":{"line":21,"column":3}}}},"branchMap":{},"s":{"0":3,"1":3,"2":3,"3":8,"4":4,"5":2,"6":7},"f":{"0":3,"1":8,"2":4,"3":2},"b":{}}
,"/Users/dominicjarmann/Documents/development/nails/src/core/injector.ts": {"path":"/Users/dominicjarmann/Documents/development/nails/src/core/injector.ts","statementMap":{"0":{"start":{"line":7,"column":4},"end":{"line":7,"column":23}},"1":{"start":{"line":8,"column":4},"end":{"line":8,"column":21}},"2":{"start":{"line":11,"column":4},"end":{"line":11,"column":30}},"3":{"start":{"line":15,"column":4},"end":{"line":19,"column":null}},"4":{"start":{"line":16,"column":6},"end":{"line":18,"column":null}},"5":{"start":{"line":17,"column":8},"end":{"line":17,"column":15}},"6":{"start":{"line":20,"column":4},"end":{"line":20,"column":37}},"7":{"start":{"line":23,"column":4},"end":{"line":27,"column":null}},"8":{"start":{"line":24,"column":6},"end":{"line":26,"column":null}},"9":{"start":{"line":25,"column":8},"end":{"line":25,"column":17}},"10":{"start":{"line":3,"column":0},"end":{"line":3,"column":13}}},"fnMap":{"0":{"name":"(anonymous_0)","decl":{"start":{"line":6,"column":2},"end":{"line":6,"column":14}},"loc":{"start":{"line":6,"column":26},"end":{"line":9,"column":3}}},"1":{"name":"(anonymous_1)","decl":{"start":{"line":10,"column":9},"end":{"line":10,"column":18}},"loc":{"start":{"line":10,"column":18},"end":{"line":12,"column":3}}},"2":{"name":"(anonymous_2)","decl":{"start":{"line":14,"column":9},"end":{"line":14,"column":15}},"loc":{"start":{"line":14,"column":26},"end":{"line":21,"column":3}}},"3":{"name":"(anonymous_3)","decl":{"start":{"line":22,"column":9},"end":{"line":22,"column":16}},"loc":{"start":{"line":22,"column":27},"end":{"line":28,"column":3}}}},"branchMap":{"0":{"loc":{"start":{"line":16,"column":6},"end":{"line":18,"column":null}},"type":"if","locations":[{"start":{"line":16,"column":6},"end":{"line":18,"column":null}},{"start":{"line":16,"column":6},"end":{"line":18,"column":null}}]},"1":{"loc":{"start":{"line":24,"column":6},"end":{"line":26,"column":null}},"type":"if","locations":[{"start":{"line":24,"column":6},"end":{"line":26,"column":null}},{"start":{"line":24,"column":6},"end":{"line":26,"column":null}}]}},"s":{"0":8,"1":8,"2":8,"3":4,"4":2,"5":2,"6":2,"7":2,"8":2,"9":2,"10":7},"f":{"0":8,"1":8,"2":4,"3":2},"b":{"0":[2,0],"1":[2,0]}}
,"/Users/dominicjarmann/Documents/development/nails/src/core/state.ts": {"path":"/Users/dominicjarmann/Documents/development/nails/src/core/state.ts","statementMap":{"0":{"start":{"line":2,"column":0},"end":{"line":2,"column":57}},"1":{"start":{"line":8,"column":0},"end":{"line":8,"column":44}},"2":{"start":{"line":9,"column":0},"end":{"line":9,"column":59}},"3":{"start":{"line":10,"column":0},"end":{"line":10,"column":50}},"4":{"start":{"line":26,"column":9},"end":{"line":26,"column":25}},"5":{"start":{"line":28,"column":9},"end":{"line":28,"column":36}},"6":{"start":{"line":30,"column":4},"end":{"line":30,"column":19}},"7":{"start":{"line":31,"column":4},"end":{"line":31,"column":29}},"8":{"start":{"line":32,"column":4},"end":{"line":32,"column":38}},"9":{"start":{"line":33,"column":4},"end":{"line":33,"column":44}},"10":{"start":{"line":34,"column":4},"end":{"line":34,"column":31}},"11":{"start":{"line":35,"column":4},"end":{"line":35,"column":76}},"12":{"start":{"line":39,"column":4},"end":{"line":41,"column":null}},"13":{"start":{"line":40,"column":6},"end":{"line":40,"column":34}},"14":{"start":{"line":42,"column":4},"end":{"line":42,"column":25}},"15":{"start":{"line":45,"column":4},"end":{"line":45,"column":29}},"16":{"start":{"line":48,"column":4},"end":{"line":52,"column":null}},"17":{"start":{"line":49,"column":6},"end":{"line":51,"column":null}},"18":{"start":{"line":50,"column":8},"end":{"line":50,"column":15}},"19":{"start":{"line":54,"column":26},"end":{"line":54,"column":80}},"20":{"start":{"line":56,"column":4},"end":{"line":56,"column":53}},"21":{"start":{"line":60,"column":4},"end":{"line":64,"column":null}},"22":{"start":{"line":61,"column":6},"end":{"line":63,"column":null}},"23":{"start":{"line":62,"column":8},"end":{"line":62,"column":35}},"24":{"start":{"line":68,"column":26},"end":{"line":68,"column":88}},"25":{"start":{"line":69,"column":4},"end":{"line":69,"column":44}},"26":{"start":{"line":73,"column":4},"end":{"line":77,"column":null}},"27":{"start":{"line":74,"column":6},"end":{"line":76,"column":null}},"28":{"start":{"line":75,"column":8},"end":{"line":75,"column":23}},"29":{"start":{"line":80,"column":4},"end":{"line":80,"column":29}},"30":{"start":{"line":83,"column":4},"end":{"line":85,"column":null}},"31":{"start":{"line":84,"column":6},"end":{"line":84,"column":27}},"32":{"start":{"line":86,"column":4},"end":{"line":86,"column":52}},"33":{"start":{"line":87,"column":4},"end":{"line":87,"column":52}},"34":{"start":{"line":88,"column":4},"end":{"line":88,"column":41}},"35":{"start":{"line":89,"column":4},"end":{"line":89,"column":25}},"36":{"start":{"line":93,"column":4},"end":{"line":101,"column":null}},"37":{"start":{"line":94,"column":24},"end":{"line":94,"column":53}},"38":{"start":{"line":95,"column":6},"end":{"line":97,"column":null}},"39":{"start":{"line":96,"column":8},"end":{"line":96,"column":15}},"40":{"start":{"line":98,"column":29},"end":{"line":98,"column":49}},"41":{"start":{"line":99,"column":19},"end":{"line":99,"column":36}},"42":{"start":{"line":100,"column":6},"end":{"line":100,"column":78}},"43":{"start":{"line":104,"column":21},"end":{"line":104,"column":23}},"44":{"start":{"line":105,"column":20},"end":{"line":105,"column":43}},"45":{"start":{"line":106,"column":4},"end":{"line":110,"column":null}},"46":{"start":{"line":107,"column":6},"end":{"line":109,"column":null}},"47":{"start":{"line":108,"column":8},"end":{"line":108,"column":31}},"48":{"start":{"line":112,"column":4},"end":{"line":119,"column":null}},"49":{"start":{"line":113,"column":6},"end":{"line":113,"column":35}},"50":{"start":{"line":114,"column":6},"end":{"line":114,"column":61}},"51":{"start":{"line":115,"column":6},"end":{"line":118,"column":null}},"52":{"start":{"line":116,"column":30},"end":{"line":116,"column":108}},"53":{"start":{"line":117,"column":8},"end":{"line":117,"column":37}},"54":{"start":{"line":121,"column":4},"end":{"line":121,"column":20}},"55":{"start":{"line":125,"column":4},"end":{"line":125,"column":77}},"56":{"start":{"line":128,"column":4},"end":{"line":128,"column":74}},"57":{"start":{"line":12,"column":0},"end":{"line":12,"column":13}}},"fnMap":{"0":{"name":"(anonymous_0)","decl":{"start":{"line":29,"column":2},"end":{"line":29,"column":null}},"loc":{"start":{"line":29,"column":2},"end":{"line":36,"column":3}}},"1":{"name":"(anonymous_1)","decl":{"start":{"line":38,"column":9},"end":{"line":38,"column":20}},"loc":{"start":{"line":38,"column":20},"end":{"line":43,"column":3}}},"2":{"name":"(anonymous_2)","decl":{"start":{"line":44,"column":9},"end":{"line":44,"column":20}},"loc":{"start":{"line":44,"column":39},"end":{"line":46,"column":3}}},"3":{"name":"(anonymous_3)","decl":{"start":{"line":47,"column":9},"end":{"line":47,"column":34}},"loc":{"start":{"line":47,"column":87},"end":{"line":57,"column":3}}},"4":{"name":"(anonymous_4)","decl":{"start":{"line":59,"column":9},"end":{"line":59,"column":33}},"loc":{"start":{"line":59,"column":63},"end":{"line":65,"column":3}}},"5":{"name":"(anonymous_5)","decl":{"start":{"line":67,"column":9},"end":{"line":67,"column":25}},"loc":{"start":{"line":67,"column":95},"end":{"line":70,"column":3}}},"6":{"name":"(anonymous_6)","decl":{"start":{"line":72,"column":9},"end":{"line":72,"column":25}},"loc":{"start":{"line":72,"column":42},"end":{"line":78,"column":3}}},"7":{"name":"(anonymous_7)","decl":{"start":{"line":79,"column":9},"end":{"line":79,"column":39}},"loc":{"start":{"line":79,"column":62},"end":{"line":81,"column":3}}},"8":{"name":"(anonymous_8)","decl":{"start":{"line":82,"column":9},"end":{"line":82,"column":34}},"loc":{"start":{"line":82,"column":56},"end":{"line":90,"column":3}}},"9":{"name":"(anonymous_9)","decl":{"start":{"line":92,"column":9},"end":{"line":92,"column":31}},"loc":{"start":{"line":92,"column":52},"end":{"line":102,"column":3}}},"10":{"name":"(anonymous_10)","decl":{"start":{"line":103,"column":9},"end":{"line":103,"column":29}},"loc":{"start":{"line":103,"column":52},"end":{"line":122,"column":3}}},"11":{"name":"(anonymous_11)","decl":{"start":{"line":124,"column":9},"end":{"line":124,"column":34}},"loc":{"start":{"line":124,"column":53},"end":{"line":126,"column":3}}},"12":{"name":"(anonymous_12)","decl":{"start":{"line":127,"column":9},"end":{"line":127,"column":32}},"loc":{"start":{"line":127,"column":54},"end":{"line":129,"column":3}}}},"branchMap":{"0":{"loc":{"start":{"line":39,"column":4},"end":{"line":41,"column":null}},"type":"if","locations":[{"start":{"line":39,"column":4},"end":{"line":41,"column":null}},{"start":{"line":39,"column":4},"end":{"line":41,"column":null}}]},"1":{"loc":{"start":{"line":49,"column":6},"end":{"line":51,"column":null}},"type":"if","locations":[{"start":{"line":49,"column":6},"end":{"line":51,"column":null}},{"start":{"line":49,"column":6},"end":{"line":51,"column":null}}]},"2":{"loc":{"start":{"line":49,"column":10},"end":{"line":49,"column":24}},"type":"binary-expr","locations":[{"start":{"line":49,"column":10},"end":{"line":49,"column":24}},{"start":{"line":49,"column":28},"end":{"line":49,"column":54}},{"start":{"line":49,"column":58},"end":{"line":49,"column":80}}]},"3":{"loc":{"start":{"line":61,"column":6},"end":{"line":63,"column":null}},"type":"if","locations":[{"start":{"line":61,"column":6},"end":{"line":63,"column":null}},{"start":{"line":61,"column":6},"end":{"line":63,"column":null}}]},"4":{"loc":{"start":{"line":74,"column":6},"end":{"line":76,"column":null}},"type":"if","locations":[{"start":{"line":74,"column":6},"end":{"line":76,"column":null}},{"start":{"line":74,"column":6},"end":{"line":76,"column":null}}]},"5":{"loc":{"start":{"line":83,"column":4},"end":{"line":85,"column":null}},"type":"if","locations":[{"start":{"line":83,"column":4},"end":{"line":85,"column":null}},{"start":{"line":83,"column":4},"end":{"line":85,"column":null}}]},"6":{"loc":{"start":{"line":93,"column":4},"end":{"line":101,"column":null}},"type":"if","locations":[{"start":{"line":93,"column":4},"end":{"line":101,"column":null}},{"start":{"line":93,"column":4},"end":{"line":101,"column":null}}]},"7":{"loc":{"start":{"line":95,"column":6},"end":{"line":97,"column":null}},"type":"if","locations":[{"start":{"line":95,"column":6},"end":{"line":97,"column":null}},{"start":{"line":95,"column":6},"end":{"line":97,"column":null}}]},"8":{"loc":{"start":{"line":107,"column":6},"end":{"line":109,"column":null}},"type":"if","locations":[{"start":{"line":107,"column":6},"end":{"line":109,"column":null}},{"start":{"line":107,"column":6},"end":{"line":109,"column":null}}]},"9":{"loc":{"start":{"line":115,"column":6},"end":{"line":118,"column":null}},"type":"if","locations":[{"start":{"line":115,"column":6},"end":{"line":118,"column":null}},{"start":{"line":115,"column":6},"end":{"line":118,"column":null}}]}},"s":{"0":7,"1":7,"2":7,"3":7,"4":7,"5":7,"6":7,"7":7,"8":7,"9":7,"10":7,"11":7,"12":0,"13":0,"14":0,"15":8,"16":16,"17":36,"18":12,"19":4,"20":4,"21":0,"22":0,"23":0,"24":1,"25":1,"26":0,"27":0,"28":0,"29":0,"30":1,"31":0,"32":1,"33":1,"34":1,"35":1,"36":11,"37":11,"38":11,"39":11,"40":0,"41":0,"42":0,"43":9,"44":9,"45":9,"46":1,"47":0,"48":9,"49":0,"50":0,"51":0,"52":0,"53":0,"54":9,"55":0,"56":0,"57":7},"f":{"0":7,"1":0,"2":8,"3":16,"4":0,"5":1,"6":0,"7":0,"8":1,"9":11,"10":9,"11":0,"12":0},"b":{"0":[0,0],"1":[12,24],"2":[36,12,12],"3":[0,0],"4":[0,0],"5":[0,1],"6":[11,0],"7":[11,0],"8":[0,1],"9":[0,0]}}
,"/Users/dominicjarmann/Documents/development/nails/src/core/components/core.component.ts": {"path":"/Users/dominicjarmann/Documents/development/nails/src/core/components/core.component.ts","statementMap":{"0":{"start":{"line":2,"column":0},"end":{"line":2,"column":51}},"1":{"start":{"line":8,"column":24},"end":{"line":8,"column":36}},"2":{"start":{"line":6,"column":9},"end":{"line":6,"column":40}},"3":{"start":{"line":9,"column":4},"end":{"line":9,"column":33}},"4":{"start":{"line":13,"column":4},"end":{"line":13,"column":25}},"5":{"start":{"line":14,"column":4},"end":{"line":14,"column":37}},"6":{"start":{"line":15,"column":4},"end":{"line":15,"column":16}},"7":{"start":{"line":19,"column":4},"end":{"line":19,"column":25}},"8":{"start":{"line":23,"column":28},"end":{"line":23,"column":59}},"9":{"start":{"line":24,"column":4},"end":{"line":24,"column":37}},"10":{"start":{"line":26,"column":4},"end":{"line":26,"column":43}},"11":{"start":{"line":28,"column":17},"end":{"line":28,"column":62}},"12":{"start":{"line":29,"column":4},"end":{"line":29,"column":22}},"13":{"start":{"line":31,"column":4},"end":{"line":34,"column":null}},"14":{"start":{"line":32,"column":6},"end":{"line":32,"column":39}},"15":{"start":{"line":33,"column":6},"end":{"line":33,"column":13}},"16":{"start":{"line":35,"column":4},"end":{"line":38,"column":null}},"17":{"start":{"line":36,"column":6},"end":{"line":36,"column":74}},"18":{"start":{"line":37,"column":6},"end":{"line":37,"column":69}},"19":{"start":{"line":40,"column":4},"end":{"line":40,"column":16}},"20":{"start":{"line":5,"column":0},"end":{"line":5,"column":13}}},"fnMap":{"0":{"name":"(anonymous_0)","decl":{"start":{"line":8,"column":2},"end":{"line":8,"column":24}},"loc":{"start":{"line":8,"column":36},"end":{"line":10,"column":3}}},"1":{"name":"(anonymous_1)","decl":{"start":{"line":12,"column":9},"end":{"line":12,"column":12}},"loc":{"start":{"line":12,"column":50},"end":{"line":16,"column":3}}},"2":{"name":"(anonymous_2)","decl":{"start":{"line":17,"column":9},"end":{"line":17,"column":15}},"loc":{"start":{"line":17,"column":15},"end":{"line":20,"column":3}}},"3":{"name":"(anonymous_3)","decl":{"start":{"line":22,"column":10},"end":{"line":22,"column":19}},"loc":{"start":{"line":22,"column":57},"end":{"line":41,"column":3}}}},"branchMap":{"0":{"loc":{"start":{"line":31,"column":4},"end":{"line":34,"column":null}},"type":"if","locations":[{"start":{"line":31,"column":4},"end":{"line":34,"column":null}},{"start":{"line":31,"column":4},"end":{"line":34,"column":null}}]},"1":{"loc":{"start":{"line":31,"column":8},"end":{"line":31,"column":19}},"type":"binary-expr","locations":[{"start":{"line":31,"column":8},"end":{"line":31,"column":19}},{"start":{"line":31,"column":23},"end":{"line":31,"column":40}}]}},"s":{"0":4,"1":4,"2":4,"3":4,"4":7,"5":7,"6":7,"7":0,"8":7,"9":7,"10":7,"11":7,"12":7,"13":7,"14":7,"15":7,"16":0,"17":0,"18":0,"19":0,"20":4},"f":{"0":4,"1":7,"2":0,"3":7},"b":{"0":[7,0],"1":[7,7]}}
,"/Users/dominicjarmann/Documents/development/nails/src/core/components/router.component.ts": {"path":"/Users/dominicjarmann/Documents/development/nails/src/core/components/router.component.ts","statementMap":{"0":{"start":{"line":11,"column":4},"end":{"line":11,"column":23}},"1":{"start":{"line":12,"column":17},"end":{"line":12,"column":21}},"2":{"start":{"line":13,"column":4},"end":{"line":13,"column":28}},"3":{"start":{"line":14,"column":4},"end":{"line":14,"column":60}},"4":{"start":{"line":16,"column":4},"end":{"line":16,"column":40}},"5":{"start":{"line":17,"column":4},"end":{"line":25,"column":6}},"6":{"start":{"line":18,"column":6},"end":{"line":20,"column":null}},"7":{"start":{"line":19,"column":8},"end":{"line":19,"column":15}},"8":{"start":{"line":22,"column":6},"end":{"line":22,"column":62}},"9":{"start":{"line":24,"column":6},"end":{"line":24,"column":52}},"10":{"start":{"line":29,"column":4},"end":{"line":29,"column":88}},"11":{"start":{"line":32,"column":4},"end":{"line":32,"column":29}},"12":{"start":{"line":36,"column":4},"end":{"line":36,"column":50}},"13":{"start":{"line":40,"column":4},"end":{"line":42,"column":null}},"14":{"start":{"line":41,"column":6},"end":{"line":41,"column":19}},"15":{"start":{"line":43,"column":4},"end":{"line":57,"column":null}},"16":{"start":{"line":44,"column":6},"end":{"line":56,"column":null}},"17":{"start":{"line":45,"column":8},"end":{"line":55,"column":null}},"18":{"start":{"line":46,"column":10},"end":{"line":51,"column":null}},"19":{"start":{"line":47,"column":29},"end":{"line":47,"column":60}},"20":{"start":{"line":48,"column":12},"end":{"line":48,"column":37}},"21":{"start":{"line":50,"column":12},"end":{"line":50,"column":25}},"22":{"start":{"line":53,"column":27},"end":{"line":53,"column":58}},"23":{"start":{"line":54,"column":10},"end":{"line":54,"column":35}},"24":{"start":{"line":60,"column":4},"end":{"line":60,"column":56}},"25":{"start":{"line":64,"column":4},"end":{"line":66,"column":10}},"26":{"start":{"line":4,"column":0},"end":{"line":4,"column":13}}},"fnMap":{"0":{"name":"(anonymous_0)","decl":{"start":{"line":10,"column":2},"end":{"line":10,"column":14}},"loc":{"start":{"line":10,"column":26},"end":{"line":26,"column":3}}},"1":{"name":"(anonymous_1)","decl":{"start":{"line":17,"column":26},"end":{"line":17,"column":29}},"loc":{"start":{"line":17,"column":31},"end":{"line":25,"column":5}}},"2":{"name":"(anonymous_2)","decl":{"start":{"line":28,"column":9},"end":{"line":28,"column":19}},"loc":{"start":{"line":28,"column":40},"end":{"line":30,"column":3}}},"3":{"name":"(anonymous_3)","decl":{"start":{"line":31,"column":9},"end":{"line":31,"column":20}},"loc":{"start":{"line":31,"column":34},"end":{"line":33,"column":3}}},"4":{"name":"(anonymous_4)","decl":{"start":{"line":35,"column":9},"end":{"line":35,"column":21}},"loc":{"start":{"line":35,"column":21},"end":{"line":37,"column":3}}},"5":{"name":"(anonymous_5)","decl":{"start":{"line":39,"column":9},"end":{"line":39,"column":21}},"loc":{"start":{"line":39,"column":21},"end":{"line":58,"column":3}}},"6":{"name":"(anonymous_6)","decl":{"start":{"line":59,"column":9},"end":{"line":59,"column":17}},"loc":{"start":{"line":59,"column":31},"end":{"line":61,"column":3}}},"7":{"name":"(anonymous_7)","decl":{"start":{"line":63,"column":9},"end":{"line":63,"column":15}},"loc":{"start":{"line":63,"column":15},"end":{"line":67,"column":3}}}},"branchMap":{"0":{"loc":{"start":{"line":18,"column":6},"end":{"line":20,"column":null}},"type":"if","locations":[{"start":{"line":18,"column":6},"end":{"line":20,"column":null}},{"start":{"line":18,"column":6},"end":{"line":20,"column":null}}]},"1":{"loc":{"start":{"line":29,"column":11},"end":{"line":29,"column":26}},"type":"binary-expr","locations":[{"start":{"line":29,"column":11},"end":{"line":29,"column":26}},{"start":{"line":29,"column":30},"end":{"line":29,"column":87}}]},"2":{"loc":{"start":{"line":40,"column":4},"end":{"line":42,"column":null}},"type":"if","locations":[{"start":{"line":40,"column":4},"end":{"line":42,"column":null}},{"start":{"line":40,"column":4},"end":{"line":42,"column":null}}]},"3":{"loc":{"start":{"line":44,"column":6},"end":{"line":56,"column":null}},"type":"if","locations":[{"start":{"line":44,"column":6},"end":{"line":56,"column":null}},{"start":{"line":44,"column":6},"end":{"line":56,"column":null}}]},"4":{"loc":{"start":{"line":45,"column":8},"end":{"line":55,"column":null}},"type":"if","locations":[{"start":{"line":45,"column":8},"end":{"line":55,"column":null}},{"start":{"line":45,"column":8},"end":{"line":55,"column":null}}]},"5":{"loc":{"start":{"line":46,"column":10},"end":{"line":51,"column":null}},"type":"if","locations":[{"start":{"line":46,"column":10},"end":{"line":51,"column":null}},{"start":{"line":46,"column":10},"end":{"line":51,"column":null}}]}},"s":{"0":2,"1":2,"2":2,"3":2,"4":2,"5":2,"6":0,"7":0,"8":0,"9":0,"10":1,"11":2,"12":1,"13":1,"14":1,"15":0,"16":0,"17":0,"18":0,"19":0,"20":0,"21":0,"22":0,"23":0,"24":2,"25":0,"26":7},"f":{"0":2,"1":0,"2":1,"3":2,"4":1,"5":1,"6":2,"7":0},"b":{"0":[0,0],"1":[1,1],"2":[1,0],"3":[0,0],"4":[0,0],"5":[0,0]}}
,"/Users/dominicjarmann/Documents/development/nails/src/core/context/context.ts": {"path":"/Users/dominicjarmann/Documents/development/nails/src/core/context/context.ts","statementMap":{"0":{"start":{"line":5,"column":21},"end":{"line":5,"column":33}},"1":{"start":{"line":5,"column":42},"end":{"line":5,"column":60}},"2":{"start":{"line":8,"column":4},"end":{"line":8,"column":41}},"3":{"start":{"line":12,"column":4},"end":{"line":14,"column":null}},"4":{"start":{"line":13,"column":6},"end":{"line":13,"column":57}},"5":{"start":{"line":15,"column":4},"end":{"line":17,"column":null}},"6":{"start":{"line":16,"column":6},"end":{"line":16,"column":58}},"7":{"start":{"line":18,"column":4},"end":{"line":20,"column":null}},"8":{"start":{"line":19,"column":6},"end":{"line":19,"column":26}},"9":{"start":{"line":21,"column":4},"end":{"line":23,"column":null}},"10":{"start":{"line":22,"column":6},"end":{"line":22,"column":26}},"11":{"start":{"line":26,"column":25},"end":{"line":26,"column":54}},"12":{"start":{"line":30,"column":4},"end":{"line":34,"column":null}},"13":{"start":{"line":31,"column":6},"end":{"line":31,"column":81}},"14":{"start":{"line":33,"column":6},"end":{"line":33,"column":29}},"15":{"start":{"line":36,"column":4},"end":{"line":40,"column":null}},"16":{"start":{"line":37,"column":6},"end":{"line":37,"column":65}},"17":{"start":{"line":39,"column":6},"end":{"line":39,"column":26}},"18":{"start":{"line":41,"column":4},"end":{"line":48,"column":null}},"19":{"start":{"line":42,"column":6},"end":{"line":46,"column":null}},"20":{"start":{"line":43,"column":30},"end":{"line":43,"column":62}},"21":{"start":{"line":45,"column":8},"end":{"line":45,"column":61}},"22":{"start":{"line":47,"column":6},"end":{"line":47,"column":29}},"23":{"start":{"line":49,"column":4},"end":{"line":56,"column":null}},"24":{"start":{"line":50,"column":6},"end":{"line":54,"column":null}},"25":{"start":{"line":51,"column":30},"end":{"line":51,"column":62}},"26":{"start":{"line":53,"column":8},"end":{"line":53,"column":58}},"27":{"start":{"line":55,"column":6},"end":{"line":55,"column":26}},"28":{"start":{"line":57,"column":4},"end":{"line":57,"column":21}},"29":{"start":{"line":61,"column":20},"end":{"line":61,"column":73}},"30":{"start":{"line":62,"column":4},"end":{"line":64,"column":null}},"31":{"start":{"line":63,"column":6},"end":{"line":63,"column":24}},"32":{"start":{"line":65,"column":4},"end":{"line":68,"column":null}},"33":{"start":{"line":66,"column":6},"end":{"line":66,"column":55}},"34":{"start":{"line":67,"column":6},"end":{"line":67,"column":49}},"35":{"start":{"line":70,"column":4},"end":{"line":72,"column":null}},"36":{"start":{"line":71,"column":6},"end":{"line":71,"column":66}},"37":{"start":{"line":73,"column":4},"end":{"line":73,"column":22}},"38":{"start":{"line":77,"column":23},"end":{"line":77,"column":44}},"39":{"start":{"line":78,"column":4},"end":{"line":78,"column":70}},"40":{"start":{"line":78,"column":45},"end":{"line":78,"column":63}},"41":{"start":{"line":82,"column":20},"end":{"line":82,"column":73}},"42":{"start":{"line":83,"column":4},"end":{"line":85,"column":null}},"43":{"start":{"line":84,"column":6},"end":{"line":84,"column":24}},"44":{"start":{"line":87,"column":23},"end":{"line":87,"column":33}},"45":{"start":{"line":89,"column":4},"end":{"line":89,"column":83}},"46":{"start":{"line":4,"column":0},"end":{"line":4,"column":13}}},"fnMap":{"0":{"name":"(anonymous_0)","decl":{"start":{"line":5,"column":2},"end":{"line":5,"column":21}},"loc":{"start":{"line":5,"column":60},"end":{"line":5,"column":64}}},"1":{"name":"(anonymous_1)","decl":{"start":{"line":7,"column":9},"end":{"line":7,"column":34}},"loc":{"start":{"line":7,"column":47},"end":{"line":24,"column":3}}},"2":{"name":"(anonymous_2)","decl":{"start":{"line":25,"column":9},"end":{"line":25,"column":27}},"loc":{"start":{"line":25,"column":37},"end":{"line":58,"column":3}}},"3":{"name":"(anonymous_3)","decl":{"start":{"line":60,"column":9},"end":{"line":60,"column":27}},"loc":{"start":{"line":60,"column":46},"end":{"line":74,"column":3}}},"4":{"name":"(anonymous_4)","decl":{"start":{"line":76,"column":10},"end":{"line":76,"column":17}},"loc":{"start":{"line":76,"column":57},"end":{"line":79,"column":3}}},"5":{"name":"(anonymous_5)","decl":{"start":{"line":78,"column":29},"end":{"line":78,"column":30}},"loc":{"start":{"line":78,"column":45},"end":{"line":78,"column":63}}},"6":{"name":"(anonymous_6)","decl":{"start":{"line":81,"column":10},"end":{"line":81,"column":31}},"loc":{"start":{"line":81,"column":50},"end":{"line":90,"column":3}}}},"branchMap":{"0":{"loc":{"start":{"line":12,"column":4},"end":{"line":14,"column":null}},"type":"if","locations":[{"start":{"line":12,"column":4},"end":{"line":14,"column":null}},{"start":{"line":12,"column":4},"end":{"line":14,"column":null}}]},"1":{"loc":{"start":{"line":15,"column":4},"end":{"line":17,"column":null}},"type":"if","locations":[{"start":{"line":15,"column":4},"end":{"line":17,"column":null}},{"start":{"line":15,"column":4},"end":{"line":17,"column":null}}]},"2":{"loc":{"start":{"line":18,"column":4},"end":{"line":20,"column":null}},"type":"if","locations":[{"start":{"line":18,"column":4},"end":{"line":20,"column":null}},{"start":{"line":18,"column":4},"end":{"line":20,"column":null}}]},"3":{"loc":{"start":{"line":18,"column":8},"end":{"line":18,"column":23}},"type":"binary-expr","locations":[{"start":{"line":18,"column":8},"end":{"line":18,"column":23}},{"start":{"line":18,"column":27},"end":{"line":18,"column":49}}]},"4":{"loc":{"start":{"line":21,"column":4},"end":{"line":23,"column":null}},"type":"if","locations":[{"start":{"line":21,"column":4},"end":{"line":23,"column":null}},{"start":{"line":21,"column":4},"end":{"line":23,"column":null}}]},"5":{"loc":{"start":{"line":21,"column":8},"end":{"line":21,"column":20}},"type":"binary-expr","locations":[{"start":{"line":21,"column":8},"end":{"line":21,"column":20}},{"start":{"line":21,"column":24},"end":{"line":21,"column":43}}]},"6":{"loc":{"start":{"line":30,"column":4},"end":{"line":34,"column":null}},"type":"if","locations":[{"start":{"line":30,"column":4},"end":{"line":34,"column":null}},{"start":{"line":30,"column":4},"end":{"line":34,"column":null}}]},"7":{"loc":{"start":{"line":36,"column":4},"end":{"line":40,"column":null}},"type":"if","locations":[{"start":{"line":36,"column":4},"end":{"line":40,"column":null}},{"start":{"line":36,"column":4},"end":{"line":40,"column":null}}]},"8":{"loc":{"start":{"line":41,"column":4},"end":{"line":48,"column":null}},"type":"if","locations":[{"start":{"line":41,"column":4},"end":{"line":48,"column":null}},{"start":{"line":41,"column":4},"end":{"line":48,"column":null}}]},"9":{"loc":{"start":{"line":41,"column":8},"end":{"line":41,"column":23}},"type":"binary-expr","locations":[{"start":{"line":41,"column":8},"end":{"line":41,"column":23}},{"start":{"line":41,"column":27},"end":{"line":41,"column":49}}]},"10":{"loc":{"start":{"line":42,"column":6},"end":{"line":46,"column":null}},"type":"if","locations":[{"start":{"line":42,"column":6},"end":{"line":46,"column":null}},{"start":{"line":42,"column":6},"end":{"line":46,"column":null}}]},"11":{"loc":{"start":{"line":49,"column":4},"end":{"line":56,"column":null}},"type":"if","locations":[{"start":{"line":49,"column":4},"end":{"line":56,"column":null}},{"start":{"line":49,"column":4},"end":{"line":56,"column":null}}]},"12":{"loc":{"start":{"line":49,"column":8},"end":{"line":49,"column":20}},"type":"binary-expr","locations":[{"start":{"line":49,"column":8},"end":{"line":49,"column":20}},{"start":{"line":49,"column":24},"end":{"line":49,"column":43}}]},"13":{"loc":{"start":{"line":50,"column":6},"end":{"line":54,"column":null}},"type":"if","locations":[{"start":{"line":50,"column":6},"end":{"line":54,"column":null}},{"start":{"line":50,"column":6},"end":{"line":54,"column":null}}]},"14":{"loc":{"start":{"line":62,"column":4},"end":{"line":64,"column":null}},"type":"if","locations":[{"start":{"line":62,"column":4},"end":{"line":64,"column":null}},{"start":{"line":62,"column":4},"end":{"line":64,"column":null}}]},"15":{"loc":{"start":{"line":70,"column":4},"end":{"line":72,"column":null}},"type":"if","locations":[{"start":{"line":70,"column":4},"end":{"line":72,"column":null}},{"start":{"line":70,"column":4},"end":{"line":72,"column":null}}]},"16":{"loc":{"start":{"line":76,"column":54},"end":{"line":76,"column":57}},"type":"default-arg","locations":[{"start":{"line":76,"column":54},"end":{"line":76,"column":57}}]},"17":{"loc":{"start":{"line":78,"column":45},"end":{"line":78,"column":49}},"type":"binary-expr","locations":[{"start":{"line":78,"column":45},"end":{"line":78,"column":49}},{"start":{"line":78,"column":53},"end":{"line":78,"column":63}}]},"18":{"loc":{"start":{"line":83,"column":4},"end":{"line":85,"column":null}},"type":"if","locations":[{"start":{"line":83,"column":4},"end":{"line":85,"column":null}},{"start":{"line":83,"column":4},"end":{"line":85,"column":null}}]}},"s":{"0":16,"1":16,"2":0,"3":0,"4":0,"5":0,"6":0,"7":0,"8":0,"9":0,"10":0,"11":8,"12":8,"13":3,"14":5,"15":8,"16":8,"17":0,"18":8,"19":1,"20":0,"21":0,"22":1,"23":7,"24":5,"25":2,"26":2,"27":3,"28":2,"29":9,"30":9,"31":7,"32":2,"33":4,"34":4,"35":2,"36":2,"37":2,"38":11,"39":11,"40":16,"41":2,"42":2,"43":0,"44":2,"45":2,"46":7},"f":{"0":16,"1":0,"2":8,"3":9,"4":11,"5":16,"6":2},"b":{"0":[0,0],"1":[0,0],"2":[0,0],"3":[0,0],"4":[0,0],"5":[0,0],"6":[3,5],"7":[8,0],"8":[1,7],"9":[8,7],"10":[0,1],"11":[5,2],"12":[7,2],"13":[2,3],"14":[7,2],"15":[2,0],"16":[11],"17":[16,14],"18":[0,2]}}
,"/Users/dominicjarmann/Documents/development/nails/src/core/engine/componentEngine.ts": {"path":"/Users/dominicjarmann/Documents/development/nails/src/core/engine/componentEngine.ts","statementMap":{"0":{"start":{"line":1,"column":0},"end":{"line":1,"column":50}},"1":{"start":{"line":4,"column":0},"end":{"line":4,"column":56}},"2":{"start":{"line":5,"column":0},"end":{"line":5,"column":36}},"3":{"start":{"line":15,"column":9},"end":{"line":15,"column":46}},"4":{"start":{"line":18,"column":4},"end":{"line":18,"column":23}},"5":{"start":{"line":19,"column":4},"end":{"line":19,"column":25}},"6":{"start":{"line":20,"column":4},"end":{"line":20,"column":25}},"7":{"start":{"line":21,"column":4},"end":{"line":21,"column":23}},"8":{"start":{"line":22,"column":4},"end":{"line":22,"column":29}},"9":{"start":{"line":26,"column":4},"end":{"line":26,"column":25}},"10":{"start":{"line":30,"column":4},"end":{"line":32,"column":null}},"11":{"start":{"line":31,"column":6},"end":{"line":31,"column":13}},"12":{"start":{"line":33,"column":4},"end":{"line":33,"column":38}},"13":{"start":{"line":35,"column":4},"end":{"line":44,"column":null}},"14":{"start":{"line":36,"column":23},"end":{"line":36,"column":48}},"15":{"start":{"line":37,"column":6},"end":{"line":41,"column":null}},"16":{"start":{"line":38,"column":8},"end":{"line":38,"column":37}},"17":{"start":{"line":39,"column":8},"end":{"line":39,"column":44}},"18":{"start":{"line":40,"column":8},"end":{"line":40,"column":30}},"19":{"start":{"line":43,"column":6},"end":{"line":43,"column":50}},"20":{"start":{"line":48,"column":4},"end":{"line":50,"column":null}},"21":{"start":{"line":49,"column":6},"end":{"line":49,"column":13}},"22":{"start":{"line":51,"column":4},"end":{"line":55,"column":null}},"23":{"start":{"line":52,"column":6},"end":{"line":54,"column":null}},"24":{"start":{"line":53,"column":8},"end":{"line":53,"column":71}},"25":{"start":{"line":57,"column":4},"end":{"line":60,"column":null}},"26":{"start":{"line":58,"column":6},"end":{"line":58,"column":60}},"27":{"start":{"line":59,"column":6},"end":{"line":59,"column":42}},"28":{"start":{"line":64,"column":4},"end":{"line":71,"column":null}},"29":{"start":{"line":65,"column":6},"end":{"line":69,"column":null}},"30":{"start":{"line":66,"column":8},"end":{"line":68,"column":null}},"31":{"start":{"line":67,"column":10},"end":{"line":67,"column":86}},"32":{"start":{"line":70,"column":6},"end":{"line":70,"column":38}},"33":{"start":{"line":72,"column":4},"end":{"line":72,"column":16}},"34":{"start":{"line":75,"column":17},"end":{"line":75,"column":31}},"35":{"start":{"line":76,"column":4},"end":{"line":76,"column":47}},"36":{"start":{"line":77,"column":4},"end":{"line":77,"column":70}},"37":{"start":{"line":78,"column":4},"end":{"line":78,"column":16}},"38":{"start":{"line":82,"column":27},"end":{"line":86,"column":6}},"39":{"start":{"line":83,"column":6},"end":{"line":85,"column":null}},"40":{"start":{"line":84,"column":8},"end":{"line":84,"column":24}},"41":{"start":{"line":87,"column":4},"end":{"line":89,"column":null}},"42":{"start":{"line":88,"column":6},"end":{"line":88,"column":18}},"43":{"start":{"line":90,"column":4},"end":{"line":90,"column":32}},"44":{"start":{"line":94,"column":27},"end":{"line":98,"column":6}},"45":{"start":{"line":95,"column":6},"end":{"line":97,"column":null}},"46":{"start":{"line":96,"column":8},"end":{"line":96,"column":24}},"47":{"start":{"line":99,"column":4},"end":{"line":101,"column":null}},"48":{"start":{"line":100,"column":6},"end":{"line":100,"column":18}},"49":{"start":{"line":102,"column":4},"end":{"line":102,"column":56}},"50":{"start":{"line":106,"column":27},"end":{"line":110,"column":6}},"51":{"start":{"line":107,"column":6},"end":{"line":109,"column":null}},"52":{"start":{"line":108,"column":8},"end":{"line":108,"column":24}},"53":{"start":{"line":111,"column":4},"end":{"line":113,"column":null}},"54":{"start":{"line":112,"column":6},"end":{"line":112,"column":18}},"55":{"start":{"line":114,"column":4},"end":{"line":114,"column":56}},"56":{"start":{"line":118,"column":30},"end":{"line":118,"column":64}},"57":{"start":{"line":120,"column":21},"end":{"line":120,"column":61}},"58":{"start":{"line":121,"column":4},"end":{"line":124,"column":null}},"59":{"start":{"line":123,"column":6},"end":{"line":123,"column":13}},"60":{"start":{"line":125,"column":4},"end":{"line":129,"column":null}},"61":{"start":{"line":126,"column":6},"end":{"line":128,"column":null}},"62":{"start":{"line":127,"column":8},"end":{"line":127,"column":66}},"63":{"start":{"line":133,"column":4},"end":{"line":140,"column":null}},"64":{"start":{"line":134,"column":6},"end":{"line":138,"column":null}},"65":{"start":{"line":135,"column":8},"end":{"line":137,"column":null}},"66":{"start":{"line":136,"column":10},"end":{"line":136,"column":54}},"67":{"start":{"line":139,"column":6},"end":{"line":139,"column":13}},"68":{"start":{"line":141,"column":4},"end":{"line":141,"column":50}},"69":{"start":{"line":145,"column":20},"end":{"line":145,"column":56}},"70":{"start":{"line":146,"column":4},"end":{"line":146,"column":34}},"71":{"start":{"line":147,"column":4},"end":{"line":147,"column":19}},"72":{"start":{"line":151,"column":22},"end":{"line":151,"column":59}},"73":{"start":{"line":152,"column":15},"end":{"line":152,"column":17}},"74":{"start":{"line":153,"column":4},"end":{"line":155,"column":null}},"75":{"start":{"line":154,"column":6},"end":{"line":154,"column":32}},"76":{"start":{"line":156,"column":4},"end":{"line":156,"column":29}},"77":{"start":{"line":159,"column":4},"end":{"line":159,"column":48}},"78":{"start":{"line":162,"column":4},"end":{"line":162,"column":36}},"79":{"start":{"line":163,"column":22},"end":{"line":163,"column":112}},"80":{"start":{"line":163,"column":75},"end":{"line":163,"column":111}},"81":{"start":{"line":164,"column":4},"end":{"line":166,"column":null}},"82":{"start":{"line":165,"column":6},"end":{"line":165,"column":18}},"83":{"start":{"line":167,"column":4},"end":{"line":167,"column":21}},"84":{"start":{"line":171,"column":4},"end":{"line":171,"column":28}},"85":{"start":{"line":173,"column":4},"end":{"line":181,"column":null}},"86":{"start":{"line":174,"column":23},"end":{"line":174,"column":72}},"87":{"start":{"line":175,"column":6},"end":{"line":177,"column":null}},"88":{"start":{"line":176,"column":8},"end":{"line":176,"column":17}},"89":{"start":{"line":178,"column":6},"end":{"line":180,"column":null}},"90":{"start":{"line":179,"column":8},"end":{"line":179,"column":36}},"91":{"start":{"line":182,"column":4},"end":{"line":201,"column":null}},"92":{"start":{"line":183,"column":23},"end":{"line":183,"column":72}},"93":{"start":{"line":184,"column":6},"end":{"line":186,"column":null}},"94":{"start":{"line":185,"column":8},"end":{"line":185,"column":17}},"95":{"start":{"line":187,"column":6},"end":{"line":200,"column":null}},"96":{"start":{"line":188,"column":8},"end":{"line":199,"column":null}},"97":{"start":{"line":189,"column":10},"end":{"line":191,"column":null}},"98":{"start":{"line":190,"column":12},"end":{"line":190,"column":21}},"99":{"start":{"line":193,"column":10},"end":{"line":198,"column":null}},"100":{"start":{"line":194,"column":12},"end":{"line":194,"column":62}},"101":{"start":{"line":195,"column":12},"end":{"line":195,"column":64}},"102":{"start":{"line":196,"column":12},"end":{"line":196,"column":48}},"103":{"start":{"line":197,"column":12},"end":{"line":197,"column":48}},"104":{"start":{"line":202,"column":4},"end":{"line":202,"column":31}},"105":{"start":{"line":206,"column":4},"end":{"line":231,"column":null}},"106":{"start":{"line":207,"column":22},"end":{"line":207,"column":26}},"107":{"start":{"line":208,"column":6},"end":{"line":212,"column":null}},"108":{"start":{"line":209,"column":8},"end":{"line":211,"column":null}},"109":{"start":{"line":210,"column":10},"end":{"line":210,"column":24}},"110":{"start":{"line":213,"column":6},"end":{"line":215,"column":null}},"111":{"start":{"line":214,"column":8},"end":{"line":214,"column":15}},"112":{"start":{"line":216,"column":6},"end":{"line":218,"column":null}},"113":{"start":{"line":217,"column":8},"end":{"line":217,"column":15}},"114":{"start":{"line":220,"column":23},"end":{"line":220,"column":58}},"115":{"start":{"line":221,"column":6},"end":{"line":230,"column":null}},"116":{"start":{"line":222,"column":8},"end":{"line":222,"column":61}},"117":{"start":{"line":223,"column":30},"end":{"line":223,"column":48}},"118":{"start":{"line":224,"column":8},"end":{"line":227,"column":null}},"119":{"start":{"line":225,"column":10},"end":{"line":225,"column":103}},"120":{"start":{"line":226,"column":10},"end":{"line":226,"column":19}},"121":{"start":{"line":228,"column":8},"end":{"line":228,"column":42}},"122":{"start":{"line":229,"column":8},"end":{"line":229,"column":54}},"123":{"start":{"line":235,"column":4},"end":{"line":235,"column":28}},"124":{"start":{"line":239,"column":4},"end":{"line":241,"column":null}},"125":{"start":{"line":240,"column":6},"end":{"line":240,"column":13}},"126":{"start":{"line":242,"column":30},"end":{"line":242,"column":74}},"127":{"start":{"line":243,"column":22},"end":{"line":243,"column":24}},"128":{"start":{"line":244,"column":4},"end":{"line":246,"column":null}},"129":{"start":{"line":245,"column":6},"end":{"line":245,"column":33}},"130":{"start":{"line":248,"column":22},"end":{"line":248,"column":99}},"131":{"start":{"line":249,"column":4},"end":{"line":251,"column":null}},"132":{"start":{"line":250,"column":6},"end":{"line":250,"column":13}},"133":{"start":{"line":252,"column":29},"end":{"line":252,"column":73}},"134":{"start":{"line":254,"column":24},"end":{"line":254,"column":70}},"135":{"start":{"line":255,"column":22},"end":{"line":255,"column":65}},"136":{"start":{"line":256,"column":4},"end":{"line":260,"column":null}},"137":{"start":{"line":257,"column":6},"end":{"line":259,"column":null}},"138":{"start":{"line":258,"column":8},"end":{"line":258,"column":60}},"139":{"start":{"line":261,"column":4},"end":{"line":261,"column":51}},"140":{"start":{"line":262,"column":4},"end":{"line":262,"column":52}},"141":{"start":{"line":263,"column":4},"end":{"line":265,"column":null}},"142":{"start":{"line":264,"column":6},"end":{"line":264,"column":47}},"143":{"start":{"line":269,"column":4},"end":{"line":269,"column":45}},"144":{"start":{"line":274,"column":4},"end":{"line":278,"column":null}},"145":{"start":{"line":275,"column":6},"end":{"line":277,"column":null}},"146":{"start":{"line":276,"column":8},"end":{"line":276,"column":21}},"147":{"start":{"line":279,"column":4},"end":{"line":279,"column":16}},"148":{"start":{"line":9,"column":0},"end":{"line":9,"column":13}}},"fnMap":{"0":{"name":"(anonymous_0)","decl":{"start":{"line":17,"column":2},"end":{"line":17,"column":14}},"loc":{"start":{"line":17,"column":80},"end":{"line":23,"column":3}}},"1":{"name":"(anonymous_1)","decl":{"start":{"line":25,"column":9},"end":{"line":25,"column":20}},"loc":{"start":{"line":25,"column":20},"end":{"line":27,"column":3}}},"2":{"name":"(anonymous_2)","decl":{"start":{"line":29,"column":9},"end":{"line":29,"column":25}},"loc":{"start":{"line":29,"column":25},"end":{"line":45,"column":3}}},"3":{"name":"(anonymous_3)","decl":{"start":{"line":47,"column":9},"end":{"line":47,"column":44}},"loc":{"start":{"line":47,"column":65},"end":{"line":61,"column":3}}},"4":{"name":"(anonymous_4)","decl":{"start":{"line":63,"column":9},"end":{"line":63,"column":35}},"loc":{"start":{"line":63,"column":56},"end":{"line":73,"column":3}}},"5":{"name":"(anonymous_5)","decl":{"start":{"line":74,"column":9},"end":{"line":74,"column":31}},"loc":{"start":{"line":74,"column":75},"end":{"line":79,"column":3}}},"6":{"name":"(anonymous_6)","decl":{"start":{"line":81,"column":9},"end":{"line":81,"column":34}},"loc":{"start":{"line":81,"column":53},"end":{"line":91,"column":3}}},"7":{"name":"(anonymous_7)","decl":{"start":{"line":82,"column":55},"end":{"line":82,"column":56}},"loc":{"start":{"line":82,"column":78},"end":{"line":86,"column":5}}},"8":{"name":"(anonymous_8)","decl":{"start":{"line":93,"column":9},"end":{"line":93,"column":41}},"loc":{"start":{"line":93,"column":60},"end":{"line":103,"column":3}}},"9":{"name":"(anonymous_9)","decl":{"start":{"line":94,"column":55},"end":{"line":94,"column":56}},"loc":{"start":{"line":94,"column":78},"end":{"line":98,"column":5}}},"10":{"name":"(anonymous_10)","decl":{"start":{"line":105,"column":9},"end":{"line":105,"column":39}},"loc":{"start":{"line":105,"column":61},"end":{"line":115,"column":3}}},"11":{"name":"(anonymous_11)","decl":{"start":{"line":106,"column":55},"end":{"line":106,"column":56}},"loc":{"start":{"line":106,"column":78},"end":{"line":110,"column":5}}},"12":{"name":"(anonymous_12)","decl":{"start":{"line":117,"column":9},"end":{"line":117,"column":30}},"loc":{"start":{"line":117,"column":51},"end":{"line":130,"column":3}}},"13":{"name":"(anonymous_13)","decl":{"start":{"line":132,"column":9},"end":{"line":132,"column":23}},"loc":{"start":{"line":132,"column":74},"end":{"line":142,"column":3}}},"14":{"name":"(anonymous_14)","decl":{"start":{"line":144,"column":9},"end":{"line":144,"column":28}},"loc":{"start":{"line":144,"column":46},"end":{"line":148,"column":3}}},"15":{"name":"(anonymous_15)","decl":{"start":{"line":150,"column":9},"end":{"line":150,"column":32}},"loc":{"start":{"line":150,"column":53},"end":{"line":157,"column":3}}},"16":{"name":"(anonymous_16)","decl":{"start":{"line":158,"column":9},"end":{"line":158,"column":26}},"loc":{"start":{"line":158,"column":47},"end":{"line":160,"column":3}}},"17":{"name":"(anonymous_17)","decl":{"start":{"line":161,"column":9},"end":{"line":161,"column":50}},"loc":{"start":{"line":161,"column":66},"end":{"line":168,"column":3}}},"18":{"name":"(anonymous_18)","decl":{"start":{"line":163,"column":56},"end":{"line":163,"column":57}},"loc":{"start":{"line":163,"column":75},"end":{"line":163,"column":111}}},"19":{"name":"(anonymous_19)","decl":{"start":{"line":170,"column":9},"end":{"line":170,"column":25}},"loc":{"start":{"line":170,"column":47},"end":{"line":203,"column":3}}},"20":{"name":"(anonymous_20)","decl":{"start":{"line":205,"column":9},"end":{"line":205,"column":33}},"loc":{"start":{"line":205,"column":46},"end":{"line":232,"column":3}}},"21":{"name":"(anonymous_21)","decl":{"start":{"line":234,"column":9},"end":{"line":234,"column":30}},"loc":{"start":{"line":234,"column":30},"end":{"line":236,"column":3}}},"22":{"name":"(anonymous_22)","decl":{"start":{"line":238,"column":9},"end":{"line":238,"column":22}},"loc":{"start":{"line":238,"column":43},"end":{"line":266,"column":3}}},"23":{"name":"(anonymous_23)","decl":{"start":{"line":268,"column":9},"end":{"line":268,"column":47}},"loc":{"start":{"line":268,"column":85},"end":{"line":270,"column":3}}},"24":{"name":"(anonymous_24)","decl":{"start":{"line":272,"column":9},"end":{"line":272,"column":27}},"loc":{"start":{"line":272,"column":48},"end":{"line":280,"column":3}}}},"branchMap":{"0":{"loc":{"start":{"line":30,"column":4},"end":{"line":32,"column":null}},"type":"if","locations":[{"start":{"line":30,"column":4},"end":{"line":32,"column":null}},{"start":{"line":30,"column":4},"end":{"line":32,"column":null}}]},"1":{"loc":{"start":{"line":37,"column":6},"end":{"line":41,"column":null}},"type":"if","locations":[{"start":{"line":37,"column":6},"end":{"line":41,"column":null}},{"start":{"line":37,"column":6},"end":{"line":41,"column":null}}]},"2":{"loc":{"start":{"line":48,"column":4},"end":{"line":50,"column":null}},"type":"if","locations":[{"start":{"line":48,"column":4},"end":{"line":50,"column":null}},{"start":{"line":48,"column":4},"end":{"line":50,"column":null}}]},"3":{"loc":{"start":{"line":51,"column":4},"end":{"line":55,"column":null}},"type":"if","locations":[{"start":{"line":51,"column":4},"end":{"line":55,"column":null}},{"start":{"line":51,"column":4},"end":{"line":55,"column":null}}]},"4":{"loc":{"start":{"line":57,"column":4},"end":{"line":60,"column":null}},"type":"if","locations":[{"start":{"line":57,"column":4},"end":{"line":60,"column":null}},{"start":{"line":57,"column":4},"end":{"line":60,"column":null}}]},"5":{"loc":{"start":{"line":65,"column":6},"end":{"line":69,"column":null}},"type":"if","locations":[{"start":{"line":65,"column":6},"end":{"line":69,"column":null}},{"start":{"line":65,"column":6},"end":{"line":69,"column":null}}]},"6":{"loc":{"start":{"line":66,"column":8},"end":{"line":68,"column":null}},"type":"if","locations":[{"start":{"line":66,"column":8},"end":{"line":68,"column":null}},{"start":{"line":66,"column":8},"end":{"line":68,"column":null}}]},"7":{"loc":{"start":{"line":83,"column":6},"end":{"line":85,"column":null}},"type":"if","locations":[{"start":{"line":83,"column":6},"end":{"line":85,"column":null}},{"start":{"line":83,"column":6},"end":{"line":85,"column":null}}]},"8":{"loc":{"start":{"line":87,"column":4},"end":{"line":89,"column":null}},"type":"if","locations":[{"start":{"line":87,"column":4},"end":{"line":89,"column":null}},{"start":{"line":87,"column":4},"end":{"line":89,"column":null}}]},"9":{"loc":{"start":{"line":95,"column":6},"end":{"line":97,"column":null}},"type":"if","locations":[{"start":{"line":95,"column":6},"end":{"line":97,"column":null}},{"start":{"line":95,"column":6},"end":{"line":97,"column":null}}]},"10":{"loc":{"start":{"line":99,"column":4},"end":{"line":101,"column":null}},"type":"if","locations":[{"start":{"line":99,"column":4},"end":{"line":101,"column":null}},{"start":{"line":99,"column":4},"end":{"line":101,"column":null}}]},"11":{"loc":{"start":{"line":107,"column":6},"end":{"line":109,"column":null}},"type":"if","locations":[{"start":{"line":107,"column":6},"end":{"line":109,"column":null}},{"start":{"line":107,"column":6},"end":{"line":109,"column":null}}]},"12":{"loc":{"start":{"line":111,"column":4},"end":{"line":113,"column":null}},"type":"if","locations":[{"start":{"line":111,"column":4},"end":{"line":113,"column":null}},{"start":{"line":111,"column":4},"end":{"line":113,"column":null}}]},"13":{"loc":{"start":{"line":121,"column":4},"end":{"line":124,"column":null}},"type":"if","locations":[{"start":{"line":121,"column":4},"end":{"line":124,"column":null}},{"start":{"line":121,"column":4},"end":{"line":124,"column":null}}]},"14":{"loc":{"start":{"line":126,"column":6},"end":{"line":128,"column":null}},"type":"if","locations":[{"start":{"line":126,"column":6},"end":{"line":128,"column":null}},{"start":{"line":126,"column":6},"end":{"line":128,"column":null}}]},"15":{"loc":{"start":{"line":133,"column":4},"end":{"line":140,"column":null}},"type":"if","locations":[{"start":{"line":133,"column":4},"end":{"line":140,"column":null}},{"start":{"line":133,"column":4},"end":{"line":140,"column":null}}]},"16":{"loc":{"start":{"line":135,"column":8},"end":{"line":137,"column":null}},"type":"if","locations":[{"start":{"line":135,"column":8},"end":{"line":137,"column":null}},{"start":{"line":135,"column":8},"end":{"line":137,"column":null}}]},"17":{"loc":{"start":{"line":164,"column":4},"end":{"line":166,"column":null}},"type":"if","locations":[{"start":{"line":164,"column":4},"end":{"line":166,"column":null}},{"start":{"line":164,"column":4},"end":{"line":166,"column":null}}]},"18":{"loc":{"start":{"line":175,"column":6},"end":{"line":177,"column":null}},"type":"if","locations":[{"start":{"line":175,"column":6},"end":{"line":177,"column":null}},{"start":{"line":175,"column":6},"end":{"line":177,"column":null}}]},"19":{"loc":{"start":{"line":184,"column":6},"end":{"line":186,"column":null}},"type":"if","locations":[{"start":{"line":184,"column":6},"end":{"line":186,"column":null}},{"start":{"line":184,"column":6},"end":{"line":186,"column":null}}]},"20":{"loc":{"start":{"line":188,"column":8},"end":{"line":199,"column":null}},"type":"if","locations":[{"start":{"line":188,"column":8},"end":{"line":199,"column":null}},{"start":{"line":188,"column":8},"end":{"line":199,"column":null}}]},"21":{"loc":{"start":{"line":189,"column":10},"end":{"line":191,"column":null}},"type":"if","locations":[{"start":{"line":189,"column":10},"end":{"line":191,"column":null}},{"start":{"line":189,"column":10},"end":{"line":191,"column":null}}]},"22":{"loc":{"start":{"line":193,"column":10},"end":{"line":198,"column":null}},"type":"if","locations":[{"start":{"line":193,"column":10},"end":{"line":198,"column":null}},{"start":{"line":193,"column":10},"end":{"line":198,"column":null}}]},"23":{"loc":{"start":{"line":206,"column":4},"end":{"line":231,"column":null}},"type":"if","locations":[{"start":{"line":206,"column":4},"end":{"line":231,"column":null}},{"start":{"line":206,"column":4},"end":{"line":231,"column":null}}]},"24":{"loc":{"start":{"line":206,"column":8},"end":{"line":206,"column":59}},"type":"binary-expr","locations":[{"start":{"line":206,"column":8},"end":{"line":206,"column":59}},{"start":{"line":206,"column":63},"end":{"line":206,"column":100}}]},"25":{"loc":{"start":{"line":209,"column":8},"end":{"line":211,"column":null}},"type":"if","locations":[{"start":{"line":209,"column":8},"end":{"line":211,"column":null}},{"start":{"line":209,"column":8},"end":{"line":211,"column":null}}]},"26":{"loc":{"start":{"line":213,"column":6},"end":{"line":215,"column":null}},"type":"if","locations":[{"start":{"line":213,"column":6},"end":{"line":215,"column":null}},{"start":{"line":213,"column":6},"end":{"line":215,"column":null}}]},"27":{"loc":{"start":{"line":216,"column":6},"end":{"line":218,"column":null}},"type":"if","locations":[{"start":{"line":216,"column":6},"end":{"line":218,"column":null}},{"start":{"line":216,"column":6},"end":{"line":218,"column":null}}]},"28":{"loc":{"start":{"line":224,"column":8},"end":{"line":227,"column":null}},"type":"if","locations":[{"start":{"line":224,"column":8},"end":{"line":227,"column":null}},{"start":{"line":224,"column":8},"end":{"line":227,"column":null}}]},"29":{"loc":{"start":{"line":239,"column":4},"end":{"line":241,"column":null}},"type":"if","locations":[{"start":{"line":239,"column":4},"end":{"line":241,"column":null}},{"start":{"line":239,"column":4},"end":{"line":241,"column":null}}]},"30":{"loc":{"start":{"line":249,"column":4},"end":{"line":251,"column":null}},"type":"if","locations":[{"start":{"line":249,"column":4},"end":{"line":251,"column":null}},{"start":{"line":249,"column":4},"end":{"line":251,"column":null}}]},"31":{"loc":{"start":{"line":256,"column":4},"end":{"line":260,"column":null}},"type":"if","locations":[{"start":{"line":256,"column":4},"end":{"line":260,"column":null}},{"start":{"line":256,"column":4},"end":{"line":260,"column":null}}]},"32":{"loc":{"start":{"line":275,"column":6},"end":{"line":277,"column":null}},"type":"if","locations":[{"start":{"line":275,"column":6},"end":{"line":277,"column":null}},{"start":{"line":275,"column":6},"end":{"line":277,"column":null}}]}},"s":{"0":7,"1":7,"2":7,"3":50,"4":50,"5":50,"6":50,"7":50,"8":50,"9":0,"10":9,"11":2,"12":7,"13":7,"14":3,"15":3,"16":1,"17":1,"18":1,"19":3,"20":1,"21":0,"22":1,"23":0,"24":0,"25":1,"26":1,"27":1,"28":8,"29":0,"30":0,"31":0,"32":0,"33":8,"34":3,"35":3,"36":3,"37":3,"38":3,"39":3,"40":3,"41":3,"42":0,"43":3,"44":5,"45":5,"46":2,"47":5,"48":3,"49":2,"50":0,"51":0,"52":0,"53":0,"54":0,"55":0,"56":1,"57":1,"58":1,"59":1,"60":0,"61":0,"62":0,"63":1,"64":0,"65":0,"66":0,"67":0,"68":1,"69":4,"70":4,"71":4,"72":0,"73":0,"74":0,"75":0,"76":0,"77":3,"78":2,"79":2,"80":2,"81":2,"82":1,"83":1,"84":9,"85":9,"86":5,"87":5,"88":5,"89":0,"90":0,"91":9,"92":5,"93":5,"94":5,"95":0,"96":0,"97":0,"98":0,"99":0,"100":0,"101":0,"102":0,"103":0,"104":9,"105":1,"106":1,"107":1,"108":1,"109":1,"110":1,"111":0,"112":1,"113":0,"114":1,"115":1,"116":0,"117":0,"118":0,"119":0,"120":0,"121":0,"122":0,"123":1,"124":1,"125":0,"126":1,"127":1,"128":1,"129":1,"130":1,"131":1,"132":1,"133":0,"134":0,"135":0,"136":0,"137":0,"138":0,"139":0,"140":0,"141":0,"142":0,"143":0,"144":2,"145":0,"146":0,"147":2,"148":7},"f":{"0":50,"1":0,"2":9,"3":1,"4":8,"5":3,"6":3,"7":3,"8":5,"9":5,"10":0,"11":0,"12":1,"13":1,"14":4,"15":0,"16":3,"17":2,"18":2,"19":9,"20":1,"21":1,"22":1,"23":0,"24":2},"b":{"0":[2,7],"1":[1,2],"2":[0,1],"3":[0,1],"4":[1,0],"5":[0,0],"6":[0,0],"7":[3,0],"8":[0,3],"9":[2,3],"10":[3,2],"11":[0,0],"12":[0,0],"13":[1,0],"14":[0,0],"15":[0,1],"16":[0,0],"17":[1,1],"18":[5,0],"19":[5,0],"20":[0,0],"21":[0,0],"22":[0,0],"23":[1,0],"24":[1,1],"25":[1,0],"26":[0,1],"27":[0,1],"28":[0,0],"29":[0,1],"30":[1,0],"31":[0,0],"32":[0,0]}}
[...]
name":"(anonymous_32)","decl":{"start":{"line":354,"column":9},"end":{"line":354,"column":27}},"loc":{"start":{"line":354,"column":74},"end":{"line":372,"column":3}}},"33":{"name":"(anonymous_33)","decl":{"start":{"line":374,"column":9},"end":{"line":374,"column":32}},"loc":{"start":{"line":374,"column":53},"end":{"line":382,"column":3}}},"34":{"name":"(anonymous_34)","decl":{"start":{"line":384,"column":9},"end":{"line":384,"column":38}},"loc":{"start":{"line":384,"column":59},"end":{"line":391,"column":3}}},"35":{"name":"(anonymous_35)","decl":{"start":{"line":392,"column":9},"end":{"line":392,"column":19}},"loc":{"start":{"line":392,"column":33},"end":{"line":394,"column":3}}},"36":{"name":"(anonymous_36)","decl":{"start":{"line":395,"column":9},"end":{"line":395,"column":17}},"loc":{"start":{"line":395,"column":29},"end":{"line":403,"column":3}}},"37":{"name":"(anonymous_37)","decl":{"start":{"line":405,"column":9},"end":{"line":405,"column":39}},"loc":{"start":{"line":405,"column":60},"end":{"line":443,"column":3}}}},"branchMap":{"0":{"loc":{"start":{"line":15,"column":4},"end":{"line":18,"column":null}},"type":"if","locations":[{"start":{"line":15,"column":4},"end":{"line":18,"column":null}},{"start":{"line":15,"column":4},"end":{"line":18,"column":null}}]},"1":{"loc":{"start":{"line":15,"column":8},"end":{"line":15,"column":36}},"type":"binary-expr","locations":[{"start":{"line":15,"column":8},"end":{"line":15,"column":36}},{"start":{"line":15,"column":40},"end":{"line":15,"column":54}}]},"2":{"loc":{"start":{"line":25,"column":4},"end":{"line":62,"column":null}},"type":"if","locations":[{"start":{"line":25,"column":4},"end":{"line":62,"column":null}},{"start":{"line":25,"column":4},"end":{"line":62,"column":null}}]},"3":{"loc":{"start":{"line":27,"column":6},"end":{"line":32,"column":null}},"type":"if","locations":[{"start":{"line":27,"column":6},"end":{"line":32,"column":null}},{"start":{"line":27,"column":6},"end":{"line":32,"column":null}}]},"4":{"loc":{"start":{"line":34,"column":6},"end":{"line":37,"column":null}},"type":"if","locations":[{"start":{"line":34,"column":6},"end":{"line":37,"column":null}},{"start":{"line":34,"column":6},"end":{"line":37,"column":null}}]},"5":{"loc":{"start":{"line":34,"column":10},"end":{"line":34,"column":40}},"type":"binary-expr","locations":[{"start":{"line":34,"column":10},"end":{"line":34,"column":40}},{"start":{"line":34,"column":44},"end":{"line":34,"column":60}}]},"6":{"loc":{"start":{"line":38,"column":6},"end":{"line":44,"column":null}},"type":"if","locations":[{"start":{"line":38,"column":6},"end":{"line":44,"column":null}},{"start":{"line":38,"column":6},"end":{"line":44,"column":null}}]},"7":{"loc":{"start":{"line":38,"column":10},"end":{"line":38,"column":43}},"type":"binary-expr","locations":[{"start":{"line":38,"column":10},"end":{"line":38,"column":43}},{"start":{"line":38,"column":47},"end":{"line":38,"column":65}}]},"8":{"loc":{"start":{"line":45,"column":6},"end":{"line":48,"column":null}},"type":"if","locations":[{"start":{"line":45,"column":6},"end":{"line":48,"column":null}},{"start":{"line":45,"column":6},"end":{"line":48,"column":null}}]},"9":{"loc":{"start":{"line":45,"column":10},"end":{"line":45,"column":43}},"type":"binary-expr","locations":[{"start":{"line":45,"column":10},"end":{"line":45,"column":43}},{"start":{"line":45,"column":47},"end":{"line":45,"column":67}}]},"10":{"loc":{"start":{"line":49,"column":6},"end":{"line":51,"column":null}},"type":"if","locations":[{"start":{"line":49,"column":6},"end":{"line":51,"column":null}},{"start":{"line":49,"column":6},"end":{"line":51,"column":null}}]},"11":{"loc":{"start":{"line":66,"column":4},"end":{"line":68,"column":null}},"type":"if","locations":[{"start":{"line":66,"column":4},"end":{"line":68,"column":null}},{"start":{"line":66,"column":4},"end":{"line":68,"column":null}}]},"12":{"loc":{"start":{"line":74,"column":4},"end":{"line":76,"column":null}},"type":"if","locations":[{"start":{"line":74,"column":4},"end":{"line":76,"column":null}},{"start":{"line":74,"column":4},"end":{"line":76,"column":null}}]},"13":{"loc":{"start":{"line":74,"column":8},"end":{"line":74,"column":52}},"type":"binary-expr","locations":[{"start":{"line":74,"column":8},"end":{"line":74,"column":52}},{"start":{"line":74,"column":56},"end":{"line":74,"column":86}}]},"14":{"loc":{"start":{"line":84,"column":4},"end":{"line":86,"column":null}},"type":"if","locations":[{"start":{"line":84,"column":4},"end":{"line":86,"column":null}},{"start":{"line":84,"column":4},"end":{"line":86,"column":null}}]},"15":{"loc":{"start":{"line":91,"column":4},"end":{"line":93,"column":null}},"type":"if","locations":[{"start":{"line":91,"column":4},"end":{"line":93,"column":null}},{"start":{"line":91,"column":4},"end":{"line":93,"column":null}}]},"16":{"loc":{"start":{"line":91,"column":8},"end":{"line":91,"column":35}},"type":"binary-expr","locations":[{"start":{"line":91,"column":8},"end":{"line":91,"column":35}},{"start":{"line":91,"column":39},"end":{"line":91,"column":69}}]},"17":{"loc":{"start":{"line":95,"column":6},"end":{"line":97,"column":null}},"type":"if","locations":[{"start":{"line":95,"column":6},"end":{"line":97,"column":null}},{"start":{"line":95,"column":6},"end":{"line":97,"column":null}}]},"18":{"loc":{"start":{"line":95,"column":10},"end":{"line":95,"column":29}},"type":"binary-expr","locations":[{"start":{"line":95,"column":10},"end":{"line":95,"column":29}},{"start":{"line":95,"column":33},"end":{"line":95,"column":55}}]},"19":{"loc":{"start":{"line":114,"column":4},"end":{"line":118,"column":null}},"type":"if","locations":[{"start":{"line":114,"column":4},"end":{"line":118,"column":null}},{"start":{"line":114,"column":4},"end":{"line":118,"column":null}}]},"20":{"loc":{"start":{"line":132,"column":4},"end":{"line":134,"column":null}},"type":"if","locations":[{"start":{"line":132,"column":4},"end":{"line":134,"column":null}},{"start":{"line":132,"column":4},"end":{"line":134,"column":null}}]},"21":{"loc":{"start":{"line":138,"column":6},"end":{"line":140,"column":null}},"type":"if","locations":[{"start":{"line":138,"column":6},"end":{"line":140,"column":null}},{"start":{"line":138,"column":6},"end":{"line":140,"column":null}}]},"22":{"loc":{"start":{"line":138,"column":10},"end":{"line":138,"column":35}},"type":"binary-expr","locations":[{"start":{"line":138,"column":10},"end":{"line":138,"column":35}},{"start":{"line":138,"column":39},"end":{"line":138,"column":70}}]},"23":{"loc":{"start":{"line":152,"column":4},"end":{"line":154,"column":null}},"type":"if","locations":[{"start":{"line":152,"column":4},"end":{"line":154,"column":null}},{"start":{"line":152,"column":4},"end":{"line":154,"column":null}}]},"24":{"loc":{"start":{"line":161,"column":4},"end":{"line":166,"column":null}},"type":"if","locations":[{"start":{"line":161,"column":4},"end":{"line":166,"column":null}},{"start":{"line":161,"column":4},"end":{"line":166,"column":null}}]},"25":{"loc":{"start":{"line":172,"column":6},"end":{"line":187,"column":null}},"type":"if","locations":[{"start":{"line":172,"column":6},"end":{"line":187,"column":null}},{"start":{"line":172,"column":6},"end":{"line":187,"column":null}}]},"26":{"loc":{"start":{"line":180,"column":8},"end":{"line":184,"column":null}},"type":"if","locations":[{"start":{"line":180,"column":8},"end":{"line":184,"column":null}},{"start":{"line":180,"column":8},"end":{"line":184,"column":null}}]},"27":{"loc":{"start":{"line":203,"column":4},"end":{"line":205,"column":null}},"type":"if","locations":[{"start":{"line":203,"column":4},"end":{"line":205,"column":null}},{"start":{"line":203,"column":4},"end":{"line":205,"column":null}}]},"28":{"loc":{"start":{"line":215,"column":4},"end":{"line":220,"column":null}},"type":"if","locations":[{"start":{"line":215,"column":4},"end":{"line":220,"column":null}},{"start":{"line":215,"column":4},"end":{"line":220,"column":null}}]},"29":{"loc":{"start":{"line":230,"column":4},"end":{"line":235,"column":null}},"type":"if","locations":[{"start":{"line":230,"column":4},"end":{"line":235,"column":null}},{"start":{"line":230,"column":4},"end":{"line":235,"column":null}}]},"30":{"loc":{"start":{"line":246,"column":4},"end":{"line":248,"column":null}},"type":"if","locations":[{"start":{"line":246,"column":4},"end":{"line":248,"column":null}},{"start":{"line":246,"column":4},"end":{"line":248,"column":null}}]},"31":{"loc":{"start":{"line":246,"column":8},"end":{"line":246,"column":44}},"type":"binary-expr","locations":[{"start":{"line":246,"column":8},"end":{"line":246,"column":44}},{"start":{"line":246,"column":48},"end":{"line":246,"column":77}}]},"32":{"loc":{"start":{"line":256,"column":4},"end":{"line":258,"column":null}},"type":"if","locations":[{"start":{"line":256,"column":4},"end":{"line":258,"column":null}},{"start":{"line":256,"column":4},"end":{"line":258,"column":null}}]},"33":{"loc":{"start":{"line":256,"column":8},"end":{"line":256,"column":35}},"type":"binary-expr","locations":[{"start":{"line":256,"column":8},"end":{"line":256,"column":35}},{"start":{"line":256,"column":39},"end":{"line":256,"column":52}}]},"34":{"loc":{"start":{"line":263,"column":4},"end":{"line":265,"column":null}},"type":"if","locations":[{"start":{"line":263,"column":4},"end":{"line":265,"column":null}},{"start":{"line":263,"column":4},"end":{"line":265,"column":null}}]},"35":{"loc":{"start":{"line":282,"column":4},"end":{"line":284,"column":null}},"type":"if","locations":[{"start":{"line":282,"column":4},"end":{"line":284,"column":null}},{"start":{"line":282,"column":4},"end":{"line":284,"column":null}}]},"36":{"loc":{"start":{"line":285,"column":4},"end":{"line":287,"column":null}},"type":"if","locations":[{"start":{"line":285,"column":4},"end":{"line":287,"column":null}},{"start":{"line":285,"column":4},"end":{"line":287,"column":null}}]},"37":{"loc":{"start":{"line":288,"column":4},"end":{"line":294,"column":null}},"type":"if","locations":[{"start":{"line":288,"column":4},"end":{"line":294,"column":null}},{"start":{"line":288,"column":4},"end":{"line":294,"column":null}}]},"38":{"loc":{"start":{"line":290,"column":8},"end":{"line":292,"column":null}},"type":"if","locations":[{"start":{"line":290,"column":8},"end":{"line":292,"column":null}},{"start":{"line":290,"column":8},"end":{"line":292,"column":null}}]},"39":{"loc":{"start":{"line":298,"column":4},"end":{"line":303,"column":null}},"type":"if","locations":[{"start":{"line":298,"column":4},"end":{"line":303,"column":null}},{"start":{"line":298,"column":4},"end":{"line":303,"column":null}}]},"40":{"loc":{"start":{"line":311,"column":4},"end":{"line":313,"column":null}},"type":"if","locations":[{"start":{"line":311,"column":4},"end":{"line":313,"column":null}},{"start":{"line":311,"column":4},"end":{"line":313,"column":null}}]},"41":{"loc":{"start":{"line":320,"column":6},"end":{"line":322,"column":null}},"type":"if","locations":[{"start":{"line":320,"column":6},"end":{"line":322,"column":null}},{"start":{"line":320,"column":6},"end":{"line":322,"column":null}}]},"42":{"loc":{"start":{"line":333,"column":6},"end":{"line":335,"column":null}},"type":"if","locations":[{"start":{"line":333,"column":6},"end":{"line":335,"column":null}},{"start":{"line":333,"column":6},"end":{"line":335,"column":null}}]},"43":{"loc":{"start":{"line":343,"column":6},"end":{"line":347,"column":null}},"type":"if","locations":[{"start":{"line":343,"column":6},"end":{"line":347,"column":null}},{"start":{"line":343,"column":6},"end":{"line":347,"column":null}}]},"44":{"loc":{"start":{"line":343,"column":10},"end":{"line":343,"column":54}},"type":"binary-expr","locations":[{"start":{"line":343,"column":10},"end":{"line":343,"column":54}},{"start":{"line":343,"column":58},"end":{"line":343,"column":102}}]},"45":{"loc":{"start":{"line":344,"column":8},"end":{"line":346,"column":10}},"type":"if","locations":[{"start":{"line":344,"column":8},"end":{"line":346,"column":10}},{"start":{"line":344,"column":8},"end":{"line":346,"column":10}}]},"46":{"loc":{"start":{"line":348,"column":6},"end":{"line":350,"column":null}},"type":"if","locations":[{"start":{"line":348,"column":6},"end":{"line":350,"column":null}},{"start":{"line":348,"column":6},"end":{"line":350,"column":null}}]},"47":{"loc":{"start":{"line":348,"column":10},"end":{"line":348,"column":35}},"type":"binary-expr","locations":[{"start":{"line":348,"column":10},"end":{"line":348,"column":35}},{"start":{"line":348,"column":39},"end":{"line":348,"column":67}}]},"48":{"loc":{"start":{"line":359,"column":6},"end":{"line":361,"column":null}},"type":"if","locations":[{"start":{"line":359,"column":6},"end":{"line":361,"column":null}},{"start":{"line":359,"column":6},"end":{"line":361,"column":null}}]},"49":{"loc":{"start":{"line":363,"column":17},"end":{"line":363,"column":36}},"type":"binary-expr","locations":[{"start":{"line":363,"column":17},"end":{"line":363,"column":36}},{"start":{"line":363,"column":40},"end":{"line":363,"column":59}}]},"50":{"loc":{"start":{"line":366,"column":6},"end":{"line":369,"column":null}},"type":"if","locations":[{"start":{"line":366,"column":6},"end":{"line":369,"column":null}},{"start":{"line":366,"column":6},"end":{"line":369,"column":null}}]},"51":{"loc":{"start":{"line":375,"column":4},"end":{"line":377,"column":null}},"type":"if","locations":[{"start":{"line":375,"column":4},"end":{"line":377,"column":null}},{"start":{"line":375,"column":4},"end":{"line":377,"column":null}}]},"52":{"loc":{"start":{"line":378,"column":4},"end":{"line":380,"column":null}},"type":"if","locations":[{"start":{"line":378,"column":4},"end":{"line":380,"column":null}},{"start":{"line":378,"column":4},"end":{"line":380,"column":null}}]},"53":{"loc":{"start":{"line":386,"column":6},"end":{"line":388,"column":null}},"type":"if","locations":[{"start":{"line":386,"column":6},"end":{"line":388,"column":null}},{"start":{"line":386,"column":6},"end":{"line":388,"column":null}}]},"54":{"loc":{"start":{"line":396,"column":4},"end":{"line":398,"column":null}},"type":"if","locations":[{"start":{"line":396,"column":4},"end":{"line":398,"column":null}},{"start":{"line":396,"column":4},"end":{"line":398,"column":null}}]},"55":{"loc":{"start":{"line":412,"column":4},"end":{"line":442,"column":null}},"type":"if","locations":[{"start":{"line":412,"column":4},"end":{"line":442,"column":null}},{"start":{"line":412,"column":4},"end":{"line":442,"column":null}}]},"56":{"loc":{"start":{"line":415,"column":6},"end":{"line":417,"column":null}},"type":"if","locations":[{"start":{"line":415,"column":6},"end":{"line":417,"column":null}},{"start":{"line":415,"column":6},"end":{"line":417,"column":null}}]},"57":{"loc":{"start":{"line":419,"column":6},"end":{"line":421,"column":null}},"type":"if","locations":[{"start":{"line":419,"column":6},"end":{"line":421,"column":null}},{"start":{"line":419,"column":6},"end":{"line":421,"column":null}}]},"58":{"loc":{"start":{"line":435,"column":6},"end":{"line":437,"column":null}},"type":"if","locations":[{"start":{"line":435,"column":6},"end":{"line":437,"column":null}},{"start":{"line":435,"column":6},"end":{"line":437,"column":null}}]}},"s":{"0":7,"1":7,"2":7,"3":7,"4":26,"5":0,"6":26,"7":26,"8":26,"9":8,"10":8,"11":8,"12":0,"13":0,"14":8,"15":8,"16":0,"17":0,"18":8,"19":0,"20":0,"21":8,"22":0,"23":0,"24":8,"25":8,"26":8,"27":8,"28":0,"29":8,"30":0,"31":0,"32":0,"33":7,"34":0,"35":8,"36":8,"37":8,"38":0,"39":3,"40":0,"41":3,"42":0,"43":0,"44":3,"45":3,"46":0,"47":0,"48":0,"49":0,"50":0,"51":0,"52":0,"53":0,"54":8,"55":4,"56":74,"57":14,"58":0,"59":14,"60":14,"61":70,"62":70,"63":20,"64":14,"65":8,"66":8,"67":8,"68":0,"69":0,"70":8,"71":0,"72":8,"73":4,"74":4,"75":4,"76":0,"77":0,"78":2,"79":2,"80":4,"81":4,"82":4,"83":4,"84":4,"85":4,"86":16,"87":0,"88":0,"89":0,"90":0,"91":0,"92":0,"93":0,"94":0,"95":0,"96":0,"97":0,"98":0,"99":0,"100":0,"101":0,"102":0,"103":0,"104":0,"105":3,"106":3,"107":3,"108":3,"109":3,"110":0,"111":0,"112":3,"113":3,"114":3,"115":3,"116":0,"117":9,"118":0,"119":9,"120":9,"121":9,"122":9,"123":10,"124":10,"125":8,"126":2,"127":2,"128":0,"129":2,"130":6,"131":2,"132":0,"133":0,"134":0,"135":0,"136":0,"137":0,"138":0,"139":0,"140":0,"141":0,"142":0,"143":0,"144":0,"145":0,"146":0,"147":0,"148":0,"149":0,"150":0,"151":0,"152":0,"153":0,"154":0,"155":0,"156":0,"157":0,"158":0,"159":0,"160":0,"161":0,"162":0,"163":0,"164":0,"165":0,"166":0,"167":0,"168":0,"169":0,"170":3,"171":0,"172":0,"173":0,"174":0,"175":0,"176":3,"177":1,"178":3,"179":3,"180":3,"181":0,"182":3,"183":3,"184":3,"185":3,"186":3,"187":1,"188":0,"189":0,"190":0,"191":0,"192":0,"193":0,"194":0,"195":0,"196":0,"197":8,"198":0,"199":0,"200":0,"201":0,"202":0,"203":0,"204":8,"205":0,"206":8,"207":8,"208":0,"209":0,"210":0,"211":0,"212":0,"213":0,"214":0,"215":8,"216":8,"217":0,"218":0,"219":0,"220":7},"f":{"0":26,"1":8,"2":0,"3":7,"4":8,"5":8,"6":3,"7":0,"8":0,"9":0,"10":0,"11":8,"12":4,"13":74,"14":14,"15":8,"16":4,"17":2,"18":0,"19":0,"20":0,"21":3,"22":0,"23":9,"24":10,"25":0,"26":0,"27":0,"28":0,"29":0,"30":0,"31":3,"32":1,"33":0,"34":0,"35":8,"36":0,"37":8},"b":{"0":[0,26],"1":[26,26],"2":[8,0],"3":[0,8],"4":[0,8],"5":[8,8],"6":[0,8],"7":[8,8],"8":[0,8],"9":[8,8],"10":[8,0],"11":[0,0],"12":[0,7],"13":[7,7],"14":[8,0],"15":[0,3],"16":[3,3],"17":[0,0],"18":[0,0],"19":[0,0],"20":[0,14],"21":[20,50],"22":[70,70],"23":[0,8],"24":[4,0],"25":[4,0],"26":[4,0],"27":[0,0],"28":[0,0],"29":[3,0],"30":[0,9],"31":[9,9],"32":[8,2],"33":[10,10],"34":[0,2],"35":[0,0],"36":[0,0],"37":[0,0],"38":[0,0],"39":[0,0],"40":[0,0],"41":[0,0],"42":[0,0],"43":[0,0],"44":[0,0],"45":[0,0],"46":[0,0],"47":[0,0],"48":[0,3],"49":[3,0],"50":[3,0],"51":[0,0],"52":[0,0],"53":[0,0],"54":[0,0],"55":[0,8],"56":[0,0],"57":[0,0],"58":[8,0]}}
,"/Users/dominicjarmann/Documents/development/nails/src/core/math/Guid.ts": {"path":"/Users/dominicjarmann/Documents/development/nails/src/core/math/Guid.ts","statementMap":{"0":{"start":{"line":3,"column":4},"end":{"line":9,"column":7}},"1":{"start":{"line":6,"column":16},"end":{"line":6,"column":40}},"2":{"start":{"line":7,"column":12},"end":{"line":7,"column":43}},"3":{"start":{"line":8,"column":6},"end":{"line":8,"column":28}},"4":{"start":{"line":1,"column":0},"end":{"line":1,"column":13}}},"fnMap":{"0":{"name":"(anonymous_0)","decl":{"start":{"line":2,"column":9},"end":{"line":2,"column":15}},"loc":{"start":{"line":2,"column":23},"end":{"line":10,"column":3}}},"1":{"name":"(anonymous_1)","decl":{"start":{"line":3,"column":67},"end":{"line":3,"column":68}},"loc":{"start":{"line":3,"column":71},"end":{"line":9,"column":5}}}},"branchMap":{"0":{"loc":{"start":{"line":7,"column":24},"end":{"line":7,"column":25}},"type":"cond-expr","locations":[{"start":{"line":7,"column":24},"end":{"line":7,"column":25}},{"start":{"line":7,"column":28},"end":{"line":7,"column":43}}]}},"s":{"0":5,"1":155,"2":155,"3":155,"4":8},"f":{"0":5,"1":155},"b":{"0":[150,5]}}
,"/Users/dominicjarmann/Documents/development/nails/src/mocks/mock.component.ts": {"path":"/Users/dominicjarmann/Documents/development/nails/src/mocks/mock.component.ts","statementMap":{"0":{"start":{"line":1,"column":0},"end":{"line":1,"column":66}},"1":{"start":{"line":9,"column":4},"end":{"line":9,"column":17}},"2":{"start":{"line":5,"column":9},"end":{"line":7,"column":4}},"3":{"start":{"line":10,"column":4},"end":{"line":10,"column":27}},"4":{"start":{"line":11,"column":4},"end":{"line":11,"column":32}},"5":{"start":{"line":15,"column":4},"end":{"line":15,"column":36}},"6":{"start":{"line":4,"column":0},"end":{"line":4,"column":13}}},"fnMap":{"0":{"name":"(anonymous_0)","decl":{"start":{"line":8,"column":2},"end":{"line":8,"column":14}},"loc":{"start":{"line":8,"column":26},"end":{"line":12,"column":3}}},"1":{"name":"(anonymous_1)","decl":{"start":{"line":14,"column":9},"end":{"line":14,"column":15}},"loc":{"start":{"line":14,"column":15},"end":{"line":16,"column":3}}}},"branchMap":{},"s":{"0":3,"1":3,"2":3,"3":3,"4":3,"5":0,"6":3},"f":{"0":3,"1":0},"b":{}}
}
