{"/Users/dominicjarmann/Documents/development/nails/src/directiveDefinitions.ts": {"path":"/Users/dominicjarmann/Documents/development/nails/src/directiveDefinitions.ts","statementMap":{"0":{"start":{"line":3,"column":0},"end":{"line":3,"column":64}},"1":{"start":{"line":4,"column":0},"end":{"line":4,"column":55}},"2":{"start":{"line":9,"column":4},"end":{"line":9,"column":63}},"3":{"start":{"line":33,"column":28},"end":{"line":33,"column":92}},"4":{"start":{"line":35,"column":4},"end":{"line":37,"column":null}},"5":{"start":{"line":36,"column":6},"end":{"line":36,"column":33}},"6":{"start":{"line":38,"column":21},"end":{"line":47,"column":5}},"7":{"start":{"line":39,"column":22},"end":{"line":39,"column":85}},"8":{"start":{"line":40,"column":6},"end":{"line":44,"column":null}},"9":{"start":{"line":42,"column":8},"end":{"line":42,"column":52}},"10":{"start":{"line":43,"column":8},"end":{"line":43,"column":15}},"11":{"start":{"line":46,"column":6},"end":{"line":46,"column":41}},"12":{"start":{"line":48,"column":4},"end":{"line":48,"column":31}},"13":{"start":{"line":51,"column":21},"end":{"line":54,"column":5}},"14":{"start":{"line":53,"column":6},"end":{"line":53,"column":69}},"15":{"start":{"line":55,"column":4},"end":{"line":55,"column":32}},"16":{"start":{"line":58,"column":4},"end":{"line":62,"column":null}},"17":{"start":{"line":59,"column":6},"end":{"line":61,"column":null}},"18":{"start":{"line":60,"column":8},"end":{"line":60,"column":46}},"19":{"start":{"line":63,"column":4},"end":{"line":67,"column":7}},"20":{"start":{"line":64,"column":6},"end":{"line":66,"column":null}},"21":{"start":{"line":65,"column":8},"end":{"line":65,"column":46}},"22":{"start":{"line":71,"column":19},"end":{"line":71,"column":45}},"23":{"start":{"line":72,"column":28},"end":{"line":72,"column":72}},"24":{"start":{"line":73,"column":4},"end":{"line":73,"column":91}},"25":{"start":{"line":75,"column":4},"end":{"line":75,"column":35}},"26":{"start":{"line":84,"column":17},"end":{"line":84,"column":29}},"27":{"start":{"line":85,"column":29},"end":{"line":85,"column":73}},"28":{"start":{"line":86,"column":6},"end":{"line":102,"column":null}},"29":{"start":{"line":87,"column":23},"end":{"line":87,"column":70}},"30":{"start":{"line":88,"column":21},"end":{"line":88,"column":40}},"31":{"start":{"line":89,"column":8},"end":{"line":89,"column":21}},"32":{"start":{"line":90,"column":8},"end":{"line":90,"column":22}},"33":{"start":{"line":91,"column":8},"end":{"line":93,"column":null}},"34":{"start":{"line":92,"column":10},"end":{"line":92,"column":32}},"35":{"start":{"line":94,"column":8},"end":{"line":94,"column":62}},"36":{"start":{"line":96,"column":8},"end":{"line":101,"column":null}},"37":{"start":{"line":97,"column":10},"end":{"line":97,"column":101}},"38":{"start":{"line":100,"column":10},"end":{"line":100,"column":89}},"39":{"start":{"line":103,"column":6},"end":{"line":103,"column":26}},"40":{"start":{"line":105,"column":23},"end":{"line":105,"column":47}},"41":{"start":{"line":106,"column":16},"end":{"line":106,"column":40}},"42":{"start":{"line":107,"column":20},"end":{"line":107,"column":83}},"43":{"start":{"line":108,"column":19},"end":{"line":108,"column":21}},"44":{"start":{"line":109,"column":4},"end":{"line":113,"column":null}},"45":{"start":{"line":110,"column":6},"end":{"line":112,"column":null}},"46":{"start":{"line":111,"column":8},"end":{"line":111,"column":57}},"47":{"start":{"line":114,"column":4},"end":{"line":119,"column":null}},"48":{"start":{"line":115,"column":6},"end":{"line":115,"column":43}},"49":{"start":{"line":116,"column":6},"end":{"line":118,"column":null}},"50":{"start":{"line":117,"column":8},"end":{"line":117,"column":15}},"51":{"start":{"line":121,"column":4},"end":{"line":121,"column":26}},"52":{"start":{"line":123,"column":19},"end":{"line":123,"column":37}},"53":{"start":{"line":124,"column":4},"end":{"line":138,"column":null}},"54":{"start":{"line":125,"column":20},"end":{"line":125,"column":60}},"55":{"start":{"line":126,"column":6},"end":{"line":126,"column":42}},"56":{"start":{"line":127,"column":6},"end":{"line":127,"column":53}},"57":{"start":{"line":128,"column":6},"end":{"line":128,"column":32}},"58":{"start":{"line":129,"column":6},"end":{"line":129,"column":91}},"59":{"start":{"line":131,"column":6},"end":{"line":135,"column":null}},"60":{"start":{"line":132,"column":8},"end":{"line":134,"column":null}},"61":{"start":{"line":133,"column":10},"end":{"line":133,"column":52}},"62":{"start":{"line":136,"column":6},"end":{"line":136,"column":65}},"63":{"start":{"line":141,"column":4},"end":{"line":151,"column":null}},"64":{"start":{"line":142,"column":6},"end":{"line":150,"column":null}},"65":{"start":{"line":143,"column":8},"end":{"line":143,"column":45}},"66":{"start":{"line":145,"column":8},"end":{"line":145,"column":15}},"67":{"start":{"line":147,"column":8},"end":{"line":147,"column":44}},"68":{"start":{"line":149,"column":8},"end":{"line":149,"column":15}},"69":{"start":{"line":153,"column":19},"end":{"line":153,"column":24}},"70":{"start":{"line":154,"column":4},"end":{"line":157,"column":null}},"71":{"start":{"line":155,"column":6},"end":{"line":155,"column":41}},"72":{"start":{"line":156,"column":6},"end":{"line":156,"column":22}},"73":{"start":{"line":158,"column":4},"end":{"line":174,"column":null}},"74":{"start":{"line":159,"column":6},"end":{"line":171,"column":null}},"75":{"start":{"line":160,"column":8},"end":{"line":164,"column":null}},"76":{"start":{"line":161,"column":10},"end":{"line":161,"column":47}},"77":{"start":{"line":163,"column":10},"end":{"line":163,"column":46}},"78":{"start":{"line":166,"column":8},"end":{"line":170,"column":null}},"79":{"start":{"line":167,"column":10},"end":{"line":167,"column":47}},"80":{"start":{"line":169,"column":10},"end":{"line":169,"column":46}},"81":{"start":{"line":173,"column":6},"end":{"line":173,"column":72}},"82":{"start":{"line":6,"column":0},"end":{"line":6,"column":13}}},"fnMap":{"0":{"name":"(anonymous_0)","decl":{"start":{"line":8,"column":2},"end":{"line":8,"column":null}},"loc":{"start":{"line":8,"column":2},"end":{"line":10,"column":3}}},"1":{"name":"(anonymous_1)","decl":{"start":{"line":32,"column":9},"end":{"line":32,"column":14}},"loc":{"start":{"line":32,"column":68},"end":{"line":49,"column":3}}},"2":{"name":"(anonymous_2)","decl":{"start":{"line":38,"column":21},"end":{"line":38,"column":24}},"loc":{"start":{"line":38,"column":26},"end":{"line":47,"column":5}}},"3":{"name":"(anonymous_3)","decl":{"start":{"line":50,"column":9},"end":{"line":50,"column":15}},"loc":{"start":{"line":50,"column":74},"end":{"line":56,"column":3}}},"4":{"name":"(anonymous_4)","decl":{"start":{"line":51,"column":21},"end":{"line":51,"column":24}},"loc":{"start":{"line":51,"column":26},"end":{"line":54,"column":5}}},"5":{"name":"(anonymous_5)","decl":{"start":{"line":57,"column":9},"end":{"line":57,"column":13}},"loc":{"start":{"line":57,"column":72},"end":{"line":68,"column":3}}},"6":{"name":"(anonymous_6)","decl":{"start":{"line":63,"column":38},"end":{"line":63,"column":41}},"loc":{"start":{"line":63,"column":43},"end":{"line":67,"column":5}}},"7":{"name":"(anonymous_7)","decl":{"start":{"line":70,"column":9},"end":{"line":70,"column":12}},"loc":{"start":{"line":70,"column":67},"end":{"line":139,"column":3}}},"8":{"name":"interpolateCustomElement","decl":{"start":{"line":77,"column":13},"end":{"line":77,"column":37}},"loc":{"start":{"line":81,"column":21},"end":{"line":104,"column":5}}},"9":{"name":"(anonymous_9)","decl":{"start":{"line":140,"column":9},"end":{"line":140,"column":11}},"loc":{"start":{"line":140,"column":65},"end":{"line":175,"column":3}}}},"branchMap":{"0":{"loc":{"start":{"line":35,"column":4},"end":{"line":37,"column":null}},"type":"if","locations":[{"start":{"line":35,"column":4},"end":{"line":37,"column":null}},{"start":{"line":35,"column":4},"end":{"line":37,"column":null}}]},"1":{"loc":{"start":{"line":40,"column":6},"end":{"line":44,"column":null}},"type":"if","locations":[{"start":{"line":40,"column":6},"end":{"line":44,"column":null}},{"start":{"line":40,"column":6},"end":{"line":44,"column":null}}]},"2":{"loc":{"start":{"line":58,"column":4},"end":{"line":62,"column":null}},"type":"if","locations":[{"start":{"line":58,"column":4},"end":{"line":62,"column":null}},{"start":{"line":58,"column":4},"end":{"line":62,"column":null}}]},"3":{"loc":{"start":{"line":59,"column":6},"end":{"line":61,"column":null}},"type":"if","locations":[{"start":{"line":59,"column":6},"end":{"line":61,"column":null}},{"start":{"line":59,"column":6},"end":{"line":61,"column":null}}]},"4":{"loc":{"start":{"line":64,"column":6},"end":{"line":66,"column":null}},"type":"if","locations":[{"start":{"line":64,"column":6},"end":{"line":66,"column":null}},{"start":{"line":64,"column":6},"end":{"line":66,"column":null}}]},"5":{"loc":{"start":{"line":96,"column":8},"end":{"line":101,"column":null}},"type":"if","locations":[{"start":{"line":96,"column":8},"end":{"line":101,"column":null}},{"start":{"line":96,"column":8},"end":{"line":101,"column":null}}]},"6":{"loc":{"start":{"line":109,"column":4},"end":{"line":113,"column":null}},"type":"if","locations":[{"start":{"line":109,"column":4},"end":{"line":113,"column":null}},{"start":{"line":109,"column":4},"end":{"line":113,"column":null}}]},"7":{"loc":{"start":{"line":110,"column":6},"end":{"line":112,"column":null}},"type":"if","locations":[{"start":{"line":110,"column":6},"end":{"line":112,"column":null}},{"start":{"line":110,"column":6},"end":{"line":112,"column":null}}]},"8":{"loc":{"start":{"line":114,"column":4},"end":{"line":119,"column":null}},"type":"if","locations":[{"start":{"line":114,"column":4},"end":{"line":119,"column":null}},{"start":{"line":114,"column":4},"end":{"line":119,"column":null}}]},"9":{"loc":{"start":{"line":116,"column":6},"end":{"line":118,"column":null}},"type":"if","locations":[{"start":{"line":116,"column":6},"end":{"line":118,"column":null}},{"start":{"line":116,"column":6},"end":{"line":118,"column":null}}]},"10":{"loc":{"start":{"line":116,"column":10},"end":{"line":116,"column":41}},"type":"binary-expr","locations":[{"start":{"line":116,"column":10},"end":{"line":116,"column":41}},{"start":{"line":116,"column":45},"end":{"line":116,"column":62}}]},"11":{"loc":{"start":{"line":132,"column":8},"end":{"line":134,"column":null}},"type":"if","locations":[{"start":{"line":132,"column":8},"end":{"line":134,"column":null}},{"start":{"line":132,"column":8},"end":{"line":134,"column":null}}]},"12":{"loc":{"start":{"line":132,"column":12},"end":{"line":132,"column":33}},"type":"binary-expr","locations":[{"start":{"line":132,"column":12},"end":{"line":132,"column":33}},{"start":{"line":132,"column":37},"end":{"line":132,"column":58}}]},"13":{"loc":{"start":{"line":141,"column":4},"end":{"line":151,"column":null}},"type":"if","locations":[{"start":{"line":141,"column":4},"end":{"line":151,"column":null}},{"start":{"line":141,"column":4},"end":{"line":151,"column":null}}]},"14":{"loc":{"start":{"line":141,"column":8},"end":{"line":141,"column":28}},"type":"binary-expr","locations":[{"start":{"line":141,"column":8},"end":{"line":141,"column":28}},{"start":{"line":141,"column":32},"end":{"line":141,"column":53}}]},"15":{"loc":{"start":{"line":142,"column":6},"end":{"line":150,"column":null}},"type":"if","locations":[{"start":{"line":142,"column":6},"end":{"line":150,"column":null}},{"start":{"line":142,"column":6},"end":{"line":150,"column":null}}]},"16":{"loc":{"start":{"line":154,"column":4},"end":{"line":157,"column":null}},"type":"if","locations":[{"start":{"line":154,"column":4},"end":{"line":157,"column":null}},{"start":{"line":154,"column":4},"end":{"line":157,"column":null}}]},"17":{"loc":{"start":{"line":158,"column":4},"end":{"line":174,"column":null}},"type":"if","locations":[{"start":{"line":158,"column":4},"end":{"line":174,"column":null}},{"start":{"line":158,"column":4},"end":{"line":174,"column":null}}]},"18":{"loc":{"start":{"line":159,"column":6},"end":{"line":171,"column":null}},"type":"if","locations":[{"start":{"line":159,"column":6},"end":{"line":171,"column":null}},{"start":{"line":159,"column":6},"end":{"line":171,"column":null}}]},"19":{"loc":{"start":{"line":160,"column":8},"end":{"line":164,"column":null}},"type":"if","locations":[{"start":{"line":160,"column":8},"end":{"line":164,"column":null}},{"start":{"line":160,"column":8},"end":{"line":164,"column":null}}]},"20":{"loc":{"start":{"line":166,"column":8},"end":{"line":170,"column":null}},"type":"if","locations":[{"start":{"line":166,"column":8},"end":{"line":170,"column":null}},{"start":{"line":166,"column":8},"end":{"line":170,"column":null}}]}},"s":{"0":4,"1":4,"2":11,"3":1,"4":1,"5":0,"6":1,"7":0,"8":0,"9":0,"10":0,"11":0,"12":1,"13":0,"14":0,"15":0,"16":1,"17":0,"18":0,"19":1,"20":0,"21":0,"22":1,"23":1,"24":1,"25":1,"26":0,"27":0,"28":0,"29":0,"30":0,"31":0,"32":0,"33":0,"34":0,"35":0,"36":0,"37":0,"38":0,"39":0,"40":1,"41":1,"42":1,"43":1,"44":1,"45":0,"46":0,"47":1,"48":1,"49":1,"50":1,"51":0,"52":0,"53":0,"54":0,"55":0,"56":0,"57":0,"58":0,"59":0,"60":0,"61":0,"62":0,"63":1,"64":1,"65":1,"66":1,"67":0,"68":0,"69":0,"70":0,"71":0,"72":0,"73":0,"74":0,"75":0,"76":0,"77":0,"78":0,"79":0,"80":0,"81":0,"82":4},"f":{"0":11,"1":1,"2":0,"3":0,"4":0,"5":1,"6":0,"7":1,"8":0,"9":1},"b":{"0":[0,1],"1":[0,0],"2":[0,1],"3":[0,0],"4":[0,0],"5":[0,0],"6":[0,1],"7":[0,0],"8":[1,0],"9":[1,0],"10":[1,0],"11":[0,0],"12":[0,0],"13":[1,0],"14":[1,0],"15":[1,0],"16":[0,0],"17":[0,0],"18":[0,0],"19":[0,0],"20":[0,0]}}
,"/Users/dominicjarmann/Documents/development/nails/src/nails.ts": {"path":"/Users/dominicjarmann/Documents/development/nails/src/nails.ts","statementMap":{"0":{"start":{"line":2,"column":0},"end":{"line":2,"column":46}},"1":{"start":{"line":3,"column":0},"end":{"line":3,"column":39}},"2":{"start":{"line":4,"column":0},"end":{"line":4,"column":39}},"3":{"start":{"line":5,"column":0},"end":{"line":5,"column":47}},"4":{"start":{"line":6,"column":0},"end":{"line":6,"column":40}},"5":{"start":{"line":7,"column":0},"end":{"line":7,"column":38}},"6":{"start":{"line":8,"column":0},"end":{"line":8,"column":39}},"7":{"start":{"line":9,"column":0},"end":{"line":9,"column":39}},"8":{"start":{"line":10,"column":0},"end":{"line":10,"column":39}},"9":{"start":{"line":11,"column":0},"end":{"line":11,"column":64}},"10":{"start":{"line":12,"column":0},"end":{"line":12,"column":55}},"11":{"start":{"line":13,"column":0},"end":{"line":13,"column":43}},"12":{"start":{"line":14,"column":0},"end":{"line":14,"column":37}},"13":{"start":{"line":18,"column":4},"end":{"line":18,"column":22}},"14":{"start":{"line":30,"column":4},"end":{"line":30,"column":29}},"15":{"start":{"line":32,"column":4},"end":{"line":34,"column":null}},"16":{"start":{"line":33,"column":6},"end":{"line":33,"column":30}},"17":{"start":{"line":35,"column":4},"end":{"line":39,"column":null}},"18":{"start":{"line":36,"column":6},"end":{"line":36,"column":37}},"19":{"start":{"line":38,"column":6},"end":{"line":38,"column":86}},"20":{"start":{"line":40,"column":4},"end":{"line":42,"column":null}},"21":{"start":{"line":41,"column":6},"end":{"line":41,"column":36}},"22":{"start":{"line":43,"column":4},"end":{"line":45,"column":null}},"23":{"start":{"line":44,"column":6},"end":{"line":44,"column":42}},"24":{"start":{"line":46,"column":4},"end":{"line":54,"column":null}},"25":{"start":{"line":47,"column":6},"end":{"line":47,"column":33}},"26":{"start":{"line":49,"column":6},"end":{"line":53,"column":null}},"27":{"start":{"line":50,"column":8},"end":{"line":50,"column":50}},"28":{"start":{"line":52,"column":8},"end":{"line":52,"column":35}},"29":{"start":{"line":55,"column":4},"end":{"line":55,"column":50}},"30":{"start":{"line":56,"column":4},"end":{"line":56,"column":95}},"31":{"start":{"line":57,"column":4},"end":{"line":57,"column":22}},"32":{"start":{"line":58,"column":4},"end":{"line":58,"column":45}},"33":{"start":{"line":59,"column":4},"end":{"line":59,"column":46}},"34":{"start":{"line":60,"column":4},"end":{"line":60,"column":42}},"35":{"start":{"line":61,"column":4},"end":{"line":61,"column":27}},"36":{"start":{"line":62,"column":4},"end":{"line":62,"column":44}},"37":{"start":{"line":63,"column":4},"end":{"line":63,"column":27}},"38":{"start":{"line":64,"column":4},"end":{"line":66,"column":6}},"39":{"start":{"line":65,"column":6},"end":{"line":65,"column":24}},"40":{"start":{"line":67,"column":4},"end":{"line":69,"column":null}},"41":{"start":{"line":68,"column":6},"end":{"line":68,"column":47}},"42":{"start":{"line":73,"column":20},"end":{"line":73,"column":33}},"43":{"start":{"line":74,"column":4},"end":{"line":77,"column":null}},"44":{"start":{"line":75,"column":6},"end":{"line":75,"column":84}},"45":{"start":{"line":76,"column":6},"end":{"line":76,"column":13}},"46":{"start":{"line":78,"column":4},"end":{"line":81,"column":null}},"47":{"start":{"line":79,"column":23},"end":{"line":79,"column":40}},"48":{"start":{"line":80,"column":6},"end":{"line":80,"column":37}},"49":{"start":{"line":85,"column":17},"end":{"line":85,"column":62}},"50":{"start":{"line":86,"column":4},"end":{"line":88,"column":null}},"51":{"start":{"line":87,"column":6},"end":{"line":87,"column":13}},"52":{"start":{"line":89,"column":4},"end":{"line":92,"column":null}},"53":{"start":{"line":90,"column":6},"end":{"line":90,"column":70}},"54":{"start":{"line":91,"column":6},"end":{"line":91,"column":65}},"55":{"start":{"line":94,"column":4},"end":{"line":94,"column":16}},"56":{"start":{"line":97,"column":4},"end":{"line":116,"column":null}},"57":{"start":{"line":98,"column":22},"end":{"line":112,"column":8}},"58":{"start":{"line":105,"column":10},"end":{"line":105,"column":30}},"59":{"start":{"line":108,"column":10},"end":{"line":108,"column":31}},"60":{"start":{"line":109,"column":10},"end":{"line":109,"column":43}},"61":{"start":{"line":110,"column":10},"end":{"line":110,"column":22}},"62":{"start":{"line":114,"column":20},"end":{"line":114,"column":55}},"63":{"start":{"line":115,"column":6},"end":{"line":115,"column":30}},"64":{"start":{"line":23,"column":0},"end":{"line":23,"column":13}}},"fnMap":{"0":{"name":"(anonymous_0)","decl":{"start":{"line":17,"column":9},"end":{"line":17,"column":15}},"loc":{"start":{"line":17,"column":36},"end":{"line":19,"column":3}}},"1":{"name":"(anonymous_1)","decl":{"start":{"line":29,"column":2},"end":{"line":29,"column":14}},"loc":{"start":{"line":29,"column":25},"end":{"line":70,"column":3}}},"2":{"name":"(anonymous_2)","decl":{"start":{"line":64,"column":34},"end":{"line":64,"column":null}},"loc":{"start":{"line":64,"column":34},"end":{"line":66,"column":5}}},"3":{"name":"(anonymous_3)","decl":{"start":{"line":72,"column":9},"end":{"line":72,"column":24}},"loc":{"start":{"line":72,"column":32},"end":{"line":82,"column":3}}},"4":{"name":"(anonymous_4)","decl":{"start":{"line":84,"column":9},"end":{"line":84,"column":18}},"loc":{"start":{"line":84,"column":56},"end":{"line":95,"column":3}}},"5":{"name":"(anonymous_5)","decl":{"start":{"line":96,"column":9},"end":{"line":96,"column":19}},"loc":{"start":{"line":96,"column":19},"end":{"line":117,"column":3}}},"6":{"name":"(anonymous_6)","decl":{"start":{"line":104,"column":8},"end":{"line":104,"column":11}},"loc":{"start":{"line":104,"column":49},"end":{"line":106,"column":9}}},"7":{"name":"(anonymous_7)","decl":{"start":{"line":107,"column":8},"end":{"line":107,"column":11}},"loc":{"start":{"line":107,"column":49},"end":{"line":111,"column":9}}}},"branchMap":{"0":{"loc":{"start":{"line":32,"column":4},"end":{"line":34,"column":null}},"type":"if","locations":[{"start":{"line":32,"column":4},"end":{"line":34,"column":null}},{"start":{"line":32,"column":4},"end":{"line":34,"column":null}}]},"1":{"loc":{"start":{"line":35,"column":4},"end":{"line":39,"column":null}},"type":"if","locations":[{"start":{"line":35,"column":4},"end":{"line":39,"column":null}},{"start":{"line":35,"column":4},"end":{"line":39,"column":null}}]},"2":{"loc":{"start":{"line":40,"column":4},"end":{"line":42,"column":null}},"type":"if","locations":[{"start":{"line":40,"column":4},"end":{"line":42,"column":null}},{"start":{"line":40,"column":4},"end":{"line":42,"column":null}}]},"3":{"loc":{"start":{"line":43,"column":4},"end":{"line":45,"column":null}},"type":"if","locations":[{"start":{"line":43,"column":4},"end":{"line":45,"column":null}},{"start":{"line":43,"column":4},"end":{"line":45,"column":null}}]},"4":{"loc":{"start":{"line":46,"column":4},"end":{"line":54,"column":null}},"type":"if","locations":[{"start":{"line":46,"column":4},"end":{"line":54,"column":null}},{"start":{"line":46,"column":4},"end":{"line":54,"column":null}}]},"5":{"loc":{"start":{"line":49,"column":6},"end":{"line":53,"column":null}},"type":"if","locations":[{"start":{"line":49,"column":6},"end":{"line":53,"column":null}},{"start":{"line":49,"column":6},"end":{"line":53,"column":null}}]},"6":{"loc":{"start":{"line":67,"column":4},"end":{"line":69,"column":null}},"type":"if","locations":[{"start":{"line":67,"column":4},"end":{"line":69,"column":null}},{"start":{"line":67,"column":4},"end":{"line":69,"column":null}}]},"7":{"loc":{"start":{"line":74,"column":4},"end":{"line":77,"column":null}},"type":"if","locations":[{"start":{"line":74,"column":4},"end":{"line":77,"column":null}},{"start":{"line":74,"column":4},"end":{"line":77,"column":null}}]},"8":{"loc":{"start":{"line":86,"column":4},"end":{"line":88,"column":null}},"type":"if","locations":[{"start":{"line":86,"column":4},"end":{"line":88,"column":null}},{"start":{"line":86,"column":4},"end":{"line":88,"column":null}}]},"9":{"loc":{"start":{"line":86,"column":8},"end":{"line":86,"column":19}},"type":"binary-expr","locations":[{"start":{"line":86,"column":8},"end":{"line":86,"column":19}},{"start":{"line":86,"column":23},"end":{"line":86,"column":40}}]},"10":{"loc":{"start":{"line":97,"column":4},"end":{"line":116,"column":null}},"type":"if","locations":[{"start":{"line":97,"column":4},"end":{"line":116,"column":null}},{"start":{"line":97,"column":4},"end":{"line":116,"column":null}}]}},"s":{"0":4,"1":4,"2":4,"3":4,"4":4,"5":4,"6":4,"7":4,"8":4,"9":4,"10":4,"11":4,"12":4,"13":1,"14":4,"15":4,"16":4,"17":4,"18":4,"19":0,"20":4,"21":3,"22":4,"23":4,"24":4,"25":3,"26":1,"27":1,"28":0,"29":4,"30":4,"31":4,"32":4,"33":4,"34":4,"35":4,"36":4,"37":4,"38":4,"39":0,"40":4,"41":4,"42":4,"43":4,"44":3,"45":3,"46":1,"47":1,"48":1,"49":0,"50":0,"51":0,"52":0,"53":0,"54":0,"55":0,"56":4,"57":4,"58":15,"59":0,"60":0,"61":0,"62":4,"63":4,"64":4},"f":{"0":1,"1":4,"2":0,"3":4,"4":0,"5":4,"6":15,"7":0},"b":{"0":[4,0],"1":[4,0],"2":[3,1],"3":[4,0],"4":[3,1],"5":[1,0],"6":[4,0],"7":[3,1],"8":[0,0],"9":[0,0],"10":[4,0]}}
,"/Users/dominicjarmann/Documents/development/nails/src/classes/ActiveElement.ts": {"path":"/Users/dominicjarmann/Documents/development/nails/src/classes/ActiveElement.ts","statementMap":{"0":{"start":{"line":19,"column":4},"end":{"line":19,"column":27}},"1":{"start":{"line":20,"column":4},"end":{"line":20,"column":31}},"2":{"start":{"line":21,"column":4},"end":{"line":21,"column":27}},"3":{"start":{"line":22,"column":4},"end":{"line":22,"column":19}},"4":{"start":{"line":23,"column":4},"end":{"line":23,"column":31}},"5":{"start":{"line":24,"column":4},"end":{"line":24,"column":39}},"6":{"start":{"line":2,"column":0},"end":{"line":2,"column":13}}},"fnMap":{"0":{"name":"(anonymous_0)","decl":{"start":{"line":11,"column":2},"end":{"line":11,"column":null}},"loc":{"start":{"line":17,"column":21},"end":{"line":25,"column":3}}}},"branchMap":{},"s":{"0":7,"1":7,"2":7,"3":7,"4":7,"5":7,"6":4},"f":{"0":7},"b":{}}
,"/Users/dominicjarmann/Documents/development/nails/src/classes/Instance.ts": {"path":"/Users/dominicjarmann/Documents/development/nails/src/classes/Instance.ts","statementMap":{"0":{"start":{"line":8,"column":4},"end":{"line":8,"column":25}},"1":{"start":{"line":9,"column":4},"end":{"line":9,"column":31}},"2":{"start":{"line":10,"column":4},"end":{"line":10,"column":27}},"3":{"start":{"line":14,"column":4},"end":{"line":14,"column":27}},"4":{"start":{"line":17,"column":4},"end":{"line":17,"column":26}},"5":{"start":{"line":20,"column":4},"end":{"line":20,"column":24}},"6":{"start":{"line":3,"column":0},"end":{"line":3,"column":13}}},"fnMap":{"0":{"name":"(anonymous_0)","decl":{"start":{"line":7,"column":2},"end":{"line":7,"column":14}},"loc":{"start":{"line":7,"column":69},"end":{"line":11,"column":3}}},"1":{"name":"(anonymous_1)","decl":{"start":{"line":13,"column":9},"end":{"line":13,"column":22}},"loc":{"start":{"line":13,"column":22},"end":{"line":15,"column":3}}},"2":{"name":"(anonymous_2)","decl":{"start":{"line":16,"column":9},"end":{"line":16,"column":21}},"loc":{"start":{"line":16,"column":21},"end":{"line":18,"column":3}}},"3":{"name":"(anonymous_3)","decl":{"start":{"line":19,"column":9},"end":{"line":19,"column":19}},"loc":{"start":{"line":19,"column":19},"end":{"line":21,"column":3}}}},"branchMap":{},"s":{"0":2,"1":2,"2":2,"3":7,"4":1,"5":2,"6":4},"f":{"0":2,"1":7,"2":1,"3":2},"b":{}}
,"/Users/dominicjarmann/Documents/development/nails/src/core/injector.ts": {"path":"/Users/dominicjarmann/Documents/development/nails/src/core/injector.ts","statementMap":{"0":{"start":{"line":7,"column":4},"end":{"line":7,"column":23}},"1":{"start":{"line":8,"column":4},"end":{"line":8,"column":21}},"2":{"start":{"line":11,"column":4},"end":{"line":11,"column":30}},"3":{"start":{"line":15,"column":4},"end":{"line":19,"column":null}},"4":{"start":{"line":16,"column":6},"end":{"line":18,"column":null}},"5":{"start":{"line":17,"column":8},"end":{"line":17,"column":15}},"6":{"start":{"line":20,"column":4},"end":{"line":20,"column":37}},"7":{"start":{"line":23,"column":4},"end":{"line":27,"column":null}},"8":{"start":{"line":24,"column":6},"end":{"line":26,"column":null}},"9":{"start":{"line":25,"column":8},"end":{"line":25,"column":17}},"10":{"start":{"line":3,"column":0},"end":{"line":3,"column":13}}},"fnMap":{"0":{"name":"(anonymous_0)","decl":{"start":{"line":6,"column":2},"end":{"line":6,"column":14}},"loc":{"start":{"line":6,"column":26},"end":{"line":9,"column":3}}},"1":{"name":"(anonymous_1)","decl":{"start":{"line":10,"column":9},"end":{"line":10,"column":18}},"loc":{"start":{"line":10,"column":18},"end":{"line":12,"column":3}}},"2":{"name":"(anonymous_2)","decl":{"start":{"line":14,"column":9},"end":{"line":14,"column":15}},"loc":{"start":{"line":14,"column":26},"end":{"line":21,"column":3}}},"3":{"name":"(anonymous_3)","decl":{"start":{"line":22,"column":9},"end":{"line":22,"column":16}},"loc":{"start":{"line":22,"column":27},"end":{"line":28,"column":3}}}},"branchMap":{"0":{"loc":{"start":{"line":16,"column":6},"end":{"line":18,"column":null}},"type":"if","locations":[{"start":{"line":16,"column":6},"end":{"line":18,"column":null}},{"start":{"line":16,"column":6},"end":{"line":18,"column":null}}]},"1":{"loc":{"start":{"line":24,"column":6},"end":{"line":26,"column":null}},"type":"if","locations":[{"start":{"line":24,"column":6},"end":{"line":26,"column":null}},{"start":{"line":24,"column":6},"end":{"line":26,"column":null}}]}},"s":{"0":5,"1":5,"2":5,"3":2,"4":1,"5":1,"6":1,"7":1,"8":1,"9":1,"10":4},"f":{"0":5,"1":5,"2":2,"3":1},"b":{"0":[1,0],"1":[1,0]}}
,"/Users/dominicjarmann/Documents/development/nails/src/core/state.ts": {"path":"/Users/dominicjarmann/Documents/development/nails/src/core/state.ts","statementMap":{"0":{"start":{"line":2,"column":0},"end":{"line":2,"column":57}},"1":{"start":{"line":8,"column":0},"end":{"line":8,"column":59}},"2":{"start":{"line":9,"column":0},"end":{"line":9,"column":50}},"3":{"start":{"line":25,"column":9},"end":{"line":25,"column":25}},"4":{"start":{"line":27,"column":9},"end":{"line":27,"column":36}},"5":{"start":{"line":29,"column":4},"end":{"line":29,"column":19}},"6":{"start":{"line":30,"column":4},"end":{"line":30,"column":29}},"7":{"start":{"line":31,"column":4},"end":{"line":31,"column":38}},"8":{"start":{"line":32,"column":4},"end":{"line":32,"column":44}},"9":{"start":{"line":33,"column":4},"end":{"line":33,"column":31}},"10":{"start":{"line":34,"column":4},"end":{"line":34,"column":76}},"11":{"start":{"line":38,"column":4},"end":{"line":40,"column":null}},"12":{"start":{"line":39,"column":6},"end":{"line":39,"column":34}},"13":{"start":{"line":41,"column":4},"end":{"line":41,"column":25}},"14":{"start":{"line":44,"column":4},"end":{"line":44,"column":29}},"15":{"start":{"line":47,"column":4},"end":{"line":51,"column":null}},"16":{"start":{"line":48,"column":6},"end":{"line":50,"column":null}},"17":{"start":{"line":49,"column":8},"end":{"line":49,"column":15}},"18":{"start":{"line":53,"column":26},"end":{"line":53,"column":80}},"19":{"start":{"line":55,"column":4},"end":{"line":55,"column":53}},"20":{"start":{"line":59,"column":4},"end":{"line":63,"column":null}},"21":{"start":{"line":60,"column":6},"end":{"line":62,"column":null}},"22":{"start":{"line":61,"column":8},"end":{"line":61,"column":35}},"23":{"start":{"line":67,"column":26},"end":{"line":67,"column":88}},"24":{"start":{"line":68,"column":4},"end":{"line":68,"column":44}},"25":{"start":{"line":72,"column":4},"end":{"line":76,"column":null}},"26":{"start":{"line":73,"column":6},"end":{"line":75,"column":null}},"27":{"start":{"line":74,"column":8},"end":{"line":74,"column":23}},"28":{"start":{"line":79,"column":4},"end":{"line":79,"column":29}},"29":{"start":{"line":82,"column":4},"end":{"line":84,"column":null}},"30":{"start":{"line":83,"column":6},"end":{"line":83,"column":27}},"31":{"start":{"line":85,"column":4},"end":{"line":85,"column":52}},"32":{"start":{"line":86,"column":4},"end":{"line":86,"column":52}},"33":{"start":{"line":87,"column":4},"end":{"line":87,"column":41}},"34":{"start":{"line":88,"column":4},"end":{"line":88,"column":25}},"35":{"start":{"line":92,"column":4},"end":{"line":100,"column":null}},"36":{"start":{"line":93,"column":24},"end":{"line":93,"column":53}},"37":{"start":{"line":94,"column":6},"end":{"line":96,"column":null}},"38":{"start":{"line":95,"column":8},"end":{"line":95,"column":15}},"39":{"start":{"line":97,"column":29},"end":{"line":97,"column":49}},"40":{"start":{"line":98,"column":19},"end":{"line":98,"column":36}},"41":{"start":{"line":99,"column":6},"end":{"line":99,"column":78}},"42":{"start":{"line":103,"column":21},"end":{"line":103,"column":23}},"43":{"start":{"line":104,"column":4},"end":{"line":108,"column":null}},"44":{"start":{"line":105,"column":6},"end":{"line":107,"column":null}},"45":{"start":{"line":106,"column":8},"end":{"line":106,"column":31}},"46":{"start":{"line":110,"column":4},"end":{"line":117,"column":null}},"47":{"start":{"line":111,"column":6},"end":{"line":111,"column":35}},"48":{"start":{"line":112,"column":6},"end":{"line":112,"column":61}},"49":{"start":{"line":113,"column":6},"end":{"line":116,"column":null}},"50":{"start":{"line":114,"column":30},"end":{"line":114,"column":108}},"51":{"start":{"line":115,"column":8},"end":{"line":115,"column":37}},"52":{"start":{"line":119,"column":4},"end":{"line":119,"column":20}},"53":{"start":{"line":123,"column":4},"end":{"line":123,"column":77}},"54":{"start":{"line":126,"column":4},"end":{"line":126,"column":74}},"55":{"start":{"line":11,"column":0},"end":{"line":11,"column":13}}},"fnMap":{"0":{"name":"(anonymous_0)","decl":{"start":{"line":28,"column":2},"end":{"line":28,"column":null}},"loc":{"start":{"line":28,"column":2},"end":{"line":35,"column":3}}},"1":{"name":"(anonymous_1)","decl":{"start":{"line":37,"column":9},"end":{"line":37,"column":20}},"loc":{"start":{"line":37,"column":20},"end":{"line":42,"column":3}}},"2":{"name":"(anonymous_2)","decl":{"start":{"line":43,"column":9},"end":{"line":43,"column":20}},"loc":{"start":{"line":43,"column":39},"end":{"line":45,"column":3}}},"3":{"name":"(anonymous_3)","decl":{"start":{"line":46,"column":9},"end":{"line":46,"column":34}},"loc":{"start":{"line":46,"column":87},"end":{"line":56,"column":3}}},"4":{"name":"(anonymous_4)","decl":{"start":{"line":58,"column":9},"end":{"line":58,"column":33}},"loc":{"start":{"line":58,"column":63},"end":{"line":64,"column":3}}},"5":{"name":"(anonymous_5)","decl":{"start":{"line":66,"column":9},"end":{"line":66,"column":25}},"loc":{"start":{"line":66,"column":95},"end":{"line":69,"column":3}}},"6":{"name":"(anonymous_6)","decl":{"start":{"line":71,"column":9},"end":{"line":71,"column":25}},"loc":{"start":{"line":71,"column":42},"end":{"line":77,"column":3}}},"7":{"name":"(anonymous_7)","decl":{"start":{"line":78,"column":9},"end":{"line":78,"column":39}},"loc":{"start":{"line":78,"column":62},"end":{"line":80,"column":3}}},"8":{"name":"(anonymous_8)","decl":{"start":{"line":81,"column":9},"end":{"line":81,"column":34}},"loc":{"start":{"line":81,"column":56},"end":{"line":89,"column":3}}},"9":{"name":"(anonymous_9)","decl":{"start":{"line":91,"column":9},"end":{"line":91,"column":31}},"loc":{"start":{"line":91,"column":52},"end":{"line":101,"column":3}}},"10":{"name":"(anonymous_10)","decl":{"start":{"line":102,"column":9},"end":{"line":102,"column":29}},"loc":{"start":{"line":102,"column":52},"end":{"line":120,"column":3}}},"11":{"name":"(anonymous_11)","decl":{"start":{"line":122,"column":9},"end":{"line":122,"column":34}},"loc":{"start":{"line":122,"column":53},"end":{"line":124,"column":3}}},"12":{"name":"(anonymous_12)","decl":{"start":{"line":125,"column":9},"end":{"line":125,"column":32}},"loc":{"start":{"line":125,"column":54},"end":{"line":127,"column":3}}}},"branchMap":{"0":{"loc":{"start":{"line":38,"column":4},"end":{"line":40,"column":null}},"type":"if","locations":[{"start":{"line":38,"column":4},"end":{"line":40,"column":null}},{"start":{"line":38,"column":4},"end":{"line":40,"column":null}}]},"1":{"loc":{"start":{"line":48,"column":6},"end":{"line":50,"column":null}},"type":"if","locations":[{"start":{"line":48,"column":6},"end":{"line":50,"column":null}},{"start":{"line":48,"column":6},"end":{"line":50,"column":null}}]},"2":{"loc":{"start":{"line":48,"column":10},"end":{"line":48,"column":24}},"type":"binary-expr","locations":[{"start":{"line":48,"column":10},"end":{"line":48,"column":24}},{"start":{"line":48,"column":28},"end":{"line":48,"column":54}},{"start":{"line":48,"column":58},"end":{"line":48,"column":80}}]},"3":{"loc":{"start":{"line":60,"column":6},"end":{"line":62,"column":null}},"type":"if","locations":[{"start":{"line":60,"column":6},"end":{"line":62,"column":null}},{"start":{"line":60,"column":6},"end":{"line":62,"column":null}}]},"4":{"loc":{"start":{"line":73,"column":6},"end":{"line":75,"column":null}},"type":"if","locations":[{"start":{"line":73,"column":6},"end":{"line":75,"column":null}},{"start":{"line":73,"column":6},"end":{"line":75,"column":null}}]},"5":{"loc":{"start":{"line":82,"column":4},"end":{"line":84,"column":null}},"type":"if","locations":[{"start":{"line":82,"column":4},"end":{"line":84,"column":null}},{"start":{"line":82,"column":4},"end":{"line":84,"column":null}}]},"6":{"loc":{"start":{"line":92,"column":4},"end":{"line":100,"column":null}},"type":"if","locations":[{"start":{"line":92,"column":4},"end":{"line":100,"column":null}},{"start":{"line":92,"column":4},"end":{"line":100,"column":null}}]},"7":{"loc":{"start":{"line":94,"column":6},"end":{"line":96,"column":null}},"type":"if","locations":[{"start":{"line":94,"column":6},"end":{"line":96,"column":null}},{"start":{"line":94,"column":6},"end":{"line":96,"column":null}}]},"8":{"loc":{"start":{"line":105,"column":6},"end":{"line":107,"column":null}},"type":"if","locations":[{"start":{"line":105,"column":6},"end":{"line":107,"column":null}},{"start":{"line":105,"column":6},"end":{"line":107,"column":null}}]},"9":{"loc":{"start":{"line":113,"column":6},"end":{"line":116,"column":null}},"type":"if","locations":[{"start":{"line":113,"column":6},"end":{"line":116,"column":null}},{"start":{"line":113,"column":6},"end":{"line":116,"column":null}}]}},"s":{"0":4,"1":4,"2":4,"3":4,"4":4,"5":4,"6":4,"7":4,"8":4,"9":4,"10":4,"11":0,"12":0,"13":0,"14":5,"15":16,"16":36,"17":12,"18":4,"19":4,"20":0,"21":0,"22":0,"23":1,"24":1,"25":0,"26":0,"27":0,"28":0,"29":1,"30":0,"31":1,"32":1,"33":1,"34":1,"35":8,"36":8,"37":8,"38":8,"39":0,"40":0,"41":0,"42":2,"43":2,"44":1,"45":0,"46":2,"47":0,"48":0,"49":0,"50":0,"51":0,"52":2,"53":0,"54":0,"55":4},"f":{"0":4,"1":0,"2":5,"3":16,"4":0,"5":1,"6":0,"7":0,"8":1,"9":8,"10":2,"11":0,"12":0},"b":{"0":[0,0],"1":[12,24],"2":[36,12,12],"3":[0,0],"4":[0,0],"5":[0,1],"6":[8,0],"7":[8,0],"8":[0,1],"9":[0,0]}}
,"/Users/dominicjarmann/Documents/development/nails/src/core/components/core.component.ts": {"path":"/Users/dominicjarmann/Documents/development/nails/src/core/components/core.component.ts","statementMap":{"0":{"start":{"line":3,"column":0},"end":{"line":3,"column":51}},"1":{"start":{"line":9,"column":24},"end":{"line":9,"column":36}},"2":{"start":{"line":7,"column":9},"end":{"line":7,"column":40}},"3":{"start":{"line":10,"column":4},"end":{"line":10,"column":33}},"4":{"start":{"line":14,"column":4},"end":{"line":14,"column":25}},"5":{"start":{"line":15,"column":4},"end":{"line":15,"column":37}},"6":{"start":{"line":16,"column":4},"end":{"line":16,"column":16}},"7":{"start":{"line":20,"column":4},"end":{"line":20,"column":25}},"8":{"start":{"line":24,"column":28},"end":{"line":24,"column":59}},"9":{"start":{"line":26,"column":17},"end":{"line":26,"column":62}},"10":{"start":{"line":27,"column":4},"end":{"line":29,"column":null}},"11":{"start":{"line":28,"column":6},"end":{"line":28,"column":13}},"12":{"start":{"line":30,"column":4},"end":{"line":33,"column":null}},"13":{"start":{"line":31,"column":6},"end":{"line":31,"column":74}},"14":{"start":{"line":32,"column":6},"end":{"line":32,"column":69}},"15":{"start":{"line":35,"column":4},"end":{"line":35,"column":16}},"16":{"start":{"line":6,"column":0},"end":{"line":6,"column":13}}},"fnMap":{"0":{"name":"(anonymous_0)","decl":{"start":{"line":9,"column":2},"end":{"line":9,"column":24}},"loc":{"start":{"line":9,"column":36},"end":{"line":11,"column":3}}},"1":{"name":"(anonymous_1)","decl":{"start":{"line":13,"column":9},"end":{"line":13,"column":12}},"loc":{"start":{"line":13,"column":50},"end":{"line":17,"column":3}}},"2":{"name":"(anonymous_2)","decl":{"start":{"line":18,"column":9},"end":{"line":18,"column":15}},"loc":{"start":{"line":18,"column":15},"end":{"line":21,"column":3}}},"3":{"name":"(anonymous_3)","decl":{"start":{"line":23,"column":10},"end":{"line":23,"column":19}},"loc":{"start":{"line":23,"column":57},"end":{"line":36,"column":3}}}},"branchMap":{"0":{"loc":{"start":{"line":27,"column":4},"end":{"line":29,"column":null}},"type":"if","locations":[{"start":{"line":27,"column":4},"end":{"line":29,"column":null}},{"start":{"line":27,"column":4},"end":{"line":29,"column":null}}]},"1":{"loc":{"start":{"line":27,"column":8},"end":{"line":27,"column":19}},"type":"binary-expr","locations":[{"start":{"line":27,"column":8},"end":{"line":27,"column":19}},{"start":{"line":27,"column":23},"end":{"line":27,"column":40}}]}},"s":{"0":1,"1":1,"2":1,"3":1,"4":1,"5":1,"6":1,"7":0,"8":1,"9":1,"10":1,"11":1,"12":0,"13":0,"14":0,"15":0,"16":1},"f":{"0":1,"1":1,"2":0,"3":1},"b":{"0":[1,0],"1":[1,1]}}
,"/Users/dominicjarmann/Documents/development/nails/src/core/components/router.component.ts": {"path":"/Users/dominicjarmann/Documents/development/nails/src/core/components/router.component.ts","statementMap":{"0":{"start":{"line":11,"column":4},"end":{"line":11,"column":23}},"1":{"start":{"line":12,"column":17},"end":{"line":12,"column":21}},"2":{"start":{"line":13,"column":4},"end":{"line":13,"column":28}},"3":{"start":{"line":14,"column":4},"end":{"line":14,"column":60}},"4":{"start":{"line":16,"column":4},"end":{"line":16,"column":40}},"5":{"start":{"line":17,"column":4},"end":{"line":25,"column":6}},"6":{"start":{"line":18,"column":6},"end":{"line":20,"column":null}},"7":{"start":{"line":19,"column":8},"end":{"line":19,"column":15}},"8":{"start":{"line":22,"column":6},"end":{"line":22,"column":62}},"9":{"start":{"line":24,"column":6},"end":{"line":24,"column":52}},"10":{"start":{"line":29,"column":4},"end":{"line":29,"column":88}},"11":{"start":{"line":32,"column":4},"end":{"line":32,"column":29}},"12":{"start":{"line":36,"column":4},"end":{"line":36,"column":50}},"13":{"start":{"line":40,"column":4},"end":{"line":42,"column":null}},"14":{"start":{"line":41,"column":6},"end":{"line":41,"column":19}},"15":{"start":{"line":43,"column":4},"end":{"line":57,"column":null}},"16":{"start":{"line":44,"column":6},"end":{"line":56,"column":null}},"17":{"start":{"line":45,"column":8},"end":{"line":55,"column":null}},"18":{"start":{"line":46,"column":10},"end":{"line":51,"column":null}},"19":{"start":{"line":47,"column":29},"end":{"line":47,"column":60}},"20":{"start":{"line":48,"column":12},"end":{"line":48,"column":37}},"21":{"start":{"line":50,"column":12},"end":{"line":50,"column":25}},"22":{"start":{"line":53,"column":27},"end":{"line":53,"column":58}},"23":{"start":{"line":54,"column":10},"end":{"line":54,"column":35}},"24":{"start":{"line":60,"column":4},"end":{"line":60,"column":56}},"25":{"start":{"line":64,"column":4},"end":{"line":66,"column":10}},"26":{"start":{"line":4,"column":0},"end":{"line":4,"column":13}}},"fnMap":{"0":{"name":"(anonymous_0)","decl":{"start":{"line":10,"column":2},"end":{"line":10,"column":14}},"loc":{"start":{"line":10,"column":26},"end":{"line":26,"column":3}}},"1":{"name":"(anonymous_1)","decl":{"start":{"line":17,"column":26},"end":{"line":17,"column":29}},"loc":{"start":{"line":17,"column":31},"end":{"line":25,"column":5}}},"2":{"name":"(anonymous_2)","decl":{"start":{"line":28,"column":9},"end":{"line":28,"column":19}},"loc":{"start":{"line":28,"column":40},"end":{"line":30,"column":3}}},"3":{"name":"(anonymous_3)","decl":{"start":{"line":31,"column":9},"end":{"line":31,"column":20}},"loc":{"start":{"line":31,"column":34},"end":{"line":33,"column":3}}},"4":{"name":"(anonymous_4)","decl":{"start":{"line":35,"column":9},"end":{"line":35,"column":21}},"loc":{"start":{"line":35,"column":21},"end":{"line":37,"column":3}}},"5":{"name":"(anonymous_5)","decl":{"start":{"line":39,"column":9},"end":{"line":39,"column":21}},"loc":{"start":{"line":39,"column":21},"end":{"line":58,"column":3}}},"6":{"name":"(anonymous_6)","decl":{"start":{"line":59,"column":9},"end":{"line":59,"column":17}},"loc":{"start":{"line":59,"column":31},"end":{"line":61,"column":3}}},"7":{"name":"(anonymous_7)","decl":{"start":{"line":63,"column":9},"end":{"line":63,"column":15}},"loc":{"start":{"line":63,"column":15},"end":{"line":67,"column":3}}}},"branchMap":{"0":{"loc":{"start":{"line":18,"column":6},"end":{"line":20,"column":null}},"type":"if","locations":[{"start":{"line":18,"column":6},"end":{"line":20,"column":null}},{"start":{"line":18,"column":6},"end":{"line":20,"column":null}}]},"1":{"loc":{"start":{"line":29,"column":11},"end":{"line":29,"column":26}},"type":"binary-expr","locations":[{"start":{"line":29,"column":11},"end":{"line":29,"column":26}},{"start":{"line":29,"column":30},"end":{"line":29,"column":87}}]},"2":{"loc":{"start":{"line":40,"column":4},"end":{"line":42,"column":null}},"type":"if","locations":[{"start":{"line":40,"column":4},"end":{"line":42,"column":null}},{"start":{"line":40,"column":4},"end":{"line":42,"column":null}}]},"3":{"loc":{"start":{"line":44,"column":6},"end":{"line":56,"column":null}},"type":"if","locations":[{"start":{"line":44,"column":6},"end":{"line":56,"column":null}},{"start":{"line":44,"column":6},"end":{"line":56,"column":null}}]},"4":{"loc":{"start":{"line":45,"column":8},"end":{"line":55,"column":null}},"type":"if","locations":[{"start":{"line":45,"column":8},"end":{"line":55,"column":null}},{"start":{"line":45,"column":8},"end":{"line":55,"column":null}}]},"5":{"loc":{"start":{"line":46,"column":10},"end":{"line":51,"column":null}},"type":"if","locations":[{"start":{"line":46,"column":10},"end":{"line":51,"column":null}},{"start":{"line":46,"column":10},"end":{"line":51,"column":null}}]}},"s":{"0":0,"1":0,"2":0,"3":0,"4":0,"5":0,"6":0,"7":0,"8":0,"9":0,"10":0,"11":0,"12":0,"13":0,"14":0,"15":0,"16":0,"17":0,"18":0,"19":0,"20":0,"21":0,"22":0,"23":0,"24":0,"25":0,"26":4},"f":{"0":0,"1":0,"2":0,"3":0,"4":0,"5":0,"6":0,"7":0},"b":{"0":[0,0],"1":[0,0],"2":[0,0],"3":[0,0],"4":[0,0],"5":[0,0]}}
,"/Users/dominicjarmann/Documents/development/nails/src/core/engine/componentEngine.ts": {"path":"/Users/dominicjarmann/Documents/development/nails/src/core/engine/componentEngine.ts","statementMap":{"0":{"start":{"line":2,"column":0},"end":{"line":2,"column":50}},"1":{"start":{"line":6,"column":0},"end":{"line":6,"column":56}},"2":{"start":{"line":7,"column":0},"end":{"line":7,"column":36}},"3":{"start":{"line":17,"column":9},"end":{"line":17,"column":46}},"4":{"start":{"line":20,"column":4},"end":{"line":20,"column":23}},"5":{"start":{"line":21,"column":4},"end":{"line":21,"column":25}},"6":{"start":{"line":22,"column":4},"end":{"line":22,"column":25}},"7":{"start":{"line":23,"column":4},"end":{"line":23,"column":23}},"8":{"start":{"line":24,"column":4},"end":{"line":24,"column":29}},"9":{"start":{"line":28,"column":4},"end":{"line":28,"column":25}},"10":{"start":{"line":32,"column":4},"end":{"line":34,"column":null}},"11":{"start":{"line":33,"column":6},"end":{"line":33,"column":13}},"12":{"start":{"line":35,"column":4},"end":{"line":35,"column":38}},"13":{"start":{"line":37,"column":4},"end":{"line":46,"column":null}},"14":{"start":{"line":38,"column":23},"end":{"line":38,"column":48}},"15":{"start":{"line":39,"column":6},"end":{"line":43,"column":null}},"16":{"start":{"line":40,"column":8},"end":{"line":40,"column":37}},"17":{"start":{"line":41,"column":8},"end":{"line":41,"column":44}},"18":{"start":{"line":42,"column":8},"end":{"line":42,"column":30}},"19":{"start":{"line":45,"column":6},"end":{"line":45,"column":50}},"20":{"start":{"line":50,"column":4},"end":{"line":52,"column":null}},"21":{"start":{"line":51,"column":6},"end":{"line":51,"column":13}},"22":{"start":{"line":53,"column":4},"end":{"line":57,"column":null}},"23":{"start":{"line":54,"column":6},"end":{"line":56,"column":null}},"24":{"start":{"line":55,"column":8},"end":{"line":55,"column":71}},"25":{"start":{"line":59,"column":4},"end":{"line":59,"column":58}},"26":{"start":{"line":63,"column":4},"end":{"line":70,"column":null}},"27":{"start":{"line":64,"column":6},"end":{"line":68,"column":null}},"28":{"start":{"line":65,"column":8},"end":{"line":67,"column":null}},"29":{"start":{"line":66,"column":10},"end":{"line":66,"column":86}},"30":{"start":{"line":69,"column":6},"end":{"line":69,"column":38}},"31":{"start":{"line":71,"column":4},"end":{"line":71,"column":16}},"32":{"start":{"line":74,"column":17},"end":{"line":74,"column":31}},"33":{"start":{"line":75,"column":4},"end":{"line":75,"column":47}},"34":{"start":{"line":76,"column":4},"end":{"line":76,"column":70}},"35":{"start":{"line":77,"column":4},"end":{"line":77,"column":16}},"36":{"start":{"line":81,"column":27},"end":{"line":85,"column":6}},"37":{"start":{"line":82,"column":6},"end":{"line":84,"column":null}},"38":{"start":{"line":83,"column":8},"end":{"line":83,"column":24}},"39":{"start":{"line":86,"column":4},"end":{"line":88,"column":null}},"40":{"start":{"line":87,"column":6},"end":{"line":87,"column":18}},"41":{"start":{"line":89,"column":4},"end":{"line":89,"column":32}},"42":{"start":{"line":93,"column":27},"end":{"line":97,"column":6}},"43":{"start":{"line":94,"column":6},"end":{"line":96,"column":null}},"44":{"start":{"line":95,"column":8},"end":{"line":95,"column":24}},"45":{"start":{"line":98,"column":4},"end":{"line":100,"column":null}},"46":{"start":{"line":99,"column":6},"end":{"line":99,"column":18}},"47":{"start":{"line":101,"column":4},"end":{"line":101,"column":56}},"48":{"start":{"line":105,"column":27},"end":{"line":109,"column":6}},"49":{"start":{"line":106,"column":6},"end":{"line":108,"column":null}},"50":{"start":{"line":107,"column":8},"end":{"line":107,"column":24}},"51":{"start":{"line":110,"column":4},"end":{"line":112,"column":null}},"52":{"start":{"line":111,"column":6},"end":{"line":111,"column":18}},"53":{"start":{"line":113,"column":4},"end":{"line":113,"column":56}},"54":{"start":{"line":117,"column":30},"end":{"line":117,"column":64}},"55":{"start":{"line":119,"column":21},"end":{"line":119,"column":61}},"56":{"start":{"line":120,"column":4},"end":{"line":123,"column":null}},"57":{"start":{"line":122,"column":6},"end":{"line":122,"column":13}},"58":{"start":{"line":124,"column":4},"end":{"line":128,"column":null}},"59":{"start":{"line":125,"column":6},"end":{"line":127,"column":null}},"60":{"start":{"line":126,"column":8},"end":{"line":126,"column":66}},"61":{"start":{"line":132,"column":4},"end":{"line":139,"column":null}},"62":{"start":{"line":133,"column":6},"end":{"line":137,"column":null}},"63":{"start":{"line":134,"column":8},"end":{"line":136,"column":null}},"64":{"start":{"line":135,"column":10},"end":{"line":135,"column":54}},"65":{"start":{"line":138,"column":6},"end":{"line":138,"column":13}},"66":{"start":{"line":140,"column":4},"end":{"line":140,"column":50}},"67":{"start":{"line":144,"column":20},"end":{"line":144,"column":56}},"68":{"start":{"line":145,"column":4},"end":{"line":145,"column":34}},"69":{"start":{"line":146,"column":4},"end":{"line":146,"column":19}},"70":{"start":{"line":150,"column":22},"end":{"line":150,"column":59}},"71":{"start":{"line":151,"column":15},"end":{"line":151,"column":17}},"72":{"start":{"line":152,"column":4},"end":{"line":154,"column":null}},"73":{"start":{"line":153,"column":6},"end":{"line":153,"column":32}},"74":{"start":{"line":155,"column":4},"end":{"line":155,"column":29}},"75":{"start":{"line":158,"column":4},"end":{"line":158,"column":48}},"76":{"start":{"line":161,"column":4},"end":{"line":161,"column":36}},"77":{"start":{"line":162,"column":22},"end":{"line":162,"column":112}},"78":{"start":{"line":162,"column":75},"end":{"line":162,"column":111}},"79":{"start":{"line":163,"column":4},"end":{"line":165,"column":null}},"80":{"start":{"line":164,"column":6},"end":{"line":164,"column":18}},"81":{"start":{"line":166,"column":4},"end":{"line":166,"column":21}},"82":{"start":{"line":170,"column":4},"end":{"line":170,"column":28}},"83":{"start":{"line":172,"column":4},"end":{"line":180,"column":null}},"84":{"start":{"line":173,"column":23},"end":{"line":173,"column":72}},"85":{"start":{"line":174,"column":6},"end":{"line":176,"column":null}},"86":{"start":{"line":175,"column":8},"end":{"line":175,"column":17}},"87":{"start":{"line":177,"column":6},"end":{"line":179,"column":null}},"88":{"start":{"line":178,"column":8},"end":{"line":178,"column":36}},"89":{"start":{"line":181,"column":4},"end":{"line":200,"column":null}},"90":{"start":{"line":182,"column":23},"end":{"line":182,"column":72}},"91":{"start":{"line":183,"column":6},"end":{"line":185,"column":null}},"92":{"start":{"line":184,"column":8},"end":{"line":184,"column":17}},"93":{"start":{"line":186,"column":6},"end":{"line":199,"column":null}},"94":{"start":{"line":187,"column":8},"end":{"line":198,"column":null}},"95":{"start":{"line":188,"column":10},"end":{"line":190,"column":null}},"96":{"start":{"line":189,"column":12},"end":{"line":189,"column":21}},"97":{"start":{"line":192,"column":10},"end":{"line":197,"column":null}},"98":{"start":{"line":193,"column":12},"end":{"line":193,"column":62}},"99":{"start":{"line":194,"column":12},"end":{"line":194,"column":64}},"100":{"start":{"line":195,"column":12},"end":{"line":195,"column":48}},"101":{"start":{"line":196,"column":12},"end":{"line":196,"column":48}},"102":{"start":{"line":201,"column":4},"end":{"line":201,"column":31}},"103":{"start":{"line":205,"column":4},"end":{"line":230,"column":null}},"104":{"start":{"line":206,"column":22},"end":{"line":206,"column":26}},"105":{"start":{"line":207,"column":6},"end":{"line":211,"column":null}},"106":{"start":{"line":208,"column":8},"end":{"line":210,"column":null}},"107":{"start":{"line":209,"column":10},"end":{"line":209,"column":24}},"108":{"start":{"line":212,"column":6},"end":{"line":214,"column":null}},"109":{"start":{"line":213,"column":8},"end":{"line":213,"column":15}},"110":{"start":{"line":215,"column":6},"end":{"line":217,"column":null}},"111":{"start":{"line":216,"column":8},"end":{"line":216,"column":15}},"112":{"start":{"line":219,"column":23},"end":{"line":219,"column":58}},"113":{"start":{"line":220,"column":6},"end":{"line":229,"column":null}},"114":{"start":{"line":221,"column":8},"end":{"line":221,"column":61}},"115":{"start":{"line":222,"column":30},"end":{"line":222,"column":48}},"116":{"start":{"line":223,"column":8},"end":{"line":226,"column":null}},"117":{"start":{"line":224,"column":10},"end":{"line":224,"column":103}},"118":{"start":{"line":225,"column":10},"end":{"line":225,"column":19}},"119":{"start":{"line":227,"column":8},"end":{"line":227,"column":42}},"120":{"start":{"line":228,"column":8},"end":{"line":228,"column":54}},"121":{"start":{"line":234,"column":4},"end":{"line":234,"column":28}},"122":{"start":{"line":238,"column":4},"end":{"line":240,"column":null}},"123":{"start":{"line":239,"column":6},"end":{"line":239,"column":13}},"124":{"start":{"line":241,"column":30},"end":{"line":241,"column":74}},"125":{"start":{"line":242,"column":22},"end":{"line":242,"column":24}},"126":{"start":{"line":243,"column":4},"end":{"line":245,"column":null}},"127":{"start":{"line":244,"column":6},"end":{"line":244,"column":33}},"128":{"start":{"line":247,"column":22},"end":{"line":247,"column":99}},"129":{"start":{"line":248,"column":4},"end":{"line":250,"column":null}},"130":{"start":{"line":249,"column":6},"end":{"line":249,"column":13}},"131":{"start":{"line":251,"column":29},"end":{"line":251,"column":73}},"132":{"start":{"line":253,"column":24},"end":{"line":253,"column":70}},"133":{"start":{"line":254,"column":22},"end":{"line":254,"column":65}},"134":{"start":{"line":255,"column":4},"end":{"line":259,"column":null}},"135":{"start":{"line":256,"column":6},"end":{"line":258,"column":null}},"136":{"start":{"line":257,"column":8},"end":{"line":257,"column":60}},"137":{"start":{"line":260,"column":4},"end":{"line":260,"column":51}},"138":{"start":{"line":261,"column":4},"end":{"line":261,"column":52}},"139":{"start":{"line":262,"column":4},"end":{"line":264,"column":null}},"140":{"start":{"line":263,"column":6},"end":{"line":263,"column":47}},"141":{"start":{"line":268,"column":4},"end":{"line":268,"column":45}},"142":{"start":{"line":273,"column":4},"end":{"line":277,"column":null}},"143":{"start":{"line":274,"column":6},"end":{"line":276,"column":null}},"144":{"start":{"line":275,"column":8},"end":{"line":275,"column":21}},"145":{"start":{"line":278,"column":4},"end":{"line":278,"column":16}},"146":{"start":{"line":11,"column":0},"end":{"line":11,"column":13}}},"fnMap":{"0":{"name":"(anonymous_0)","decl":{"start":{"line":19,"column":2},"end":{"line":19,"column":14}},"loc":{"start":{"line":19,"column":80},"end":{"line":25,"column":3}}},"1":{"name":"(anonymous_1)","decl":{"start":{"line":27,"column":9},"end":{"line":27,"column":20}},"loc":{"start":{"line":27,"column":20},"end":{"line":29,"column":3}}},"2":{"name":"(anonymous_2)","decl":{"start":{"line":31,"column":9},"end":{"line":31,"column":25}},"loc":{"start":{"line":31,"column":25},"end":{"line":47,"column":3}}},"3":{"name":"(anonymous_3)","decl":{"start":{"line":49,"column":9},"end":{"line":49,"column":44}},"loc":{"start":{"line":49,"column":65},"end":{"line":60,"column":3}}},"4":{"name":"(anonymous_4)","decl":{"start":{"line":62,"column":9},"end":{"line":62,"column":35}},"loc":{"start":{"line":62,"column":56},"end":{"line":72,"column":3}}},"5":{"name":"(anonymous_5)","decl":{"start":{"line":73,"column":9},"end":{"line":73,"column":31}},"loc":{"start":{"line":73,"column":75},"end":{"line":78,"column":3}}},"6":{"name":"(anonymous_6)","decl":{"start":{"line":80,"column":9},"end":{"line":80,"column":34}},"loc":{"start":{"line":80,"column":53},"end":{"line":90,"column":3}}},"7":{"name":"(anonymous_7)","decl":{"start":{"line":81,"column":55},"end":{"line":81,"column":56}},"loc":{"start":{"line":81,"column":78},"end":{"line":85,"column":5}}},"8":{"name":"(anonymous_8)","decl":{"start":{"line":92,"column":9},"end":{"line":92,"column":41}},"loc":{"start":{"line":92,"column":60},"end":{"line":102,"column":3}}},"9":{"name":"(anonymous_9)","decl":{"start":{"line":93,"column":55},"end":{"line":93,"column":56}},"loc":{"start":{"line":93,"column":78},"end":{"line":97,"column":5}}},"10":{"name":"(anonymous_10)","decl":{"start":{"line":104,"column":9},"end":{"line":104,"column":39}},"loc":{"start":{"line":104,"column":61},"end":{"line":114,"column":3}}},"11":{"name":"(anonymous_11)","decl":{"start":{"line":105,"column":55},"end":{"line":105,"column":56}},"loc":{"start":{"line":105,"column":78},"end":{"line":109,"column":5}}},"12":{"name":"(anonymous_12)","decl":{"start":{"line":116,"column":9},"end":{"line":116,"column":30}},"loc":{"start":{"line":116,"column":51},"end":{"line":129,"column":3}}},"13":{"name":"(anonymous_13)","decl":{"start":{"line":131,"column":9},"end":{"line":131,"column":23}},"loc":{"start":{"line":131,"column":74},"end":{"line":141,"column":3}}},"14":{"name":"(anonymous_14)","decl":{"start":{"line":143,"column":9},"end":{"line":143,"column":28}},"loc":{"start":{"line":143,"column":46},"end":{"line":147,"column":3}}},"15":{"name":"(anonymous_15)","decl":{"start":{"line":149,"column":9},"end":{"line":149,"column":32}},"loc":{"start":{"line":149,"column":53},"end":{"line":156,"column":3}}},"16":{"name":"(anonymous_16)","decl":{"start":{"line":157,"column":9},"end":{"line":157,"column":26}},"loc":{"start":{"line":157,"column":47},"end":{"line":159,"column":3}}},"17":{"name":"(anonymous_17)","decl":{"start":{"line":160,"column":9},"end":{"line":160,"column":50}},"loc":{"start":{"line":160,"column":66},"end":{"line":167,"column":3}}},"18":{"name":"(anonymous_18)","decl":{"start":{"line":162,"column":56},"end":{"line":162,"column":57}},"loc":{"start":{"line":162,"column":75},"end":{"line":162,"column":111}}},"19":{"name":"(anonymous_19)","decl":{"start":{"line":169,"column":9},"end":{"line":169,"column":25}},"loc":{"start":{"line":169,"column":47},"end":{"line":202,"column":3}}},"20":{"name":"(anonymous_20)","decl":{"start":{"line":204,"column":9},"end":{"line":204,"column":33}},"loc":{"start":{"line":204,"column":46},"end":{"line":231,"column":3}}},"21":{"name":"(anonymous_21)","decl":{"start":{"line":233,"column":9},"end":{"line":233,"column":30}},"loc":{"start":{"line":233,"column":30},"end":{"line":235,"column":3}}},"22":{"name":"(anonymous_22)","decl":{"start":{"line":237,"column":9},"end":{"line":237,"column":22}},"loc":{"start":{"line":237,"column":43},"end":{"line":265,"column":3}}},"23":{"name":"(anonymous_23)","decl":{"start":{"line":267,"column":9},"end":{"line":267,"column":47}},"loc":{"start":{"line":267,"column":85},"end":{"line":269,"column":3}}},"24":{"name":"(anonymous_24)","decl":{"start":{"line":271,"column":9},"end":{"line":271,"column":27}},"loc":{"start":{"line":271,"column":48},"end":{"line":279,"column":3}}}},"branchMap":{"0":{"loc":{"start":{"line":32,"column":4},"end":{"line":34,"column":null}},"type":"if","locations":[{"start":{"line":32,"column":4},"end":{"line":34,"column":null}},{"start":{"line":32,"column":4},"end":{"line":34,"column":null}}]},"1":{"loc":{"start":{"line":39,"column":6},"end":{"line":43,"column":null}},"type":"if","locations":[{"start":{"line":39,"column":6},"end":{"line":43,"column":null}},{"start":{"line":39,"column":6},"end":{"line":43,"column":null}}]},"2":{"loc":{"start":{"line":50,"column":4},"end":{"line":52,"column":null}},"type":"if","locations":[{"start":{"line":50,"column":4},"end":{"line":52,"column":null}},{"start":{"line":50,"column":4},"end":{"line":52,"column":null}}]},"3":{"loc":{"start":{"line":53,"column":4},"end":{"line":57,"column":null}},"type":"if","locations":[{"start":{"line":53,"column":4},"end":{"line":57,"column":null}},{"start":{"line":53,"column":4},"end":{"line":57,"column":null}}]},"4":{"loc":{"start":{"line":64,"column":6},"end":{"line":68,"column":null}},"type":"if","locations":[{"start":{"line":64,"column":6},"end":{"line":68,"column":null}},{"start":{"line":64,"column":6},"end":{"line":68,"column":null}}]},"5":{"loc":{"start":{"line":65,"column":8},"end":{"line":67,"column":null}},"type":"if","locations":[{"start":{"line":65,"column":8},"end":{"line":67,"column":null}},{"start":{"line":65,"column":8},"end":{"line":67,"column":null}}]},"6":{"loc":{"start":{"line":82,"column":6},"end":{"line":84,"column":null}},"type":"if","locations":[{"start":{"line":82,"column":6},"end":{"line":84,"column":null}},{"start":{"line":82,"column":6},"end":{"line":84,"column":null}}]},"7":{"loc":{"start":{"line":86,"column":4},"end":{"line":88,"column":null}},"type":"if","locations":[{"start":{"line":86,"column":4},"end":{"line":88,"column":null}},{"start":{"line":86,"column":4},"end":{"line":88,"column":null}}]},"8":{"loc":{"start":{"line":94,"column":6},"end":{"line":96,"column":null}},"type":"if","locations":[{"start":{"line":94,"column":6},"end":{"line":96,"column":null}},{"start":{"line":94,"column":6},"end":{"line":96,"column":null}}]},"9":{"loc":{"start":{"line":98,"column":4},"end":{"line":100,"column":null}},"type":"if","locations":[{"start":{"line":98,"column":4},"end":{"line":100,"column":null}},{"start":{"line":98,"column":4},"end":{"line":100,"column":null}}]},"10":{"loc":{"start":{"line":106,"column":6},"end":{"line":108,"column":null}},"type":"if","locations":[{"start":{"line":106,"column":6},"end":{"line":108,"column":null}},{"start":{"line":106,"column":6},"end":{"line":108,"column":null}}]},"11":{"loc":{"start":{"line":110,"column":4},"end":{"line":112,"column":null}},"type":"if","locations":[{"start":{"line":110,"column":4},"end":{"line":112,"column":null}},{"start":{"line":110,"column":4},"end":{"line":112,"column":null}}]},"12":{"loc":{"start":{"line":120,"column":4},"end":{"line":123,"column":null}},"type":"if","locations":[{"start":{"line":120,"column":4},"end":{"line":123,"column":null}},{"start":{"line":120,"column":4},"end":{"line":123,"column":null}}]},"13":{"loc":{"start":{"line":125,"column":6},"end":{"line":127,"column":null}},"type":"if","locations":[{"start":{"line":125,"column":6},"end":{"line":127,"column":null}},{"start":{"line":125,"column":6},"end":{"line":127,"column":null}}]},"14":{"loc":{"start":{"line":132,"column":4},"end":{"line":139,"column":null}},"type":"if","locations":[{"start":{"line":132,"column":4},"end":{"line":139,"column":null}},{"start":{"line":132,"column":4},"end":{"line":139,"column":null}}]},"15":{"loc":{"start":{"line":134,"column":8},"end":{"line":136,"column":null}},"type":"if","locations":[{"start":{"line":134,"column":8},"end":{"line":136,"column":null}},{"start":{"line":134,"column":8},"end":{"line":136,"column":null}}]},"16":{"loc":{"start":{"line":163,"column":4},"end":{"line":165,"column":null}},"type":"if","locations":[{"start":{"line":163,"column":4},"end":{"line":165,"column":null}},{"start":{"line":163,"column":4},"end":{"line":165,"column":null}}]},"17":{"loc":{"start":{"line":174,"column":6},"end":{"line":176,"column":null}},"type":"if","locations":[{"start":{"line":174,"column":6},"end":{"line":176,"column":null}},{"start":{"line":174,"column":6},"end":{"line":176,"column":null}}]},"18":{"loc":{"start":{"line":183,"column":6},"end":{"line":185,"column":null}},"type":"if","locations":[{"start":{"line":183,"column":6},"end":{"line":185,"column":null}},{"start":{"line":183,"column":6},"end":{"line":185,"column":null}}]},"19":{"loc":{"start":{"line":187,"column":8},"end":{"line":198,"column":null}},"type":"if","locations":[{"start":{"line":187,"column":8},"end":{"line":198,"column":null}},{"start":{"line":187,"column":8},"end":{"line":198,"column":null}}]},"20":{"loc":{"start":{"line":188,"column":10},"end":{"line":190,"column":null}},"type":"if","locations":[{"start":{"line":188,"column":10},"end":{"line":190,"column":null}},{"start":{"line":188,"column":10},"end":{"line":190,"column":null}}]},"21":{"loc":{"start":{"line":192,"column":10},"end":{"line":197,"column":null}},"type":"if","locations":[{"start":{"line":192,"column":10},"end":{"line":197,"column":null}},{"start":{"line":192,"column":10},"end":{"line":197,"column":null}}]},"22":{"loc":{"start":{"line":205,"column":4},"end":{"line":230,"column":null}},"type":"if","locations":[{"start":{"line":205,"column":4},"end":{"line":230,"column":null}},{"start":{"line":205,"column":4},"end":{"line":230,"column":null}}]},"23":{"loc":{"start":{"line":205,"column":8},"end":{"line":205,"column":59}},"type":"binary-expr","locations":[{"start":{"line":205,"column":8},"end":{"line":205,"column":59}},{"start":{"line":205,"column":63},"end":{"line":205,"column":100}}]},"24":{"loc":{"start":{"line":208,"column":8},"end":{"line":210,"column":null}},"type":"if","locations":[{"start":{"line":208,"column":8},"end":{"line":210,"column":null}},{"start":{"line":208,"column":8},"end":{"line":210,"column":null}}]},"25":{"loc":{"start":{"line":212,"column":6},"end":{"line":214,"column":null}},"type":"if","locations":[{"start":{"line":212,"column":6},"end":{"line":214,"column":null}},{"start":{"line":212,"column":6},"end":{"line":214,"column":null}}]},"26":{"loc":{"start":{"line":215,"column":6},"end":{"line":217,"column":null}},"type":"if","locations":[{"start":{"line":215,"column":6},"end":{"line":217,"column":null}},{"start":{"line":215,"column":6},"end":{"line":217,"column":null}}]},"27":{"loc":{"start":{"line":223,"column":8},"end":{"line":226,"column":null}},"type":"if","locations":[{"start":{"line":223,"column":8},"end":{"line":226,"column":null}},{"start":{"line":223,"column":8},"end":{"line":226,"column":null}}]},"28":{"loc":{"start":{"line":238,"column":4},"end":{"line":240,"column":null}},"type":"if","locations":[{"start":{"line":238,"column":4},"end":{"line":240,"column":null}},{"start":{"line":238,"column":4},"end":{"line":240,"column":null}}]},"29":{"loc":{"start":{"line":248,"column":4},"end":{"line":250,"column":null}},"type":"if","locations":[{"start":{"line":248,"column":4},"end":{"line":250,"column":null}},{"start":{"line":248,"column":4},"end":{"line":250,"column":null}}]},"30":{"loc":{"start":{"line":255,"column":4},"end":{"line":259,"column":null}},"type":"if","locations":[{"start":{"line":255,"column":4},"end":{"line":259,"column":null}},{"start":{"line":255,"column":4},"end":{"line":259,"column":null}}]},"31":{"loc":{"start":{"line":274,"column":6},"end":{"line":276,"column":null}},"type":"if","locations":[{"start":{"line":274,"column":6},"end":{"line":276,"column":null}},{"start":{"line":274,"column":6},"end":{"line":276,"column":null}}]}},"s":{"0":4,"1":4,"2":4,"3":24,"4":24,"5":24,"6":24,"7":24,"8":24,"9":0,"10":6,"11":2,"12":4,"13":4,"14":1,"15":1,"16":0,"17":0,"18":0,"19":1,"20":0,"21":0,"22":0,"23":0,"24":0,"25":0,"26":7,"27":0,"28":0,"29":0,"30":0,"31":7,"32":2,"33":2,"34":2,"35":2,"36":2,"37":2,"38":2,"39":2,"40":0,"41":2,"42":5,"43":5,"44":2,"45":5,"46":3,"47":2,"48":0,"49":0,"50":0,"51":0,"52":0,"53":0,"54":1,"55":1,"56":1,"57":1,"58":0,"59":0,"60":0,"61":1,"62":0,"63":0,"64":0,"65":0,"66":1,"67":4,"68":4,"69":4,"70":0,"71":0,"72":0,"73":0,"74":0,"75":3,"76":2,"77":2,"78":2,"79":2,"80":1,"81":1,"82":6,"83":6,"84":3,"85":3,"86":3,"87":0,"88":0,"89":6,"90":3,"91":3,"92":3,"93":0,"94":0,"95":0,"96":0,"97":0,"98":0,"99":0,"100":0,"101":0,"102":6,"103":1,"104":1,"105":1,"106":1,"107":1,"108":1,"109":0,"110":1,"111":0,"112":1,"113":1,"114":0,"115":0,"116":0,"117":0,"118":0,"119":0,"120":0,"121":1,"122":1,"123":0,"124":1,"125":1,"126":1,"127":1,"128":1,"129":1,"130":1,"131":0,"132":0,"133":0,"134":0,"135":0,"136":0,"137":0,"138":0,"139":0,"140":0,"141":0,"142":1,"143":0,"144":0,"145":1,"146":4},"f":{"0":24,"1":0,"2":6,"3":0,"4":7,"5":2,"6":2,"7":2,"8":5,"9":5,"10":0,"11":0,"12":1,"13":1,"14":4,"15":0,"16":3,"17":2,"18":2,"19":6,"20":1,"21":1,"22":1,"23":0,"24":1},"b":{"0":[2,4],"1":[0,1],"2":[0,0],"3":[0,0],"4":[0,0],"5":[0,0],"6":[2,0],"7":[0,2],"8":[2,3],"9":[3,2],"10":[0,0],"11":[0,0],"12":[1,0],"13":[0,0],"14":[0,1],"15":[0,0],"16":[1,1],"17":[3,0],"18":[3,0],"19":[0,0],"20":[0,0],"21":[0,0],"22":[1,0],"23":[1,1],"24":[1,0],"25":[0,1],"26":[0,1],"27":[0,0],"28":[0,1],"29":[1,0],"30":[0,0],"31":[0,0]}}
,"/Users/dominicjarmann/Documents/development/nails/src/core/engine/engine.ts": {"path":"/Users/dominicjarmann/Documents/development/nails/src/core/engine/engine.ts","statementMap":{"0":{"start":{"line":2,"column":0},"end":{"line":2,"column":60}},"1":{"start":{"line":4,"column":0},"end":{"line":4,"column":61}},"2":{"start":{"line":6,"column":0},"end":{"line":6,"column":52}},"3":{"start":{"line":12,"column":4},"end":{"line":15,"column":null}},"4":{"start":{"line":14,"column":6},"end":{"line":14,"column":60}},"5":{"start":{"line":16,"column":4},"end":{"line":16,"column":23}},"6":{"start":{"line":17,"column":4},"end":{"line":17,"column":44}},"7":{"start":{"line":18,"column":4},"end":{"line":18,"column":75}},"8":{"start":{"line":22,"column":4},"end":{"line":59,"column":null}},"9":{"start":{"line":23,"column":20},"end":{"line":23,"column":24}},"10":{"start":{"line":24,"column":6},"end":{"line":29,"column":null}},"11":{"start":{"line":25,"column":25},"end":{"line":25,"column":53}},"12":{"start":{"line":26,"column":8},"end":{"line":26,"column":52}},"13":{"start":{"line":28,"column":8},"end":{"line":28,"column":68}},"14":{"start":{"line":31,"column":6},"end":{"line":34,"column":null}},"15":{"start":{"line":32,"column":8},"end":{"line":32,"column":93}},"16":{"start":{"line":33,"column":8},"end":{"line":33,"column":15}},"17":{"start":{"line":35,"column":6},"end":{"line":41,"column":null}},"18":{"start":{"line":37,"column":8},"end":{"line":39,"column":10}},"19":{"start":{"line":40,"column":8},"end":{"line":40,"column":15}},"20":{"start":{"line":42,"column":6},"end":{"line":45,"column":null}},"21":{"start":{"line":43,"column":8},"end":{"line":43,"column":93}},"22":{"start":{"line":44,"column":8},"end":{"line":44,"column":15}},"23":{"start":{"line":46,"column":6},"end":{"line":48,"column":null}},"24":{"start":{"line":47,"column":8},"end":{"line":47,"column":29}},"25":{"start":{"line":51,"column":29},"end":{"line":51,"column":70}},"26":{"start":{"line":55,"column":6},"end":{"line":57,"column":null}},"27":{"start":{"line":56,"column":8},"end":{"line":56,"column":50}},"28":{"start":{"line":58,"column":6},"end":{"line":58,"column":66}},"29":{"start":{"line":63,"column":4},"end":{"line":65,"column":null}},"30":{"start":{"line":64,"column":6},"end":{"line":64,"column":78}},"31":{"start":{"line":67,"column":4},"end":{"line":67,"column":21}},"32":{"start":{"line":71,"column":4},"end":{"line":73,"column":null}},"33":{"start":{"line":72,"column":6},"end":{"line":72,"column":45}},"34":{"start":{"line":77,"column":4},"end":{"line":77,"column":37}},"35":{"start":{"line":81,"column":4},"end":{"line":83,"column":null}},"36":{"start":{"line":82,"column":6},"end":{"line":82,"column":52}},"37":{"start":{"line":84,"column":4},"end":{"line":84,"column":17}},"38":{"start":{"line":88,"column":4},"end":{"line":90,"column":null}},"39":{"start":{"line":89,"column":6},"end":{"line":89,"column":13}},"40":{"start":{"line":91,"column":4},"end":{"line":95,"column":null}},"41":{"start":{"line":92,"column":6},"end":{"line":94,"column":null}},"42":{"start":{"line":93,"column":8},"end":{"line":93,"column":15}},"43":{"start":{"line":96,"column":26},"end":{"line":96,"column":76}},"44":{"start":{"line":97,"column":4},"end":{"line":97,"column":52}},"45":{"start":{"line":100,"column":4},"end":{"line":100,"column":20}},"46":{"start":{"line":103,"column":4},"end":{"line":103,"column":22}},"47":{"start":{"line":106,"column":23},"end":{"line":106,"column":43}},"48":{"start":{"line":107,"column":4},"end":{"line":107,"column":41}},"49":{"start":{"line":110,"column":15},"end":{"line":110,"column":30}},"50":{"start":{"line":111,"column":4},"end":{"line":115,"column":null}},"51":{"start":{"line":112,"column":6},"end":{"line":112,"column":47}},"52":{"start":{"line":114,"column":6},"end":{"line":114,"column":19}},"53":{"start":{"line":119,"column":4},"end":{"line":119,"column":57}},"54":{"start":{"line":123,"column":4},"end":{"line":123,"column":34}},"55":{"start":{"line":126,"column":4},"end":{"line":126,"column":28}},"56":{"start":{"line":129,"column":4},"end":{"line":131,"column":null}},"57":{"start":{"line":130,"column":6},"end":{"line":130,"column":16}},"58":{"start":{"line":132,"column":33},"end":{"line":132,"column":35}},"59":{"start":{"line":133,"column":4},"end":{"line":138,"column":null}},"60":{"start":{"line":134,"column":6},"end":{"line":134,"column":49}},"61":{"start":{"line":135,"column":6},"end":{"line":137,"column":null}},"62":{"start":{"line":136,"column":8},"end":{"line":136,"column":35}},"63":{"start":{"line":139,"column":4},"end":{"line":139,"column":22}},"64":{"start":{"line":143,"column":4},"end":{"line":143,"column":47}},"65":{"start":{"line":144,"column":34},"end":{"line":144,"column":36}},"66":{"start":{"line":145,"column":4},"end":{"line":148,"column":null}},"67":{"start":{"line":146,"column":21},"end":{"line":146,"column":60}},"68":{"start":{"line":147,"column":6},"end":{"line":147,"column":56}},"69":{"start":{"line":149,"column":4},"end":{"line":151,"column":null}},"70":{"start":{"line":150,"column":6},"end":{"line":150,"column":35}},"71":{"start":{"line":153,"column":4},"end":{"line":153,"column":26}},"72":{"start":{"line":157,"column":4},"end":{"line":157,"column":47}},"73":{"start":{"line":158,"column":4},"end":{"line":163,"column":null}},"74":{"start":{"line":159,"column":6},"end":{"line":159,"column":45}},"75":{"start":{"line":161,"column":6},"end":{"line":161,"column":84}},"76":{"start":{"line":162,"column":6},"end":{"line":162,"column":16}},"77":{"start":{"line":166,"column":23},"end":{"line":166,"column":57}},"78":{"start":{"line":167,"column":4},"end":{"line":185,"column":null}},"79":{"start":{"line":168,"column":6},"end":{"line":168,"column":47}},"80":{"start":{"line":169,"column":6},"end":{"line":184,"column":null}},"81":{"start":{"line":171,"column":8},"end":{"line":175,"column":10}},"82":{"start":{"line":176,"column":28},"end":{"line":176,"column":62}},"83":{"start":{"line":177,"column":8},"end":{"line":181,"column":null}},"84":{"start":{"line":178,"column":10},"end":{"line":180,"column":null}},"85":{"start":{"line":179,"column":12},"end":{"line":179,"column":90}},"86":{"start":{"line":183,"column":8},"end":{"line":183,"column":58}},"87":{"start":{"line":189,"column":4},"end":{"line":189,"column":53}},"88":{"start":{"line":190,"column":4},"end":{"line":190,"column":53}},"89":{"start":{"line":191,"column":4},"end":{"line":191,"column":41}},"90":{"start":{"line":192,"column":4},"end":{"line":192,"column":25}},"91":{"start":{"line":198,"column":4},"end":{"line":198,"column":29}},"92":{"start":{"line":199,"column":20},"end":{"line":199,"column":70}},"93":{"start":{"line":200,"column":4},"end":{"line":202,"column":null}},"94":{"start":{"line":201,"column":6},"end":{"line":201,"column":28}},"95":{"start":{"line":203,"column":4},"end":{"line":205,"column":null}},"96":{"start":{"line":204,"column":6},"end":{"line":204,"column":33}},"97":{"start":{"line":207,"column":4},"end":{"line":207,"column":26}},"98":{"start":{"line":210,"column":4},"end":{"line":210,"column":41}},"99":{"start":{"line":211,"column":4},"end":{"line":216,"column":null}},"100":{"start":{"line":212,"column":6},"end":{"line":212,"column":72}},"101":{"start":{"line":214,"column":6},"end":{"line":214,"column":83}},"102":{"start":{"line":215,"column":6},"end":{"line":215,"column":27}},"103":{"start":{"line":218,"column":4},"end":{"line":218,"column":25}},"104":{"start":{"line":222,"column":4},"end":{"line":222,"column":41}},"105":{"start":{"line":223,"column":4},"end":{"line":228,"column":null}},"106":{"start":{"line":224,"column":6},"end":{"line":224,"column":68}},"107":{"start":{"line":226,"column":6},"end":{"line":226,"column":83}},"108":{"start":{"line":227,"column":6},"end":{"line":227,"column":27}},"109":{"start":{"line":229,"column":4},"end":{"line":229,"column":41}},"110":{"start":{"line":230,"column":19},"end":{"line":230,"column":64}},"111":{"start":{"line":232,"column":17},"end":{"line":232,"column":36}},"112":{"start":{"line":233,"column":4},"end":{"line":233,"column":18}},"113":{"start":{"line":234,"column":4},"end":{"line":236,"column":null}},"114":{"start":{"line":235,"column":6},"end":{"line":235,"column":28}},"115":{"start":{"line":237,"column":4},"end":{"line":237,"column":58}},"116":{"start":{"line":239,"column":4},"end":{"line":239,"column":78}},"117":{"start":{"line":243,"column":4},"end":{"line":243,"column":34}},"118":{"start":{"line":246,"column":4},"end":{"line":248,"column":null}},"119":{"start":{"line":247,"column":6},"end":{"line":247,"column":27}},"120":{"start":{"line":249,"column":4},"end":{"line":249,"column":52}},"121":{"start":{"line":250,"column":4},"end":{"line":250,"column":52}},"122":{"start":{"line":251,"column":4},"end":{"line":251,"column":41}},"123":{"start":{"line":252,"column":4},"end":{"line":252,"column":25}},"124":{"start":{"line":255,"column":37},"end":{"line":255,"column":39}},"125":{"start":{"line":256,"column":4},"end":{"line":258,"column":null}},"126":{"start":{"line":257,"column":6},"end":{"line":257,"column":28}},"127":{"start":{"line":260,"column":20},"end":{"line":260,"column":67}},"128":{"start":{"line":262,"column":4},"end":{"line":262,"column":25}},"129":{"start":{"line":263,"column":4},"end":{"line":265,"column":null}},"130":{"start":{"line":264,"column":6},"end":{"line":264,"column":16}},"131":{"start":{"line":266,"column":4},"end":{"line":268,"column":null}},"132":{"start":{"line":267,"column":6},"end":{"line":267,"column":33}},"133":{"start":{"line":269,"column":4},"end":{"line":269,"column":26}},"134":{"start":{"line":272,"column":21},"end":{"line":272,"column":89}},"135":{"start":{"line":273,"column":4},"end":{"line":273,"column":66}},"136":{"start":{"line":274,"column":4},"end":{"line":276,"column":null}},"137":{"start":{"line":275,"column":6},"end":{"line":275,"column":44}},"138":{"start":{"line":279,"column":4},"end":{"line":281,"column":null}},"139":{"start":{"line":280,"column":6},"end":{"line":280,"column":27}},"140":{"start":{"line":283,"column":4},"end":{"line":286,"column":null}},"141":{"start":{"line":285,"column":6},"end":{"line":285,"column":62}},"142":{"start":{"line":290,"column":4},"end":{"line":290,"column":23}},"143":{"start":{"line":296,"column":4},"end":{"line":298,"column":null}},"144":{"start":{"line":297,"column":6},"end":{"line":297,"column":28}},"145":{"start":{"line":299,"column":4},"end":{"line":301,"column":null}},"146":{"start":{"line":300,"column":6},"end":{"line":300,"column":18}},"147":{"start":{"line":302,"column":4},"end":{"line":308,"column":null}},"148":{"start":{"line":303,"column":6},"end":{"line":307,"column":null}},"149":{"start":{"line":304,"column":8},"end":{"line":306,"column":null}},"150":{"start":{"line":305,"column":10},"end":{"line":305,"column":62}},"151":{"start":{"line":312,"column":4},"end":{"line":317,"column":null}},"152":{"start":{"line":313,"column":6},"end":{"line":315,"column":8}},"153":{"start":{"line":316,"column":6},"end":{"line":316,"column":19}},"154":{"start":{"line":318,"column":4},"end":{"line":318,"column":27}},"155":{"start":{"line":319,"column":4},"end":{"line":319,"column":16}},"156":{"start":{"line":322,"column":4},"end":{"line":322,"column":48}},"157":{"start":{"line":323,"column":27},"end":{"line":323,"column":77}},"158":{"start":{"line":324,"column":4},"end":{"line":326,"column":null}},"159":{"start":{"line":325,"column":6},"end":{"line":325,"column":13}},"160":{"start":{"line":327,"column":27},"end":{"line":327,"column":39}},"161":{"st
[...]
,"column":9},"end":{"line":340,"column":21}},"loc":{"start":{"line":340,"column":61},"end":{"line":349,"column":3}}},"31":{"name":"(anonymous_31)","decl":{"start":{"line":351,"column":9},"end":{"line":351,"column":26}},"loc":{"start":{"line":351,"column":61},"end":{"line":363,"column":3}}},"32":{"name":"(anonymous_32)","decl":{"start":{"line":364,"column":9},"end":{"line":364,"column":27}},"loc":{"start":{"line":364,"column":74},"end":{"line":382,"column":3}}},"33":{"name":"(anonymous_33)","decl":{"start":{"line":384,"column":9},"end":{"line":384,"column":32}},"loc":{"start":{"line":384,"column":53},"end":{"line":392,"column":3}}},"34":{"name":"(anonymous_34)","decl":{"start":{"line":394,"column":9},"end":{"line":394,"column":38}},"loc":{"start":{"line":394,"column":59},"end":{"line":401,"column":3}}},"35":{"name":"(anonymous_35)","decl":{"start":{"line":402,"column":9},"end":{"line":402,"column":19}},"loc":{"start":{"line":402,"column":33},"end":{"line":404,"column":3}}},"36":{"name":"(anonymous_36)","decl":{"start":{"line":405,"column":9},"end":{"line":405,"column":17}},"loc":{"start":{"line":405,"column":29},"end":{"line":413,"column":3}}},"37":{"name":"(anonymous_37)","decl":{"start":{"line":415,"column":9},"end":{"line":415,"column":39}},"loc":{"start":{"line":415,"column":60},"end":{"line":453,"column":3}}}},"branchMap":{"0":{"loc":{"start":{"line":12,"column":4},"end":{"line":15,"column":null}},"type":"if","locations":[{"start":{"line":12,"column":4},"end":{"line":15,"column":null}},{"start":{"line":12,"column":4},"end":{"line":15,"column":null}}]},"1":{"loc":{"start":{"line":12,"column":8},"end":{"line":12,"column":36}},"type":"binary-expr","locations":[{"start":{"line":12,"column":8},"end":{"line":12,"column":36}},{"start":{"line":12,"column":40},"end":{"line":12,"column":54}}]},"2":{"loc":{"start":{"line":22,"column":4},"end":{"line":59,"column":null}},"type":"if","locations":[{"start":{"line":22,"column":4},"end":{"line":59,"column":null}},{"start":{"line":22,"column":4},"end":{"line":59,"column":null}}]},"3":{"loc":{"start":{"line":24,"column":6},"end":{"line":29,"column":null}},"type":"if","locations":[{"start":{"line":24,"column":6},"end":{"line":29,"column":null}},{"start":{"line":24,"column":6},"end":{"line":29,"column":null}}]},"4":{"loc":{"start":{"line":31,"column":6},"end":{"line":34,"column":null}},"type":"if","locations":[{"start":{"line":31,"column":6},"end":{"line":34,"column":null}},{"start":{"line":31,"column":6},"end":{"line":34,"column":null}}]},"5":{"loc":{"start":{"line":31,"column":10},"end":{"line":31,"column":40}},"type":"binary-expr","locations":[{"start":{"line":31,"column":10},"end":{"line":31,"column":40}},{"start":{"line":31,"column":44},"end":{"line":31,"column":60}}]},"6":{"loc":{"start":{"line":35,"column":6},"end":{"line":41,"column":null}},"type":"if","locations":[{"start":{"line":35,"column":6},"end":{"line":41,"column":null}},{"start":{"line":35,"column":6},"end":{"line":41,"column":null}}]},"7":{"loc":{"start":{"line":35,"column":10},"end":{"line":35,"column":43}},"type":"binary-expr","locations":[{"start":{"line":35,"column":10},"end":{"line":35,"column":43}},{"start":{"line":35,"column":47},"end":{"line":35,"column":65}}]},"8":{"loc":{"start":{"line":42,"column":6},"end":{"line":45,"column":null}},"type":"if","locations":[{"start":{"line":42,"column":6},"end":{"line":45,"column":null}},{"start":{"line":42,"column":6},"end":{"line":45,"column":null}}]},"9":{"loc":{"start":{"line":42,"column":10},"end":{"line":42,"column":43}},"type":"binary-expr","locations":[{"start":{"line":42,"column":10},"end":{"line":42,"column":43}},{"start":{"line":42,"column":47},"end":{"line":42,"column":67}}]},"10":{"loc":{"start":{"line":46,"column":6},"end":{"line":48,"column":null}},"type":"if","locations":[{"start":{"line":46,"column":6},"end":{"line":48,"column":null}},{"start":{"line":46,"column":6},"end":{"line":48,"column":null}}]},"11":{"loc":{"start":{"line":63,"column":4},"end":{"line":65,"column":null}},"type":"if","locations":[{"start":{"line":63,"column":4},"end":{"line":65,"column":null}},{"start":{"line":63,"column":4},"end":{"line":65,"column":null}}]},"12":{"loc":{"start":{"line":71,"column":4},"end":{"line":73,"column":null}},"type":"if","locations":[{"start":{"line":71,"column":4},"end":{"line":73,"column":null}},{"start":{"line":71,"column":4},"end":{"line":73,"column":null}}]},"13":{"loc":{"start":{"line":71,"column":8},"end":{"line":71,"column":52}},"type":"binary-expr","locations":[{"start":{"line":71,"column":8},"end":{"line":71,"column":52}},{"start":{"line":71,"column":56},"end":{"line":71,"column":86}}]},"14":{"loc":{"start":{"line":81,"column":4},"end":{"line":83,"column":null}},"type":"if","locations":[{"start":{"line":81,"column":4},"end":{"line":83,"column":null}},{"start":{"line":81,"column":4},"end":{"line":83,"column":null}}]},"15":{"loc":{"start":{"line":88,"column":4},"end":{"line":90,"column":null}},"type":"if","locations":[{"start":{"line":88,"column":4},"end":{"line":90,"column":null}},{"start":{"line":88,"column":4},"end":{"line":90,"column":null}}]},"16":{"loc":{"start":{"line":88,"column":8},"end":{"line":88,"column":35}},"type":"binary-expr","locations":[{"start":{"line":88,"column":8},"end":{"line":88,"column":35}},{"start":{"line":88,"column":39},"end":{"line":88,"column":69}}]},"17":{"loc":{"start":{"line":92,"column":6},"end":{"line":94,"column":null}},"type":"if","locations":[{"start":{"line":92,"column":6},"end":{"line":94,"column":null}},{"start":{"line":92,"column":6},"end":{"line":94,"column":null}}]},"18":{"loc":{"start":{"line":92,"column":10},"end":{"line":92,"column":29}},"type":"binary-expr","locations":[{"start":{"line":92,"column":10},"end":{"line":92,"column":29}},{"start":{"line":92,"column":33},"end":{"line":92,"column":55}}]},"19":{"loc":{"start":{"line":111,"column":4},"end":{"line":115,"column":null}},"type":"if","locations":[{"start":{"line":111,"column":4},"end":{"line":115,"column":null}},{"start":{"line":111,"column":4},"end":{"line":115,"column":null}}]},"20":{"loc":{"start":{"line":129,"column":4},"end":{"line":131,"column":null}},"type":"if","locations":[{"start":{"line":129,"column":4},"end":{"line":131,"column":null}},{"start":{"line":129,"column":4},"end":{"line":131,"column":null}}]},"21":{"loc":{"start":{"line":135,"column":6},"end":{"line":137,"column":null}},"type":"if","locations":[{"start":{"line":135,"column":6},"end":{"line":137,"column":null}},{"start":{"line":135,"column":6},"end":{"line":137,"column":null}}]},"22":{"loc":{"start":{"line":135,"column":10},"end":{"line":135,"column":35}},"type":"binary-expr","locations":[{"start":{"line":135,"column":10},"end":{"line":135,"column":35}},{"start":{"line":135,"column":39},"end":{"line":135,"column":70}}]},"23":{"loc":{"start":{"line":149,"column":4},"end":{"line":151,"column":null}},"type":"if","locations":[{"start":{"line":149,"column":4},"end":{"line":151,"column":null}},{"start":{"line":149,"column":4},"end":{"line":151,"column":null}}]},"24":{"loc":{"start":{"line":158,"column":4},"end":{"line":163,"column":null}},"type":"if","locations":[{"start":{"line":158,"column":4},"end":{"line":163,"column":null}},{"start":{"line":158,"column":4},"end":{"line":163,"column":null}}]},"25":{"loc":{"start":{"line":169,"column":6},"end":{"line":184,"column":null}},"type":"if","locations":[{"start":{"line":169,"column":6},"end":{"line":184,"column":null}},{"start":{"line":169,"column":6},"end":{"line":184,"column":null}}]},"26":{"loc":{"start":{"line":177,"column":8},"end":{"line":181,"column":null}},"type":"if","locations":[{"start":{"line":177,"column":8},"end":{"line":181,"column":null}},{"start":{"line":177,"column":8},"end":{"line":181,"column":null}}]},"27":{"loc":{"start":{"line":200,"column":4},"end":{"line":202,"column":null}},"type":"if","locations":[{"start":{"line":200,"column":4},"end":{"line":202,"column":null}},{"start":{"line":200,"column":4},"end":{"line":202,"column":null}}]},"28":{"loc":{"start":{"line":211,"column":4},"end":{"line":216,"column":null}},"type":"if","locations":[{"start":{"line":211,"column":4},"end":{"line":216,"column":null}},{"start":{"line":211,"column":4},"end":{"line":216,"column":null}}]},"29":{"loc":{"start":{"line":223,"column":4},"end":{"line":228,"column":null}},"type":"if","locations":[{"start":{"line":223,"column":4},"end":{"line":228,"column":null}},{"start":{"line":223,"column":4},"end":{"line":228,"column":null}}]},"30":{"loc":{"start":{"line":246,"column":4},"end":{"line":248,"column":null}},"type":"if","locations":[{"start":{"line":246,"column":4},"end":{"line":248,"column":null}},{"start":{"line":246,"column":4},"end":{"line":248,"column":null}}]},"31":{"loc":{"start":{"line":246,"column":8},"end":{"line":246,"column":44}},"type":"binary-expr","locations":[{"start":{"line":246,"column":8},"end":{"line":246,"column":44}},{"start":{"line":246,"column":48},"end":{"line":246,"column":77}}]},"32":{"loc":{"start":{"line":256,"column":4},"end":{"line":258,"column":null}},"type":"if","locations":[{"start":{"line":256,"column":4},"end":{"line":258,"column":null}},{"start":{"line":256,"column":4},"end":{"line":258,"column":null}}]},"33":{"loc":{"start":{"line":256,"column":8},"end":{"line":256,"column":35}},"type":"binary-expr","locations":[{"start":{"line":256,"column":8},"end":{"line":256,"column":35}},{"start":{"line":256,"column":39},"end":{"line":256,"column":52}}]},"34":{"loc":{"start":{"line":263,"column":4},"end":{"line":265,"column":null}},"type":"if","locations":[{"start":{"line":263,"column":4},"end":{"line":265,"column":null}},{"start":{"line":263,"column":4},"end":{"line":265,"column":null}}]},"35":{"loc":{"start":{"line":274,"column":4},"end":{"line":276,"column":null}},"type":"if","locations":[{"start":{"line":274,"column":4},"end":{"line":276,"column":null}},{"start":{"line":274,"column":4},"end":{"line":276,"column":null}}]},"36":{"loc":{"start":{"line":279,"column":4},"end":{"line":281,"column":null}},"type":"if","locations":[{"start":{"line":279,"column":4},"end":{"line":281,"column":null}},{"start":{"line":279,"column":4},"end":{"line":281,"column":null}}]},"37":{"loc":{"start":{"line":283,"column":4},"end":{"line":286,"column":null}},"type":"if","locations":[{"start":{"line":283,"column":4},"end":{"line":286,"column":null}},{"start":{"line":283,"column":4},"end":{"line":286,"column":null}}]},"38":{"loc":{"start":{"line":296,"column":4},"end":{"line":298,"column":null}},"type":"if","locations":[{"start":{"line":296,"column":4},"end":{"line":298,"column":null}},{"start":{"line":296,"column":4},"end":{"line":298,"column":null}}]},"39":{"loc":{"start":{"line":299,"column":4},"end":{"line":301,"column":null}},"type":"if","locations":[{"start":{"line":299,"column":4},"end":{"line":301,"column":null}},{"start":{"line":299,"column":4},"end":{"line":301,"column":null}}]},"40":{"loc":{"start":{"line":302,"column":4},"end":{"line":308,"column":null}},"type":"if","locations":[{"start":{"line":302,"column":4},"end":{"line":308,"column":null}},{"start":{"line":302,"column":4},"end":{"line":308,"column":null}}]},"41":{"loc":{"start":{"line":304,"column":8},"end":{"line":306,"column":null}},"type":"if","locations":[{"start":{"line":304,"column":8},"end":{"line":306,"column":null}},{"start":{"line":304,"column":8},"end":{"line":306,"column":null}}]},"42":{"loc":{"start":{"line":312,"column":4},"end":{"line":317,"column":null}},"type":"if","locations":[{"start":{"line":312,"column":4},"end":{"line":317,"column":null}},{"start":{"line":312,"column":4},"end":{"line":317,"column":null}}]},"43":{"loc":{"start":{"line":324,"column":4},"end":{"line":326,"column":null}},"type":"if","locations":[{"start":{"line":324,"column":4},"end":{"line":326,"column":null}},{"start":{"line":324,"column":4},"end":{"line":326,"column":null}}]},"44":{"loc":{"start":{"line":331,"column":6},"end":{"line":333,"column":null}},"type":"if","locations":[{"start":{"line":331,"column":6},"end":{"line":333,"column":null}},{"start":{"line":331,"column":6},"end":{"line":333,"column":null}}]},"45":{"loc":{"start":{"line":343,"column":6},"end":{"line":345,"column":null}},"type":"if","locations":[{"start":{"line":343,"column":6},"end":{"line":345,"column":null}},{"start":{"line":343,"column":6},"end":{"line":345,"column":null}}]},"46":{"loc":{"start":{"line":353,"column":6},"end":{"line":357,"column":null}},"type":"if","locations":[{"start":{"line":353,"column":6},"end":{"line":357,"column":null}},{"start":{"line":353,"column":6},"end":{"line":357,"column":null}}]},"47":{"loc":{"start":{"line":353,"column":10},"end":{"line":353,"column":54}},"type":"binary-expr","locations":[{"start":{"line":353,"column":10},"end":{"line":353,"column":54}},{"start":{"line":353,"column":58},"end":{"line":353,"column":102}}]},"48":{"loc":{"start":{"line":354,"column":8},"end":{"line":356,"column":10}},"type":"if","locations":[{"start":{"line":354,"column":8},"end":{"line":356,"column":10}},{"start":{"line":354,"column":8},"end":{"line":356,"column":10}}]},"49":{"loc":{"start":{"line":358,"column":6},"end":{"line":360,"column":null}},"type":"if","locations":[{"start":{"line":358,"column":6},"end":{"line":360,"column":null}},{"start":{"line":358,"column":6},"end":{"line":360,"column":null}}]},"50":{"loc":{"start":{"line":358,"column":10},"end":{"line":358,"column":35}},"type":"binary-expr","locations":[{"start":{"line":358,"column":10},"end":{"line":358,"column":35}},{"start":{"line":358,"column":39},"end":{"line":358,"column":67}}]},"51":{"loc":{"start":{"line":369,"column":6},"end":{"line":371,"column":null}},"type":"if","locations":[{"start":{"line":369,"column":6},"end":{"line":371,"column":null}},{"start":{"line":369,"column":6},"end":{"line":371,"column":null}}]},"52":{"loc":{"start":{"line":373,"column":17},"end":{"line":373,"column":36}},"type":"binary-expr","locations":[{"start":{"line":373,"column":17},"end":{"line":373,"column":36}},{"start":{"line":373,"column":40},"end":{"line":373,"column":59}}]},"53":{"loc":{"start":{"line":376,"column":6},"end":{"line":379,"column":null}},"type":"if","locations":[{"start":{"line":376,"column":6},"end":{"line":379,"column":null}},{"start":{"line":376,"column":6},"end":{"line":379,"column":null}}]},"54":{"loc":{"start":{"line":385,"column":4},"end":{"line":387,"column":null}},"type":"if","locations":[{"start":{"line":385,"column":4},"end":{"line":387,"column":null}},{"start":{"line":385,"column":4},"end":{"line":387,"column":null}}]},"55":{"loc":{"start":{"line":388,"column":4},"end":{"line":390,"column":null}},"type":"if","locations":[{"start":{"line":388,"column":4},"end":{"line":390,"column":null}},{"start":{"line":388,"column":4},"end":{"line":390,"column":null}}]},"56":{"loc":{"start":{"line":396,"column":6},"end":{"line":398,"column":null}},"type":"if","locations":[{"start":{"line":396,"column":6},"end":{"line":398,"column":null}},{"start":{"line":396,"column":6},"end":{"line":398,"column":null}}]},"57":{"loc":{"start":{"line":406,"column":4},"end":{"line":408,"column":null}},"type":"if","locations":[{"start":{"line":406,"column":4},"end":{"line":408,"column":null}},{"start":{"line":406,"column":4},"end":{"line":408,"column":null}}]},"58":{"loc":{"start":{"line":422,"column":4},"end":{"line":452,"column":null}},"type":"if","locations":[{"start":{"line":422,"column":4},"end":{"line":452,"column":null}},{"start":{"line":422,"column":4},"end":{"line":452,"column":null}}]},"59":{"loc":{"start":{"line":425,"column":6},"end":{"line":427,"column":null}},"type":"if","locations":[{"start":{"line":425,"column":6},"end":{"line":427,"column":null}},{"start":{"line":425,"column":6},"end":{"line":427,"column":null}}]},"60":{"loc":{"start":{"line":429,"column":6},"end":{"line":431,"column":null}},"type":"if","locations":[{"start":{"line":429,"column":6},"end":{"line":431,"column":null}},{"start":{"line":429,"column":6},"end":{"line":431,"column":null}}]},"61":{"loc":{"start":{"line":445,"column":6},"end":{"line":447,"column":null}},"type":"if","locations":[{"start":{"line":445,"column":6},"end":{"line":447,"column":null}},{"start":{"line":445,"column":6},"end":{"line":447,"column":null}}]}},"s":{"0":4,"1":4,"2":4,"3":11,"4":0,"5":11,"6":11,"7":11,"8":5,"9":5,"10":5,"11":0,"12":0,"13":5,"14":5,"15":0,"16":0,"17":5,"18":0,"19":0,"20":5,"21":0,"22":0,"23":5,"24":5,"25":5,"26":5,"27":0,"28":5,"29":0,"30":0,"31":0,"32":4,"33":0,"34":5,"35":5,"36":5,"37":0,"38":2,"39":0,"40":2,"41":0,"42":0,"43":2,"44":2,"45":0,"46":0,"47":0,"48":0,"49":0,"50":0,"51":0,"52":0,"53":5,"54":4,"55":54,"56":10,"57":0,"58":10,"59":10,"60":50,"61":50,"62":20,"63":10,"64":5,"65":5,"66":5,"67":0,"68":0,"69":5,"70":0,"71":5,"72":4,"73":4,"74":4,"75":0,"76":0,"77":1,"78":1,"79":4,"80":4,"81":4,"82":4,"83":4,"84":4,"85":16,"86":0,"87":0,"88":0,"89":0,"90":0,"91":0,"92":0,"93":0,"94":0,"95":0,"96":0,"97":0,"98":0,"99":0,"100":0,"101":0,"102":0,"103":0,"104":3,"105":3,"106":3,"107":0,"108":0,"109":3,"110":3,"111":3,"112":3,"113":3,"114":3,"115":3,"116":3,"117":0,"118":12,"119":0,"120":12,"121":12,"122":12,"123":12,"124":7,"125":7,"126":5,"127":2,"128":2,"129":2,"130":0,"131":2,"132":6,"133":2,"134":3,"135":3,"136":3,"137":3,"138":0,"139":0,"140":0,"141":0,"142":0,"143":0,"144":0,"145":0,"146":0,"147":0,"148":0,"149":0,"150":0,"151":0,"152":0,"153":0,"154":0,"155":0,"156":0,"157":0,"158":0,"159":0,"160":0,"161":0,"162":0,"163":0,"164":0,"165":0,"166":0,"167":0,"168":0,"169":0,"170":0,"171":0,"172":0,"173":3,"174":0,"175":0,"176":0,"177":0,"178":0,"179":3,"180":1,"181":3,"182":3,"183":3,"184":0,"185":3,"186":3,"187":3,"188":3,"189":3,"190":1,"191":0,"192":0,"193":0,"194":0,"195":0,"196":0,"197":0,"198":0,"199":0,"200":5,"201":0,"202":0,"203":0,"204":0,"205":0,"206":0,"207":5,"208":0,"209":5,"210":5,"211":0,"212":0,"213":0,"214":0,"215":0,"216":0,"217":0,"218":5,"219":5,"220":0,"221":0,"222":0,"223":4},"f":{"0":11,"1":5,"2":0,"3":4,"4":5,"5":5,"6":2,"7":0,"8":0,"9":0,"10":0,"11":5,"12":4,"13":54,"14":10,"15":5,"16":4,"17":1,"18":0,"19":0,"20":0,"21":3,"22":0,"23":12,"24":7,"25":3,"26":0,"27":0,"28":0,"29":0,"30":0,"31":3,"32":1,"33":0,"34":0,"35":5,"36":0,"37":5},"b":{"0":[0,11],"1":[11,11],"2":[5,0],"3":[0,5],"4":[0,5],"5":[5,5],"6":[0,5],"7":[5,5],"8":[0,5],"9":[5,5],"10":[5,0],"11":[0,0],"12":[0,4],"13":[4,4],"14":[5,0],"15":[0,2],"16":[2,2],"17":[0,0],"18":[0,0],"19":[0,0],"20":[0,10],"21":[20,30],"22":[50,50],"23":[0,5],"24":[4,0],"25":[4,0],"26":[4,0],"27":[0,0],"28":[0,0],"29":[3,0],"30":[0,12],"31":[12,12],"32":[5,2],"33":[7,7],"34":[0,2],"35":[3,0],"36":[0,0],"37":[0,0],"38":[0,0],"39":[0,0],"40":[0,0],"41":[0,0],"42":[0,0],"43":[0,0],"44":[0,0],"45":[0,0],"46":[0,0],"47":[0,0],"48":[0,0],"49":[0,0],"50":[0,0],"51":[0,3],"52":[3,0],"53":[3,0],"54":[0,0],"55":[0,0],"56":[0,0],"57":[0,0],"58":[0,5],"59":[0,0],"60":[0,0],"61":[5,0]}}
,"/Users/dominicjarmann/Documents/development/nails/src/core/math/Guid.ts": {"path":"/Users/dominicjarmann/Documents/development/nails/src/core/math/Guid.ts","statementMap":{"0":{"start":{"line":3,"column":4},"end":{"line":9,"column":7}},"1":{"start":{"line":6,"column":16},"end":{"line":6,"column":40}},"2":{"start":{"line":7,"column":12},"end":{"line":7,"column":43}},"3":{"start":{"line":8,"column":6},"end":{"line":8,"column":28}},"4":{"start":{"line":1,"column":0},"end":{"line":1,"column":13}}},"fnMap":{"0":{"name":"(anonymous_0)","decl":{"start":{"line":2,"column":9},"end":{"line":2,"column":15}},"loc":{"start":{"line":2,"column":23},"end":{"line":10,"column":3}}},"1":{"name":"(anonymous_1)","decl":{"start":{"line":3,"column":67},"end":{"line":3,"column":68}},"loc":{"start":{"line":3,"column":71},"end":{"line":9,"column":5}}}},"branchMap":{"0":{"loc":{"start":{"line":7,"column":24},"end":{"line":7,"column":25}},"type":"cond-expr","locations":[{"start":{"line":7,"column":24},"end":{"line":7,"column":25}},{"start":{"line":7,"column":28},"end":{"line":7,"column":43}}]}},"s":{"0":4,"1":124,"2":124,"3":124,"4":5},"f":{"0":4,"1":124},"b":{"0":[120,4]}}
}
